freeCodeCamp/freeCodeCamp
The https://freeCodeCamp.com open source codebase and curriculum. Learn to code and help nonprofits.
twbs/bootstrap
The most popular HTML, CSS, and JavaScript framework for developing responsive, mobile first projects on the web.
d3/d3
Bring data to life with SVG, Canvas and HTML. :bar_chart::chart_with_upwards_trend::tada:
facebook/react
A declarative, efficient, and flexible JavaScript library for building user interfaces.
angular/angular.js
AngularJS - HTML enhanced for web apps!
getify/You-Dont-Know-JS
A book series on JavaScript. @YDKJS on twitter.
robbyrussell/oh-my-zsh
A delightful community-driven (with 1,000+ contributors) framework for managing your zsh configuration. Includes 200+ optional plugins (rails, git, OSX, hub, capistrano, brew, ant, php, python, etc), over 140 themes to spice up your morning, and an auto-update tool so that makes it easy to keep up with the latest updates from the community.
FortAwesome/Font-Awesome
The iconic font and CSS toolkit
airbnb/javascript
JavaScript Style Guide
tensorflow/tensorflow
Computation using data flow graphs for scalable machine learning
facebook/react-native
A framework for building native apps with React.
jquery/jquery
jQuery JavaScript Library
vuejs/vue
A progressive, incrementally-adoptable JavaScript framework for building UI on the web.
torvalds/linux
Linux kernel source tree
electron/electron
Build cross platform desktop apps with JavaScript, HTML, and CSS
docker/docker
Docker - the open-source application container engine
daneden/animate.css
A cross-browser library of CSS animations. As easy to use as an easy thing.
meteor/meteor
Meteor, the JavaScript App Platform
apple/swift
The Swift Programming Language
h5bp/html5-boilerplate
A professional front-end template for building fast, robust, and adaptable web apps or sites.
atom/atom
The hackable text editor :atom:
rails/rails
Ruby on Rails
hakimel/reveal.js
The HTML Presentation Framework
nodejs/node
Node.js JavaScript runtime :sparkles::turtle::rocket::sparkles:
Semantic-Org/Semantic-UI
Semantic is a UI component framework based around useful principles from natural language.
impress/impress.js
It's a presentation framework based on the power of CSS3 transforms and transitions in modern browsers and inspired by the idea behind prezi.com.
nwjs/nw.js
Call all Node.js modules directly from DOM/WebWorker and enable a new way of writing applications with all Web technologies.
mrdoob/three.js
JavaScript 3D library.
socketio/socket.io
Realtime application framework (Node.JS server)
expressjs/express
Fast, unopinionated, minimalist web framework for node.
moment/moment
Parse, validate, manipulate, and display dates in javascript.
Homebrew/legacy-homebrew
:skull: The former home of Homebrew
laravel/laravel
A PHP Framework For Web Artisans
vinta/awesome-python
A curated list of awesome Python frameworks, libraries, software and resources
jekyll/jekyll
:globe_with_meridians: Jekyll is a blog-aware, static site generator in Ruby
AFNetworking/AFNetworking
A delightful networking framework for iOS, OS X, watchOS, and tvOS.
jkbrzt/httpie
Modern command line HTTP client – user-friendly curl alternative with intuitive UI, JSON support, syntax highlighting, wget-like downloads, extensions, etc.  https://httpie.org
driftyco/ionic
Build amazing native and progressive web apps with Angular and open web technologies. One app running on everything 🎉
reactjs/redux
Predictable state container for JavaScript apps
google/material-design-icons
Material Design icons by Google
chartjs/Chart.js
Simple HTML5 Charts using the <canvas> tag
adobe/brackets
An open source code editor for the web, written in JavaScript, HTML and CSS.
resume/resume.github.com
Resumes generated using the GitHub informations
NARKOZ/hacker-scripts
Based on a true story
jashkenas/backbone
Give your JS App some Backbone with Models, Views, Collections, and Events
blueimp/jQuery-File-Upload
File Upload widget with multiple file selection, drag&drop support, progress bar, validation and preview images, audio and video for jQuery. Supports cross-domain, chunked and resumable file uploads. Works with any server-side platform (Google App Engine, PHP, Python, Ruby on Rails, Java, etc.) that supports standard HTML form file uploads.
google/material-design-lite
Material Design Components in HTML/CSS/JS
gulpjs/gulp
The streaming build system
pallets/flask
A microframework based on Werkzeug, Jinja2 and good intentions
zurb/foundation-sites
The most advanced responsive front-end framework in the world. Quickly create prototypes and production code for sites that work on any kind of device.
golang/go
The Go programming language
Dogfalo/materialize
Materialize, a CSS Framework based on Material Design
nvbn/thefuck
Magnificent app which corrects your previous console command.
webpack/webpack
A bundler for javascript and friends. Packs many modules into a few bundled assets. Code Splitting allows to load parts for the application on demand. Through "loaders," modules can be CommonJs, AMD, ES6 modules, CSS, Images, JSON, Coffeescript, LESS, ... and your custom stuff.
django/django
The Web framework for perfectionists with deadlines.
rg3/youtube-dl
Command-line program to download videos from YouTube.com and other video sites
kennethreitz/requests
Python HTTP Requests for Humans™
callemall/material-ui
React Components that Implement Google's Material Design.
Microsoft/vscode
Visual Studio Code
yarnpkg/yarn
📦🐈 Fast, reliable, and secure dependency management.
getlantern/lantern
🔴Lantern Latest Download https://github.com/getlantern/lantern/releases/tag/latest 🔴蓝灯最新版本下载 https://github.com/getlantern/forum/issues/833 🔴 
TryGhost/Ghost
A simple, powerful publishing platform
nylas/nylas-mail
:love_letter: An extensible desktop mail app built on the modern web.
Alamofire/Alamofire
Elegant HTTP Networking in Swift
antirez/redis
Redis is an in-memory database that persists on disk. The data model is key-value, but many different kind of values are supported: Strings, Lists, Sets, Sorted Sets, Hashes, HyperLogLogs, Bitmaps.
neovim/neovim
Vim-fork focused on extensibility and usability.
lodash/lodash
A modern JavaScript utility library delivering modularity, performance, & extras.
ansible/ansible
Ansible is a radically simple IT automation platform that makes your applications and systems easier to deploy. Avoid writing scripts or custom code to deploy and update your applications— automate in a language that approaches plain English, using SSH, with no agents to install on remote systems.
ReactiveX/RxJava
RxJava – Reactive Extensions for the JVM – a library for composing asynchronous and event-based programs using observable sequences for the Java VM.
ariya/phantomjs
Scriptable Headless WebKit
elastic/elasticsearch
Open Source, Distributed, RESTful Search Engine
discourse/discourse
A platform for community discussion. Free, open, simple.
harvesthq/chosen
Chosen is a library for making long, unwieldy select boxes more friendly.
caolan/async
Async utilities for node and the browser
angular/angular
One framework. Mobile & desktop.
kubernetes/kubernetes
Production-Grade Container Scheduling and Management
rust-lang/rust
A safe, concurrent, practical language.
jashkenas/underscore
JavaScript's utility _ belt
tastejs/todomvc
Helping you select an MV* framework - Todo apps for Backbone.js, Ember.js, AngularJS, and many more
facebookincubator/create-react-app
Create React apps with no build configuration.
josephmisiti/awesome-machine-learning
A curated list of awesome Machine Learning frameworks, libraries and software.
minimaxir/big-list-of-naughty-strings
The Big List of Naughty Strings is a list of strings which have a high probability of causing issues when used as user-input data.
babel/babel
:tropical_fish: Babel is a compiler for writing next generation JavaScript.
Modernizr/Modernizr
Modernizr is a JavaScript library that detects HTML5 and CSS3 features in the user’s browser.
select2/select2
Select2 is a jQuery based replacement for select boxes. It supports searching, remote data sets, and infinite scrolling of results.
ReactTraining/react-router
Declarative routing for React
gitlabhq/gitlabhq
GitLab CE | Please open new issues in our issue tracker on GitLab.com
typicode/json-server
Get a full fake REST API with zero coding in less than 30 seconds (seriously)
Microsoft/TypeScript
TypeScript is a superset of JavaScript that compiles to clean JavaScript output.
sahat/hackathon-starter
A boilerplate for Node.js web applications
firehol/netdata
Get control of your servers. Simple. Effective. Awesome. https://my-netdata.io/
square/retrofit
Type-safe HTTP client for Android and Java by Square, Inc.
scrapy/scrapy
Scrapy, a fast high-level web crawling & scraping framework for Python.
bayandin/awesome-awesomeness
A curated list of awesome awesomeness
avelino/awesome-go
A curated list of awesome Go frameworks, libraries and software
prakhar1989/awesome-courses
:books: List of awesome university courses for learning Computer Science!
vsouza/awesome-ios
A curated list of awesome iOS ecosystem, including Objective-C and Swift Projects 
alvarotrigo/fullPage.js
fullPage plugin by Alvaro Trigo. Create full screen pages fast and simple
gogits/gogs
Gogs is a painless self-hosted Git service.
certbot/certbot
Certbot, previously the Let's Encrypt Client, is EFF's tool to obtain certs from Let's Encrypt, and (optionally) auto-enable HTTPS on your server.  It can also act as a client for any other CA that uses the ACME protocol.
FezVrasta/bootstrap-material-design
Material design theme for Bootstrap 3 and 4
rethinkdb/rethinkdb
The open-source database for the realtime web.
emberjs/ember.js
Ember.js - A JavaScript framework for creating ambitious web applications
Leaflet/Leaflet
 :leaves: JavaScript library for mobile-friendly interactive maps
adam-p/markdown-here
Google Chrome, Firefox, and Thunderbird extension that lets you write email in Markdown and render it before sending.
square/okhttp
An HTTP+HTTP/2 client for Android and Java applications.
creationix/nvm
Node Version Manager - Simple bash script to manage multiple active node.js versions
kenwheeler/slick
the last carousel you'll ever need
facebook/pop
An extensible iOS and OS X animation library, useful for physics-based interactions.
Unitech/pm2
Production process manager for Node.js apps with a built-in load balancer.
facebook/immutable-js
Immutable persistent data collections for Javascript which increase efficiency and simplicity.
Polymer/polymer
Build modern apps using web components
mozilla/pdf.js
PDF Reader in JavaScript
rs/SDWebImage
Asynchronous image downloader with cache support as a UIImageView category
iluwatar/java-design-patterns
Design patterns implemented in Java
Prinzhorn/skrollr
Stand-alone parallax scrolling library for mobile (Android + iOS) and desktop. No jQuery. Just plain JavaScript (and some love).
plataformatec/devise
Flexible authentication solution for Rails with Warden.
ReactiveCocoa/ReactiveCocoa
Streams of values over time
balderdashy/sails
Realtime MVC Framework for Node.js
numbbbbb/the-swift-programming-language-in-chinese
中文版 Apple 官方 Swift 教程《The Swift Programming Language》
scikit-learn/scikit-learn
scikit-learn: machine learning in Python
justjavac/free-programming-books-zh_CN
:books: 免费的计算机编程类中文书籍，欢迎投稿
shadowsocks/shadowsocks

git/git
Git Source Code Mirror - This is a publish-only repository and all pull requests are ignored. Please follow Documentation/SubmittingPatches procedure for any of your improvements.
zenorocha/clipboard.js
:scissors: Modern copy to clipboard. No Flash. Just 3kb gzipped :clipboard:
yahoo/pure
A set of small, responsive CSS modules that you can use in every web project.
ecomfe/echarts
A powerful, interactive charting and visualization library for browser
BVLC/caffe
Caffe: a fast open framework for deep learning.
IanLunn/Hover
A collection of CSS3 powered hover effects to be applied to links, buttons, logos, SVG, featured images and so on. Easily apply to your own elements, modify or just use for inspiration. Available in CSS, Sass, and LESS.
google/web-starter-kit
Web Starter Kit - a workflow for multi-device websites
cantino/huginn
Create agents that monitor and act on your behalf.  Your agents are standing by!
hammerjs/hammer.js
A javascript library for multi-touch gestures :// You can touch this
bevacqua/dragula
:ok_hand: Drag and drop so simple it hurts
angular/material
Material design for AngularJS
videojs/video.js
Video.js - open source HTML5 & Flash video player
t4t5/sweetalert
A beautiful replacement for JavaScript's "alert"
bower/bower
A package manager for the web
syncthing/syncthing
Open Source Continuous File Synchronization
BradLarson/GPUImage
An open source iOS framework for GPU-based image and video processing
usablica/intro.js
A better way for new feature introduction and step-by-step users guide for your website and project.
nostra13/Android-Universal-Image-Loader
Powerful and flexible library for loading, caching and displaying images on Android.
google/protobuf
Protocol Buffers - Google's data interchange format
spf13/hugo
A Fast and Flexible Static Site Generator built with love in GoLang
zeit/hyper
A terminal built on web technologies
defunkt/jquery-pjax
pushState + ajax = pjax
almasaeed2010/AdminLTE
AdminLTE - Free Premium Admin control Panel Theme Based On Bootstrap 3.x
hexojs/hexo
A fast, simple & powerful blog framework, powered by Node.js.
vshatskyi/black-screen
A terminal emulator for the 21st century.
less/less.js
Leaner CSS
Reactive-Extensions/RxJS
The Reactive Extensions for JavaScript
grafana/grafana
The tool for beautiful monitoring and metric analytics & dashboards for Graphite, InfluxDB & Prometheus & More
serverless/serverless
Serverless Framework – Build web, mobile and IoT applications with serverless architectures using AWS Lambda, Azure Functions, Google CloudFunctions & more! – 
photonstorm/phaser
Phaser is a fun, free and fast 2D game framework for making HTML5 games for desktop and mobile web browsers, supporting Canvas and WebGL rendering.
google/guava
Google Core Libraries for Java
facebook/hhvm
A virtual machine designed for executing programs written in Hack and PHP. 
ajaxorg/ace
Ace (Ajax.org Cloud9 Editor)
GitbookIO/gitbook
📝 Modern documentation format and toolchain using Git and Markdown
SamyPesse/How-to-Make-a-Computer-Operating-System
How to Make a Computer Operating System in C++
JakeWharton/butterknife
Bind Android views and callbacks to fields and methods.
request/request
🏊🏾 Simplified HTTP request client.
SnapKit/Masonry
Harness the power of AutoLayout NSLayoutConstraints with a simplified, chainable and expressive syntax. Supports iOS and OSX Auto Layout
ftlabs/fastclick
Polyfill to remove click delays on browsers with touch UIs
Kickball/awesome-selfhosted
This is a list of Free Software network services and web applications which can be hosted locally. Selfhosting is the process of locally hosting and managing applications instead of renting from SaaS providers.
mitchellh/vagrant
Vagrant is a tool for building and distributing development environments.
VundleVim/Vundle.vim
Vundle, the plug-in manager for Vim
astaxie/build-web-application-with-golang
A golang ebook intro how to build a web with golang
fastlane/fastlane
🚀 The easiest way to automate building and releasing your iOS and Android apps
twitter/typeahead.js
typeahead.js is a fast and fully-featured autocomplete library
symfony/symfony
The Symfony PHP framework
angular-ui/bootstrap
Native AngularJS (Angular) directives for Bootstrap. Smaller footprint (20kB gzipped), no 3rd party JS dependencies (jQuery, bootstrap JS) required. Please read the README.md file before submitting an issue!
bcit-ci/CodeIgniter
Open Source PHP Framework (originally from EllisLab)
petkaantonov/bluebird
:bird: :zap: Bluebird is a full featured promise library with unmatched performance.
PhilJay/MPAndroidChart
A powerful Android chart view / graph view library, supporting line- bar- pie- radar- bubble- and candlestick charts as well as scaling, dragging and animations.
jashkenas/coffeescript
Unfancy JavaScript
koajs/koa
Expressive middleware for node.js using ES2017 async functions
twbs/ratchet
Build mobile apps with simple HTML, CSS, and JavaScript components. 
aosabook/500lines
500 Lines or Less
pugjs/pug
Pug – robust, elegant, feature rich template engine for Node.js
postcss/postcss
Transforming styles with JS plugins
opencv/opencv
Open Source Computer Vision Library
square/leakcanary
A memory leak detection library for Android and Java.
SwiftyJSON/SwiftyJSON
The better way to deal with JSON data in Swift
weui/weui
A UI library by WeChat official design team, includes the most useful widgets/modules in mobile web applications.
facebook/flux
Application Architecture for Building User Interfaces
bumptech/glide
An image loading and caching library for Android focused on smooth scrolling
greenrobot/EventBus
Android optimized event bus that simplifies communication between Activities, Fragments, Threads, Services, etc. Less code, better quality.
dokku/dokku
A docker-powered PaaS that helps you build and manage the lifecycle of applications
dimsemenov/PhotoSwipe
JavaScript image gallery for mobile and desktop, modular, framework independent
pixijs/pixi.js
Super fast HTML 5 2D rendering engine that uses webGL with canvas fallback
mzabriskie/axios
Promise based HTTP client for the browser and node.js
Valloric/YouCompleteMe
A code-completion engine for Vim
tornadoweb/tornado
Tornado is a Python web framework and asynchronous networking library, originally developed at FriendFeed.
kriskowal/q
A promise library for JavaScript
danielgindi/Charts
Beautiful charts for iOS/tvOS/OSX! The Apple side of the crossplatform MPAndroidChart.
isocpp/CppCoreGuidelines
The C++ Core Guidelines are a set of tried-and-true guidelines, rules, and best practices about coding in C++
jdg/MBProgressHUD
MBProgressHUD + Customizations
angular-ui/ui-router
The de-facto solution to flexible routing with nested views in AngularJS
ParsePlatform/parse-server
Parse-compatible API server module for Node/Express
rstacruz/nprogress
For slim progress bars like on YouTube, Medium, etc
google/iosched
The Google I/O 2016 Android App
lord/slate
Beautiful static documentation for your API
tobiasahlin/SpinKit
A collection of loading indicators animated with CSS
designmodo/Flat-UI
Flat UI Free - Design Framework (html/css3/less/js). Flat UI is based on Bootstrap, a comfortable, responsive, and functional framework that simplifies the development of websites.
kriasoft/react-starter-kit
React Starter Kit — isomorphic web app boilerplate (Node.js, Express, GraphQL, React.js, Babel, PostCSS, Webpack, Browsersync)
square/picasso
A powerful image downloading and caching library for Android
angular/angular-seed
Seed project for angular apps. 
feross/webtorrent
:zap: Streaming torrent client for the web
github/fetch
A window.fetch JavaScript polyfill.
reddit/reddit
the code that powers reddit.com
XX-net/XX-Net
a web proxy tool
alibaba/weex
A framework for building Mobile cross-platform UI
coreos/etcd
Distributed reliable key-value store for the most critical data of a distributed system
julianshapiro/velocity
Accelerated JavaScript animation.
quilljs/quill
Your powerful, rich text editor
spring-projects/spring-framework
The Spring Framework
github/hubot
A customizable life embetterment robot.
jasmine/jasmine
Simple JavaScript testing framework for browsers and node.js
knsv/mermaid
Generation of diagram and flowchart from text in a similar manner as markdown
dkhamsing/open-source-ios-apps
:iphone: Collaborative List of Open-Source iOS Apps
react-boilerplate/react-boilerplate
:fire: A highly scalable, offline-first foundation with the best developer experience and a focus on performance and best practices.
madrobby/zepto
Zepto.js is a minimalist JavaScript library for modern browsers, with a jQuery-compatible API
zxing/zxing
Official ZXing ("Zebra Crossing") project home
fchollet/keras
Deep Learning library for Python. Convnets, recurrent neural networks, and more. Runs on Theano or TensorFlow.
postcss/autoprefixer
 Parse CSS and add vendor prefixes to rules by Can I Use
enyo/dropzone
Dropzone is an easy to use drag'n'drop library. It supports image previews and shows nice progress bars.
facebook/fresco
An Android library for managing images and the memory they use.
twbs/bootstrap-sass
Official Sass port of Bootstrap 2 and 3.
chjj/marked
A markdown parser and compiler. Built for speed.
Thibaut/devdocs
API Documentation Browser
apache/spark
Mirror of Apache Spark
npm/npm
a package manager for javascript
domnikl/DesignPatternsPHP
sample code for several design patterns in PHP
getsentry/sentry
Sentry is a cross-platform crash reporting and aggregation platform.
ruby/ruby
The Ruby Programming Language
mochajs/mocha
simple, flexible, fun javascript test framework for node.js & the browser
kripken/emscripten
Emscripten: An LLVM-to-JavaScript Compiler
jlmakes/scrollreveal
Easy scroll animations for web and mobile browsers.
ryanmcdermott/clean-code-javascript
:bathtub: Clean Code concepts adapted for JavaScript
riot/riot
Simple and elegant component-based UI library
wycats/handlebars.js

Automattic/mongoose
MongoDB object modeling designed to work in an asynchronous environment.
desandro/masonry
:love_hotel: Cascading grid layout library
gruntjs/grunt
Grunt: The JavaScript Task Runner
HubSpot/pace
Automatically add a progress bar to your site. #hubspot-open-source
bitcoin/bitcoin
Bitcoin Core integration/staging tree
php/php-src
The PHP Interpreter
ggreer/the_silver_searcher
A code-searching tool similar to ack, but faster.
CamDavidsonPilon/Probabilistic-Programming-and-Bayesian-Methods-for-Hackers
aka "Bayesian Methods for Hackers": An introduction to Bayesian methods + probabilistic programming with a computation/understanding-first, mathematics-second point of view. All in pure Python ;)  
dotnet/corefx
This repo contains the .NET Core foundational libraries, called CoreFX. It includes classes for collections, file systems, console, XML, async and many others.
tensorflow/models
Models built with TensorFlow
textmate/textmate
TextMate is a graphical text editor for OS X 10.8+
ccgus/fmdb
A Cocoa / Objective-C wrapper around SQLite
matteocrippa/awesome-swift
A collaborative list of awesome swift resources. Feel free to contribute!
naptha/tesseract.js
Pure Javascript OCR for 62 Languages 📖🎉🖥
ipython/ipython
Official repository for IPython itself. Other repos in the IPython organization contain things like the website, documentation builds, etc.
cheeriojs/cheerio
Fast, flexible, and lean implementation of core jQuery designed specifically for the server.
tonsky/FiraCode
Monospaced font with programming ligatures
diaspora/diaspora
A privacy-aware, distributed, open source social network.
airbnb/superset
Superset is a data exploration platform designed to be visual, intuitive, and interactive
legomushroom/mojs
motion graphics toolbelt for the web
node-inspector/node-inspector
Node.js debugger based on Blink Developer Tools
wagerfield/parallax
Parallax Engine that reacts to the orientation of a smart device
codemirror/CodeMirror
In-browser code editor
etsy/statsd
Daemon for easy but powerful stats aggregation
Bilibili/ijkplayer
Android/iOS video player based on FFmpeg n3.2, with MediaCodec, VideoToolbox support.
wg/wrk
Modern HTTP benchmarking tool
h5bp/Effeckt.css
A Performant Transitions and Animations Library
RocketChat/Rocket.Chat
Have your own Slack like online chat, built with Meteor.
ReactiveX/RxAndroid
RxJava bindings for Android
nolimits4web/Swiper
Most modern mobile touch slider with hardware accelerated transitions
raywenderlich/swift-algorithm-club
Algorithms and data structures in Swift, with explanations!
kilimchoi/engineering-blogs
A curated list of engineering blogs
mongodb/mongo
The MongoDB Database
substack/node-browserify
browser-side require() the node.js way
juliangarnier/anime
Javascript Animation Engine
libgdx/libgdx
Desktop/Android/HTML5/iOS Java game development framework
scottjehl/Respond
A fast & lightweight polyfill for min/max-width CSS3 Media Queries (for IE 6-8, and more)
syl20bnr/spacemacs
A community-driven Emacs distribution - The best editor is neither Emacs nor Vim,  it's Emacs *and* Vim!
altercation/solarized
precision color scheme for multiple applications (terminal, vim, etc.) with both dark/light modes
Shopify/dashing
The exceptionally handsome dashboard framework in Ruby and Coffeescript.
facebook/AsyncDisplayKit
Smooth asynchronous user interfaces for iOS apps.
driftyco/ionicons
The premium icon font for Ionic
MostlyAdequate/mostly-adequate-guide
Mostly adequate guide to FP (in javascript)
caskroom/homebrew-cask
A CLI workflow for the administration of Mac applications distributed as binaries
drduh/macOS-Security-and-Privacy-Guide
A practical guide to securing macOS.
segmentio/nightmare
A high-level browser automation library.
faif/python-patterns
A collection of design patterns/idioms in Python
janl/mustache.js
Minimal templating with {{mustaches}} in JavaScript
chriskempson/tomorrow-theme
Tomorrow Theme the precursor to Base16 Theme
Mantle/Mantle
Model framework for Cocoa and Cocoa Touch
loverajoel/jstips
This is about useful JS tips!
soimort/you-get
:arrow_double_down: Dumb downloader that scrapes the web
requirejs/requirejs
A file and module loader for JavaScript
facebook/flow
Adds static typing to JavaScript to improve developer productivity and code quality.
jfeinstein10/SlidingMenu
An Android library that allows you to easily create applications with slide-in menus. You may use it in your Android apps provided that you cite this project and include the license in your app. Thanks!
magicalpanda/MagicalRecord
Super Awesome Easy Fetching for Core Data 1!!!11!!!!1!
adobe-fonts/source-code-pro
Monospaced font family for user interface and coding environments
MengTo/Spring
A library to simplify iOS animations in Swift.
ant-design/ant-design
🐜 A UI Design Language
jondot/awesome-react-native
An "awesome" type curated list of React Native components, news, tools, and learning material
jquery/jquery-mobile
jQuery Mobile Framework
spring-projects/spring-boot
Spring Boot
apache/incubator-predictionio
PredictionIO, a machine learning server for developers and ML engineers. Built on Apache Spark, HBase and Spray.
yabwe/medium-editor
Medium.com WYSIWYG editor clone. Uses contenteditable API to implement a rich text solution.
RestKit/RestKit
RestKit is a framework for consuming and modeling RESTful web resources on iOS and OS X
mattermost/platform
Open source Slack-alternative in Golang and React - Mattermost
verekia/js-stack-from-scratch
Step-by-step tutorial to build a modern JavaScript stack from scratch
mholt/caddy
Fast, cross-platform HTTP/2 web server with automatic HTTPS
VerbalExpressions/JSVerbalExpressions
JavaScript Regular expressions made easy
realm/realm-cocoa
Realm is a mobile database: a replacement for Core Data & SQLite
CoderMJLee/MJRefresh
An easy way to use pull-to-refresh.
github/hub
hub helps you win at git.
jquery/jquery-ui
The official jQuery user interface library.
jessesquires/JSQMessagesViewController
An elegant messages UI library for iOS
linnovate/mean
MEAN (Mongo, Express, Angular, Node) - A Simple, Scalable and Easy starting point for full stack javascript web development - utilizing many of the best practices we've found on the way
influxdata/influxdb
Scalable datastore for metrics, events, and real-time analytics
remy/nodemon
Monitor for any changes in your node.js application and automatically restart the server - perfect for development
jaredhanson/passport
Simple, unobtrusive authentication for Node.js.
visionmedia/superagent
Ajax with less suck - (and node.js HTTP client to match)
alcatraz/Alcatraz
Package manager for Xcode
git-tips/tips
Most commonly used git tips and tricks.
addyosmani/backbone-fundamentals
:book: A creative-commons book on Backbone.js for beginners and advanced users alike
DefinitelyTyped/DefinitelyTyped
The repository for high quality TypeScript type definitions.
Flipboard/react-canvas
High performance <canvas> rendering for React components
loopj/android-async-http
An Asynchronous HTTP Library for Android
substack/stream-handbook
how to write node programs with streams
browserstate/history.js
History.js gracefully supports the HTML5 History/State APIs (pushState, replaceState, onPopState) in all browsers. Including continued support for data, titles, replaceState. Supports jQuery, MooTools and Prototype.  For HTML5 browsers this means that you can modify the URL directly, without needing to use hashes anymore. For HTML4 browsers it will revert back to using the old onhashchange functionality.
yiisoft/yii2
Yii 2: The Fast, Secure and Professional PHP Framework
astaxie/beego
beego is an open-source, high-performance web framework for the Go programming language.
imathis/octopress
Octopress is an obsessively designed framework for Jekyll blogging. It’s easy to configure and easy to deploy. Sweet huh?
cocos2d/cocos2d-x
cocos2d-x for C++
ampproject/amphtml
AMP HTML source code, samples, and documentation.  See below for more info.
jwagner/smartcrop.js
Content aware image cropping
puikinsh/gentelella
Free Bootstrap 3 Admin Template
Microsoft/CNTK
Microsoft Cognitive Toolkit (CNTK), an open source deep-learning toolkit
LightTable/LightTable
The Light Table IDE
julycoding/The-Art-Of-Programming-By-July
本项目曾冲到全球第一，干货集锦见本页面最底部，另完整精致的纸质版《编程之法：面试和算法心得》已在京东/当当上销售
NativeScript/NativeScript
NativeScript is an open source framework for building truly native mobile apps with JavaScript. Use web skills, like Angular, FlexBox and CSS, and get native UI and performance on iOS and Android.
feross/standard
:star2: JavaScript Standard Style
songrotek/Deep-Learning-Papers-Reading-Roadmap
Deep Learning papers reading roadmap for anyone who are eager to learn this amazing tech!
philipwalton/solved-by-flexbox
A showcase of problems once hard or impossible to solve with CSS alone, now made trivially easy with Flexbox.
adobe-webplatform/Snap.svg
The JavaScript library for modern SVG graphics.
ibireme/YYKit
A collection of iOS components.
JacksonTian/fks
前端技能汇总 Frontend Knowledge Structure
uxsolutions/bootstrap-datepicker
A datepicker for twitter bootstrap (@twbs)
sass/sass
Sass makes CSS fun again.
elixir-lang/elixir
Elixir is a dynamic, functional language designed for building scalable and maintainable applications
selectize/selectize.js
Selectize is the hybrid of a textbox and <select> box. It's jQuery based and it has autocomplete and native-feeling keyboard navigation; useful for tagging, contact lists, etc.
RubaXa/Sortable
Sortable — is a JavaScript library for reorderable drag-and-drop lists on modern browsers and touch devices. No jQuery. Supports Meteor, AngularJS, React, Polymer, Knockout and any CSS library, e.g. Bootstrap.
SVProgressHUD/SVProgressHUD
A clean and lightweight progress HUD for your iOS and tvOS app.
capistrano/capistrano
Remote multi-server automation tool
jiahaog/nativefier
Make any web page a desktop application
keen/dashboards
Responsive dashboard templates for Bootstrap
foreverjs/forever
A simple CLI tool for ensuring that a given script runs continuously (i.e. forever)
DrkSephy/es6-cheatsheet
ES2015 [ES6] cheatsheet containing tips, tricks, best practices and code snippets
cmderdev/cmder
Lovely console emulator package for Windows
isagalaev/highlight.js
Javascript syntax highlighter
gionkunz/chartist-js
Simple responsive charts
benweet/stackedit
In-browser markdown editor
Marak/faker.js
generate massive amounts of fake data in Node.js and the browser
infernojs/inferno
An extremely fast, React-like JavaScript library for building modern user interfaces
rbenv/rbenv
Groom your app’s Ruby environment
go-martini/martini
Classy web framework for Go
inconshreveable/ngrok
Introspected tunnels to localhost
CocoaPods/CocoaPods
The Cocoa Dependency Manager.
yaronn/blessed-contrib
Build terminal dashboards using ascii/ansi art and javascript
petehunt/webpack-howto

netty/netty
Netty project - an event-driven asynchronous network application framework
cayleygraph/cayley
An open-source graph database
parkjs814/AlgorithmVisualizer
Algorithm Visualizer
dimsemenov/Magnific-Popup
Light and responsive lightbox script with focus on performance.
wekan/wekan
The open-source Trello-like kanban (built with Meteor)
aurelia/framework
The aurelia framework brings together all the required core aurelia libraries into a ready-to-go application-building platform.
keystonejs/keystone
node.js cms and web app framework
facebook/draft-js
A React framework for building text editors.
chrisbanes/PhotoView
Implementation of ImageView for Android that supports zooming, by various touch gestures.
Selz/plyr
A simple HTML5, YouTube and Vimeo player
docker/compose
Define and run multi-container applications with Docker
nathanmarz/storm
Distributed and fault-tolerant realtime computation: stream processing, continuous computation, distributed RPC, and more
peachananr/onepage-scroll
Create an Apple-like one page scroller website (iPhone 5S website) with One Page Scroll plugin
scottjehl/picturefill
A responsive image polyfill for <picture>, srcset, sizes, and more
cubiq/iscroll
Smooth scrolling for the web
playframework/playframework
Play Framework
WickyNilliams/headroom.js
Give your pages some headroom. Hide your header until you need it
androidannotations/androidannotations
Fast Android Development. Easy maintainance.
nolimits4web/Framework7
Full featured HTML framework for building iOS & Android apps
DmitryBaranovskiy/raphael
JavaScript Vector Library
amazeui/amazeui
Amaze UI, a mobile-first and modular front-end framework.
erikras/react-redux-universal-hot-example
A starter boilerplate for a universal webapp using express, react, redux, webpack, and react-transform
Carthage/Carthage
A simple, decentralized dependency manager for Cocoa
chrissimpkins/Hack
A typeface designed for source code
nicklockwood/iCarousel
A simple, highly customisable, data-driven 3D carousel for iOS and Mac OS
SnapKit/SnapKit
A Swift Autolayout DSL for iOS & OS X
gin-gonic/gin
Gin is a HTTP web framework written in Go (Golang). It features a Martini-like API with much better performance -- up to 40 times faster. If you need smashing performance, get yourself some Gin.
tldr-pages/tldr
:books: Simplified and community-driven man pages
zeit/next.js
Framework for server-rendered React apps
avajs/ava
:rocket: Futuristic JavaScript test runner
sequelize/sequelize
An easy-to-use multi SQL dialect ORM for Node.js
react-bootstrap/react-bootstrap
Bootstrap 3 components built with React
vim-airline/vim-airline
lean & mean status/tabline for vim that's light as air
phoenixframework/phoenix
Productive. Reliable. Fast.
sinatra/sinatra
Classy web-development dressed in a DSL (official / canonical repo)
CocoaLumberjack/CocoaLumberjack
A fast & simple, yet powerful & flexible logging framework for Mac and iOS
WordPress/WordPress
WordPress, Git-ified. Synced via SVN every 15 minutes, including branches and tags! This repository is just a mirror of the WordPress subversion repository. Please do not send pull requests. Submit patches to http://core.trac.wordpress.org/ instead.
bang590/JSPatch
JSPatch bridge Objective-C and Javascript using the Objective-C runtime. You can call any Objective-C class and method in JavaScript by just including a small engine. JSPatch is generally used to hotfix iOS App.
fbsamples/f8app
Source code of the official F8 app of 2016, powered by React Native and other Facebook open source projects.
JakeWharton/ViewPagerIndicator
Paging indicator widgets compatible with the ViewPager from the Android Support Library and ActionBarSherlock.
drone/drone
Drone is a Continuous Delivery platform built on Docker, written in Go
fgnass/spin.js
A spinning activity indicator
equinusocio/material-theme
Material Theme, the most epic theme for Sublime Text 3 by Mattia Astorino
gabrielecirulli/2048
A small clone of 1024 (https://play.google.com/store/apps/details?id=com.veewo.a1024)
mysqljs/mysql
A pure node.js JavaScript Client implementing the MySql protocol.
thomaspark/bootswatch
Themes for Bootstrap
ruanyf/react-demos
a collection of simple demos of React.js
afollestad/material-dialogs
A beautiful, fluid, and customizable dialogs API.
FormidableLabs/webpack-dashboard
A CLI dashboard for webpack dev server
VincentGarreau/particles.js
A lightweight JavaScript library for creating particles
jaywcjlove/awesome-mac
 This repo is a collection of awesome Mac applications and tools for developers and designers.
aymericdamien/TensorFlow-Examples
TensorFlow Tutorial and Examples for beginners
grpc/grpc
The C based gRPC (C++, Node.js, Python, Ruby, Objective-C, PHP, C#)
pockethub/PocketHub
PocketHub Android App
pandas-dev/pandas
Flexible and powerful data analysis / manipulation library for Python, providing labeled data structures similar to R data.frame objects, statistical functions, and much more
sdelements/lets-chat
Self-hosted chat app for small teams
guzzle/guzzle
Guzzle, an extensible PHP HTTP client
Automattic/wp-calypso
The new JavaScript- and API-powered WordPress.com
ptmt/react-native-macos
React Native for macOS
uikit/uikit
A lightweight and modular front-end framework for developing fast and powerful web interfaces
hashicorp/consul
Consul is a tool for service discovery, monitoring and configuration.
tesseract-ocr/tesseract
Tesseract Open Source OCR Engine (main repository)
google/leveldb
LevelDB is a fast key-value storage library written at Google that provides an ordered mapping from string keys to string values.
thoughtbot/paperclip
Easy file attachment management for ActiveRecord
Netflix/Hystrix
Hystrix is a latency and fault tolerance library designed to isolate points of access to remote systems, services and 3rd party libraries, stop cascading failure and enable resilience in complex distributed systems where failure is inevitable.
allenwong/30DaysofSwift
A self-taught project to learn Swift.
cockroachdb/cockroach
CockroachDB - the scalable, survivable, strongly-consistent SQL database
vim/vim
The official Vim repository
localForage/localForage
💾 Offline storage, improved. Wraps IndexedDB, WebSQL, or localStorage using a simple but powerful API.
NUKnightLab/TimelineJS
TimelineJS: A Storytelling Timeline built in JavaScript. 
jessepollak/card
:credit_card: make your credit card form better in one line of code
HubSpot/youmightnotneedjquery

ericelliott/essential-javascript-links
Essential JavaScript website.
pouchdb/pouchdb
:koala: - PouchDB is a pocket-sized database.
Bilibili/flv.js
HTML5 FLV Player
lgvalle/Material-Animations
Android Transition animations explanation with examples.
BrowserSync/browser-sync
Keep multiple browsers & devices in sync when building websites. http://browsersync.io
storybooks/react-storybook
UI Component Dev Environment for React
onevcat/VVDocumenter-Xcode
Xcode plug-in which helps you write documentation comment easier, for both Objective-C and Swift.
binux/pyspider
A Powerful Spider(Web Crawler) System in Python.
strongloop/loopback
LoopBack is an open source Node.js framework built on top of Express optimized for building APIs for mobile, web, and other devices. Connect to multiple data sources, write business logic in Node.js, glue on top of your existing services and data, connect using JS, iOS & Android SDKs.
stedolan/jq
Command-line JSON processor
rollup/rollup
Next-generation ES6 module bundler
irungentoo/toxcore
The future of online communications.
JuliaLang/julia
The Julia Language: A fresh approach to technical computing.
hackiftekhar/IQKeyboardManager
Codeless drop-in universal library allows to prevent issues of keyboard sliding up and cover UITextField/UITextView. Neither need to write any code nor any setup required and much more.
nickbutcher/plaid
An Android app which provides design news & inspiration as well as being an example of implementing material design.
fabric/fabric
Simple, Pythonic remote execution and deployment.
spree/spree
Spree is a complete open source ecommerce solution for Ruby on Rails.
ElemeFE/element
A Vue.js 2.0 UI Toolkit for Web
facebook/folly
An open-source C++ library developed and used at Facebook.
nsqio/nsq
A realtime distributed messaging platform
airbnb/enzyme
JavaScript Testing utilities for React
karma-runner/karma
Spectacular Test Runner for JavaScript
amix/vimrc
The ultimate Vim configuration: vimrc
carhartl/jquery-cookie
No longer maintained, superseded by JS Cookie:
FreeCodeCampChina/freecodecamp.cn
看源码请到Code，提问请到Issues，提交代码请到Pull requests，看学习心得请到Wiki。多谢合作，么么哒，^_^。
buunguyen/octotree
Code tree for GitHub and GitLab
janpaepke/ScrollMagic
The javascript library for magical scroll interactions.
roots/sage
WordPress starter theme with a modern development workflow
mgonto/restangular
AngularJS service to handle Rest API Restful Resources properly and easily
imakewebthings/waypoints
Waypoints is a library that makes it easy to execute a function whenever you scroll to an element.
ViccAlexander/Chameleon
Flat Color Framework for iOS (Obj-C & Swift)
robbiehanson/CocoaAsyncSocket
Asynchronous socket networking library for Mac and iOS
dmlc/mxnet
Lightweight, Portable, Flexible Distributed/Mobile Deep Learning with Dynamic, Mutation-aware Dataflow Dep Scheduler; for Python, R, Julia, Scala, Go, Javascript and more
daylerees/colour-schemes
Colour schemes for a variety of editors created by Dayle Rees.
phacility/phabricator
Open software engineering platform and fun adventure game
marcuswestin/WebViewJavascriptBridge
An iOS/OSX bridge for sending messages between Obj-C and JavaScript in UIWebViews/WebViews
knockout/knockout
Knockout makes it easier to create rich, responsive UIs with JavaScript
kevinzhow/PNChart
A simple and beautiful chart lib used in Piner and CoinsMan for iOS
google/styleguide
Style guides for Google-originated open-source projects
prometheus/prometheus
The Prometheus monitoring system and time series database.
Blankj/AndroidUtilCode
Android developers should collect the following utils(updating)
jgm/pandoc
Universal markup converter
maxwellito/vivus
JavaScript library to make drawing animation on SVG
thoughtbot/bourbon
A Lightweight Sass Tool Set:
facebook/jest
🃏 Painless JavaScript Testing.
gorhill/uBlock
uBlock Origin - An efficient blocker for Chromium and Firefox. Fast and lean.
gollum/gollum
A simple, Git-powered wiki with a sweet API and local frontend.
metafizzy/isotope
:revolving_hearts: Filter & sort magical layouts
sahat/satellizer
Token-based AngularJS Authentication
aFarkas/html5shiv
This script is the defacto way to enable use of HTML5 sectioning elements in legacy Internet Explorer.
chrisbanes/Android-PullToRefresh
DEPRECATED
revel/revel
A high productivity, full-stack web framework for the Go language.
shadowsocks/shadowsocks-windows
If you want to keep a secret, you must also hide it from yourself.
sqlmapproject/sqlmap
Automatic SQL injection and database takeover tool
sindresorhus/pageres
Capture website screenshots
facebook/relay
Relay is a JavaScript framework for building data-driven React applications.
Rochester-NRT/RocAlphaGo
An independent, student-led replication of DeepMind's 2016 Nature publication, "Mastering the game of Go with deep neural networks and tree search" (Nature 529, 484-489, 28 Jan 2016), details of which can be found on their website https://deepmind.com/publications.html.
chrisaljoudi/uBlock
uBlock: a fast, lightweight, and lean blocker for Chrome, Firefox, and Safari.
systemjs/systemjs
Dynamic ES module loader
oneuijs/You-Dont-Need-jQuery
Examples of how to do query, style, dom, ajax, event etc like jQuery with plain javascript.
navasmdc/MaterialDesignLibrary
This is a library with components of Android L to you use in android 2.2
ruby-grape/grape
An opinionated framework for creating REST-like APIs in Ruby.
facebook/osquery
SQL powered operating system instrumentation, monitoring, and analytics.
kesenhoo/android-training-course-in-chinese
Android官方培训课程中文版
stylus/stylus
Expressive, robust, feature-rich CSS language built for nodejs
alsotang/node-lessons
:closed_book:《Node.js 包教不包会》 by alsotang
begriffs/postgrest
REST API for any Postgres database
ReactiveX/RxSwift
Reactive Programming in Swift
apenwarr/sshuttle
Transparent proxy server that works as a poor man's VPN.  Forwards over ssh.  Doesn't require admin.  Works with Linux and MacOS.  Supports DNS tunneling.
davezuko/react-redux-starter-kit
Get started with React, Redux, and React-Router.
alibaba/fastjson
:bullettrain_side: A fast JSON parser/generator for Java
gatsbyjs/gatsby
Transform plain text into dynamic blogs and websites using React.js
chenglou/react-motion
A spring that solves your animation problems.
nagadomi/waifu2x
Image Super-Resolution for Anime-Style Art
arasatasaygin/is.js
Micro check library
niklasvh/html2canvas
Screenshots with JavaScript
resque/resque
Resque is a Redis-backed Ruby library for creating background jobs, placing them on multiple queues, and processing them later.
vim-syntastic/syntastic
Syntax checking hacks for vim
rapid7/metasploit-framework
Metasploit Framework
scala/scala
The Scala programming language
guillaumepotier/Parsley.js
Validate your forms, frontend, without writing a single line of javascript
hacksalot/HackMyResume
Generate polished résumés and CVs in HTML, Markdown, LaTeX, MS Word, PDF, plain text, JSON, XML, YAML, smoke signal, and carrier pigeon.
phalcon/cphalcon
Web framework delivered as a C-extension for PHP
android10/Android-CleanArchitecture
This is a sample app that is part of a series of blog posts I have written about how to architect an android application using Uncle Bob's clean architecture approach.
teamcapybara/capybara
Acceptance test framework for web applications
joewalnes/websocketd
Turn any program that uses STDIN/STDOUT into a WebSocket server. Like inetd, but for WebSockets. 
google/gson
A Java serialization/deserialization library that can convert Java Objects into JSON and back.
javve/list.js
The perfect library for adding search, sort, filters and flexibility to tables, lists and various HTML elements. Built to be invisible and work on existing HTML.
Tencent/mars
Mars is a cross-platform network component  developed by WeChat.
so-fancy/diff-so-fancy
Good-lookin' diffs. Actually… nah… The best-lookin' diffs. :tada:
harthur/brain
[UNMAINTAINED] Neural networks in JavaScript
ccampbell/mousetrap
Simple library for handling keyboard shortcuts in Javascript
dzenbot/DZNEmptyDataSet
A drop-in UITableView/UICollectionView superclass category for showing empty datasets whenever the view has no content to display
HannahMitt/HomeMirror
Android application powering the mirror in my house
facebook/Shimmer
An easy way to add a simple, shimmering effect to any view in an iOS app.
handsontable/handsontable
Handsontable Community Edition - a JavaScript/HTML5 Spreadsheet Library for Developers
godotengine/godot
Godot Engine – Multi-platform 2D and 3D game engine
HubSpot/offline
Automatically display online/offline indication to your users. #hubspot-open-source
thedillonb/CodeHub
CodeHub is the best way to browse and maintain your GitHub repositories on any iOS device!
afaqurk/linux-dash
A beautiful web dashboard for Linux
Tencent/tinker
Tinker is a hot-fix solution library for Android, it supports dex, library and resources update without reinstall apk.
tj/co
The ultimate generator based flow-control goodness for nodejs (supports thunks, promises, etc)
Grouper/FlatUIKit
A collection of awesome flat UI components for iOS.
alexjc/neural-doodle
Turn your two-bit doodles into fine artworks with deep neural networks, generate seamless textures from photos, transfer style from one image to another, perform example-based upscaling, but wait... there's more! (An implementation of Semantic Style Transfer.)
basecamp/trix
A rich text editor for everyday writing
paperjs/paper.js
The Swiss Army Knife of Vector Graphics Scripting – Scriptographer ported to JavaScript and the browser, using HTML5 Canvas. Created by @lehni & @puckey
kamens/jQuery-menu-aim
jQuery plugin to fire events when user's cursor aims at particular dropdown menu items. For making responsive mega dropdowns like Amazon's.
jordansissel/fpm
Effing package management! Build packages for multiple platforms (deb, rpm, etc) with great ease and sanity.
developit/preact
:zap: Fast 3kb React alternative with the same ES6 API. Components & Virtual DOM.
JakeWharton/ActionBarSherlock
[DEPRECATED] Action bar implementation which uses the native action bar on Android 4.0+ and a custom implementation on pre-4.0 through a single API and theme.
goldfire/howler.js
Javascript audio library for the modern web.
crystal-lang/crystal
The Crystal Programming Language
slackhq/SlackTextViewController
A drop-in UIViewController subclass with a growing text input view and other useful messaging features
dotnet/coreclr
This repo contains the .NET Core runtime, called CoreCLR, and the base library, called mscorlib. It includes the garbage collector, JIT compiler, base .NET data types and many low-level classes.
hapijs/hapi
Server Framework  for Node.js
WhisperSystems/Signal-Android
A private messenger for Android.
MrRio/jsPDF
Client-side JavaScript PDF generation for everyone.
saltstack/salt
Software to automate the management and configuration of any infrastructure or application at scale. Get access to the Salt software package repository here: 
matryer/bitbar
Put the output from any script or program in your Mac OS X Menu Bar
Flipboard/FLEX
An in-app debugging and exploration tool for iOS
junegunn/fzf
:cherry_blossom: A command-line fuzzy finder written in Go
google/flatbuffers
Memory Efficient Serialization Library
rwaldron/johnny-five
JavaScript Robotics and IoT programming framework, developed at Bocoup.
Matt-Esch/virtual-dom
A Virtual DOM and diffing algorithm
kangax/fabric.js
Javascript Canvas Library, SVG-to-Canvas (& canvas-to-SVG) Parser
daimajia/AndroidSwipeLayout
The Most Powerful Swipe Layout!
OpenEmu/OpenEmu
:video_game: Retro video game emulation for macOS
jquery-validation/jquery-validation
jQuery Validation Plugin library sources
bbatsov/rubocop
A Ruby static code analyzer, based on the community Ruby style guide.
marmelab/gremlins.js
Monkey testing library for web apps and Node.js
qrohlf/trianglify
Algorithmically generated triangle art
mishoo/UglifyJS
JavaScript parser / mangler / compressor / beautifier library for NodeJS
ejci/favico.js
Make use of your favicon with badges, images or videos
NodeRedis/node_redis
redis client for node
fxsjy/jieba
结巴中文分词
tomchristie/django-rest-framework
Web APIs for Django.
path/FastImageCache
iOS library for quickly displaying images while scrolling
carrierwaveuploader/carrierwave
Classier solution for file uploads for Rails, Sinatra and other Ruby web frameworks
rstacruz/jquery.transit
Super-smooth CSS3 transformations and transitions for jQuery
mrmrs/colors
Smarter defaults for colors on the web.
nodemailer/nodemailer
✉️ Send e-mails with Node.JS – easy as cake!
chinchang/hint.css
A CSS only tooltip library for your lovely websites.
Netflix/falcor
A JavaScript library for efficient data fetching
TTTAttributedLabel/TTTAttributedLabel
A drop-in replacement for UILabel that supports attributes, data detectors, links, and more
alibaba/dubbo
:loudspeaker: Dubbo is a distributed, high performance RPC framework enpowering applications with service import/export capabilities.
onevcat/Kingfisher
A lightweight, pure-Swift library for downloading and caching images from the web.
Automattic/_s
Hi. I'm a starter theme called _s, or underscores, if you like. I'm a theme meant for hacking so don't use me as a Parent Theme. Instead try turning me into the next, most awesome, WordPress theme out there. That's what I'm here for.
ruanyf/jstraining
全栈工程师培训材料
carlhuda/janus
Vim distribution
mobxjs/mobx
Simple, scalable state management.
mitmproxy/mitmproxy
An interactive TLS-capable intercepting HTTP proxy for penetration testers and software developers
yudai/gotty
Share your terminal as a web application
danialfarid/ng-file-upload
Lightweight Angular directive to upload files with optional FileAPI shim for cross browser support
liaohuqiu/android-Ultra-Pull-To-Refresh
Ultra Pull to Refresh for Android. Support all the views.
tj/commander.js
node.js command-line interfaces made easy
mperham/sidekiq
Simple, efficient background processing for Ruby
google/traceur-compiler
Traceur is a JavaScript.next-to-JavaScript-of-today compiler
dthree/cash
Cross-platform Linux commands in ES6
eczarny/spectacle
Spectacle allows you to organize your windows without using a mouse.
swagger-api/swagger-ui
Swagger UI is a dependency-free collection of HTML, Javascript, and CSS assets that dynamically generate beautiful documentation from a Swagger-compliant API.
activeadmin/activeadmin
The administration framework for Ruby on Rails applications.
ConnorAtherton/loaders.css
Delightful, performance-focused pure css loading animations.
marionettejs/backbone.marionette
The Backbone Framework
lhorie/mithril.js
A Javascript Framework for Building Brilliant Applications (development repo)
forkingdog/UITableView-FDTemplateLayoutCell
Template auto layout cell for automatically UITableViewCell height calculating
fish-shell/fish-shell
The user-friendly command line shell.
angular/angular-cli
CLI tool for Angular
NetEase/pomelo
A fast,scalable,distributed game server framework for Node.js.
angular/material2
Material Design components for Angular
tmpvar/jsdom
A JavaScript implementation of the WHATWG DOM and HTML standards, for use with node.js
phanan/koel
A personal music streaming server that works.
google/grumpy
Grumpy is a Python to Go source code transcompiler and runtime.
kkga/spacegray
A Hyperminimal UI Theme for Sublime Text
chriso/validator.js
String validation
jshint/jshint
JSHint is a tool that helps to detect errors and potential problems in your JavaScript code
ksoichiro/Android-ObservableScrollView
Android library to observe scroll events on scrollable views.
googlesamples/android-UniversalMusicPlayer
This sample shows how to implement an audio media app that works across multiple form factors and provide a consistent user experience on Android phones, tablets, Auto, Wear and Cast devices
FredrikNoren/ungit
The easiest way to use git. On any platform. Anywhere.
donnemartin/data-science-ipython-notebooks
Continually updated data science Python notebooks: Deep learning (TensorFlow, Theano, Caffe), scikit-learn, Kaggle, big data (Spark, Hadoop MapReduce, HDFS), matplotlib, pandas, NumPy, SciPy, Python essentials, AWS, and various command lines.
mwaterfall/MWPhotoBrowser
A simple iOS photo and video browser with grid view, captions and selections.
realm/realm-java
Realm is a mobile database: a replacement for SQLite & ORMs
JetBrains/kotlin
The Kotlin Programming Language
hashicorp/terraform
Terraform is a tool for building, changing, and combining infrastructure safely and efficiently.
facebook/rocksdb
A library that provides an embeddable, persistent key-value store for fast storage.
powerline/powerline
Powerline is a statusline plugin for vim, and provides statuslines and prompts for several other applications, including zsh, bash, tmux, IPython, Awesome and Qtile.
GoogleChrome/lighthouse
Auditing, performance metrics, and best practices for Progressive Web Apps
elastic/logstash
Logstash - transport and process your logs, events, or other data
google/WebFundamentals
Best practices for modern web development
CosmicMind/Material
An animation and graphics framework for Material Design in Swift.
jacomyal/sigma.js
A JavaScript library dedicated to graph drawing
mxcl/PromiseKit
Promises for Swift & ObjC
dotnet/roslyn
The .NET Compiler Platform ("Roslyn") provides open-source C# and Visual Basic compilers with rich code analysis APIs.
ramda/ramda
:ram: Practical functional Javascript
cakephp/cakephp
CakePHP: The Rapid Development Framework for PHP - Official Repository
senchalabs/connect
Connect is a middleware layer for Node.js
docker/kitematic
Visual Docker Container Management on Mac & Windows
Compass/compass
Compass is no longer actively maintained. Compass is a Stylesheet Authoring Environment that makes your website design simpler to implement and easier to maintain.
winstonjs/winston
a multi-transport async logging library for node.js
javan/whenever
Cron jobs in Ruby
NodeBB/NodeBB
Node.js based forum software built for the modern web
purifycss/purifycss
Remove unused CSS. Also works with single-page apps.
eslint/eslint
A fully pluggable tool for identifying and reporting on patterns in JavaScript.
relax/relax
New generation CMS on top of React, Redux and GraphQL
piwik/piwik
Liberating Web Analytics. Star us on Github? +1. Piwik is the leading open alternative to Google Analytics that gives you full control over your data. Piwik lets you easily collect data from websites, apps & the IoT and visualise this data and extract insights. Privacy is built-in. We love Pull Requests! 
mozilla-mobile/firefox-ios
Firefox for iOS
matthieua/WOW
Reveal CSS animation as you scroll down a page
mikepenz/MaterialDrawer
The flexible, easy to use, all in one drawer library for your Android project.
buger/goreplay
GoReplay is an open-source tool for capturing and replaying live HTTP traffic into a test environment in order to continuously test your system with real data. It can be used to increase confidence in code deployments, configuration changes and infrastructure changes.
gaearon/redux-devtools
DevTools for Redux with hot reloading, action replay, and customizable UI
mailpile/Mailpile
A free & open modern, fast email client with user-friendly encryption and privacy features
mailcheck/mailcheck
Reduce misspelled email addresses in your web apps.
romaonthego/RESideMenu
iOS 7/8 style side menu with parallax effect.
clojure/clojurescript
Clojure to JS compiler
AngularClass/angular2-webpack-starter
:tada: An Angular Starter kit featuring Angular 2 and Angular 4 (Router, Http, Forms, Services, Tests, E2E, Dev/Prod, HMR, Async/Lazy Routes, AoT via ngc), Karma, Protractor, Jasmine, Istanbul, TypeScript 2, TsLint, Codelyzer, Hot Module Replacement, @types, and Webpack 2 by @AngularClass
Aufree/trip-to-iOS
A curated list of delightful iOS resources.
hakimel/Ladda
Buttons with built-in loading indicators.
mozilla/BrowserQuest
A HTML5/JavaScript multiplayer game experiment
Famous/famous
This repo is being deprecated. Please check out http://github.com/famous/engine
mxgmn/WaveFunctionCollapse
Bitmap & tilemap generation from a single example with the help of ideas from quantum mechanics.
amsul/pickadate.js
(Looking for Project Maintainers) The mobile-friendly, responsive, and lightweight jQuery date & time input picker.
Ramotion/animated-tab-bar
RAMAnimatedTabBarController is a Swift module for adding animation to tabbar items. 
facebook/stetho
Stetho is a debug bridge for Android applications, enabling the powerful Chrome Developer Tools and much more.
daimajia/AndroidViewAnimations
Cute view animation collection.
elastic/kibana
:bar_chart: Kibana analytics and search dashboard for Elasticsearch
nicolargo/glances
Glances an Eye on your system. A top/htop alternative.
pingcap/tidb
TiDB is a distributed NewSQL database compatible with MySQL protocol 
greenrobot/greenDAO
greenDAO is a light & fast ORM solution for Android that maps objects to SQLite databases.
coreos/rkt
rkt is a pod-native container engine for Linux. It is composable, secure, and built on standards.
nodejitsu/node-http-proxy
A full-featured http proxy for node.js
CEWendel/SWTableViewCell
An easy-to-use UITableViewCell subclass that implements a swippable content view which exposes utility buttons (similar to iOS 7 Mail Application)
akka/akka
Akka Project
douglascrockford/JSON-js
JSON in JavaScript
FineUploader/fine-uploader
Multiple file upload plugin with image previews, drag and drop, progress bars. S3 and Azure support, image scaling, form support, chunking, resume, pause, and tons of other features.
HubSpot/tether
 A positioning engine to make overlays, tooltips and dropdowns better #hubspot-open-source
facebookresearch/fastText
Library for fast text representation and classification.
chmln/flatpickr
lightweight and powerful datetimepicker with no dependencies
xing/wysihtml5
Open source rich text editor based on HTML5 and the progressive-enhancement approach. Uses a sophisticated security concept and aims to generate fully valid HTML5 markup by preventing unmaintainable tag soups and inline styles.
flightjs/flight
A component-based, event-driven JavaScript framework from Twitter
CRYTEK-CRYENGINE/CRYENGINE
CRYENGINE is a powerful real-time game development platform created by Crytek.
iissnan/hexo-theme-next
Elegant theme for Hexo. 
ubuwaits/beautiful-web-type
A showcase of the best typefaces from the Google web fonts directory.
facebook/yoga
Yoga is a cross-platform layout engine which implements Flexbox. Follow https://twitter.com/yogalayout for updates.
getpelican/pelican
Static site generator that supports Markdown and reST syntax. Powered by Python.
CoderMJLee/MJExtension
A fast, convenient and nonintrusive conversion between JSON and model. Your model class don't need to extend another base class. You don't need to modify any model file.
hpneo/gmaps
the easiest way to use Google Maps
DrKLO/Telegram
Telegram for Android source
fronteed/icheck
Highly customizable checkboxes and radio buttons (jQuery & Zepto)
boot2docker/boot2docker
Lightweight Linux for Docker
thejameskyle/the-super-tiny-compiler
:snowman: Possibly the smallest compiler ever
connors/photon
The fastest way to build beautiful Electron apps using simple HTML and CSS
winterbe/java8-tutorial
Modern Java - A Guide to Java 8
nosir/cleave.js
Format input text content when you are typing...
mozilla/metrics-graphics
A library optimized for concise and principled data graphics and layouts.
dropbox/zxcvbn
Low-Budget Password Strength Estimation
c3js/c3
A D3-based reusable chart library
apple/swift-evolution
This maintains proposals for changes and user-visible enhancements to the Swift Programming Language.
plataformatec/simple_form
Forms made easy for Rails! It's tied to a simple DSL, with no opinion on markup.
shadowsocks/shadowsocks-android
A shadowsocks client for Android
dangrossman/bootstrap-daterangepicker
Date range picker component for Bootstrap
EnterpriseQualityCoding/FizzBuzzEnterpriseEdition
FizzBuzz Enterprise Edition is a no-nonsense implementation of FizzBuzz made by serious businessmen for serious business purposes.
yyuu/pyenv
Simple Python version management
sitaramc/gitolite
Hosting git repositories -- Gitolite allows you to setup git hosting on a central server, with very fine-grained access control and many (many!) more powerful features.
shekhargulati/52-technologies-in-2016
Let's learn a new technology every week. A new technology blog every Sunday in 2016.
facebook/SocketRocket
A conforming Objective-C WebSocket client library.
airyland/vux
Mobile web UI Components based on Vue and WeUI (Vue@2.x)
karpathy/convnetjs
Deep Learning in Javascript. Train Convolutional Neural Networks (or ordinary ones) in your browser.
twitter/twemproxy
A fast, light-weight proxy for memcached and redis
labstack/echo
High performance, minimalist Go web framework
reactjs/react-redux
Official React bindings for Redux
sferik/rails_admin
RailsAdmin is a Rails engine that provides an easy-to-use interface for managing your data
chrisbanes/cheesesquare
Demos the new Android Design library.
seajs/seajs
A Module Loader for the Web
justjavac/awesome-wechat-weapp
微信小程序开发资源汇总 :100:
morrisjs/morris.js
Pretty time-series line graphs
paularmstrong/normalizr
Normalizes nested JSON according to a schema
fullcalendar/fullcalendar
Full-sized drag & drop event calendar (jQuery plugin)
jigish/slate
A window management application (replacement for Divvy/SizeUp/ShiftIt)
containous/traefik
Træfɪk, a modern reverse proxy
arduino/Arduino
open-source electronics prototyping platform
facebook/infer
A static analyzer for Java, C and Objective-C
torch/torch7
http://torch.ch
casperjs/casperjs
Navigation scripting and testing utility for PhantomJS and SlimerJS
git-up/GitUp
The Git interface you've been missing all your life has finally arrived.
lkzhao/Hero
Elegant transition library for iOS & tvOS
cmusatyalab/openface
Face recognition with deep neural networks.
kaminari/kaminari
⚡ A Scope & Engine based, clean, powerful, customizable and sophisticated paginator for Ruby webapps
h2o/h2o
H2O - the optimized HTTP/1, HTTP/2 server
tuupola/jquery_lazyload
jQuery plugin for lazy loading images 
nswbmw/N-blog
一起学 Node.js
angular/protractor
E2E test framework for Angular apps
Mango/slideout
A touch slideout navigation menu for your mobile web apps.
redux-saga/redux-saga
An alternative side effect model for Redux apps
tmuxinator/tmuxinator
Manage complex tmux sessions easily
SignalR/SignalR
Incredibly simple real-time web for .NET
facebook/xctool
An extension for Apple's xcodebuild that makes it easier to test iOS and macOS apps.
spotify/luigi
Luigi is a Python module that helps you build complex pipelines of batch jobs. It handles dependency resolution, workflow management, visualization etc. It also comes with Hadoop support built in. 
gaearon/react-hot-loader
Tweak React components in real time.
jverkoey/nimbus
The iOS framework that grows only as fast as its documentation
restify/node-restify
node.js REST framework specifically meant for web service APIs
zurb/foundation-emails
Quickly create responsive HTML emails that work on any device and client. Even Outlook.
mitchellh/packer
Packer is a tool for creating identical machine images for multiple platforms from a single source configuration.
davatron5000/FitText.js
A jQuery plugin for inflating web type
HelloZeroNet/ZeroNet
ZeroNet - Decentralized websites using Bitcoin crypto and BitTorrent network
thoughtbot/guides
A guide for programming in style.
nlp-compromise/compromise
Natural language processing in javascript     
ducksboard/gridster.js
gridster.js is a jQuery plugin that makes building intuitive draggable layouts from elements spanning multiple columns 
kataras/iris
The fastest web framework for Go in (THIS) Earth. HTTP/2 Ready-To-GO.
ryanb/cancan
Authorization Gem for Ruby on Rails.
gitbucket/gitbucket
A Git platform powered by Scala with easy installation, high extensibility & github API compatibility
briangonzalez/jquery.adaptive-backgrounds.js
A jQuery plugin for extracting the dominant color from images and applying the color to their parent.
philc/vimium
The hacker's browser.
FFmpeg/FFmpeg
mirror of git://source.ffmpeg.org/ffmpeg.git
google/agera
Reactive Programming for Android
PureLayout/PureLayout
The ultimate API for iOS & OS X Auto Layout — impressively simple, immensely powerful. Objective-C and Swift compatible.
PowerShell/PowerShell
PowerShell for every system!
hashicorp/vault
A tool for managing secrets.
CodeSeven/toastr
Simple javascript toast notifications http://johnpapa.net
celery/celery
Distributed Task Queue (development branch)
svg/svgo
Nodejs-based tool for optimizing SVG vector graphics files.
witheve/Eve
Better tools for thought
omniauth/omniauth
OmniAuth is a flexible authentication system utilizing Rack middleware.
braziljs/js-the-right-way
An easy-to-read, quick reference for JS best practices, accepted coding standards, and links around the Web
p-e-w/maybe
 :open_file_folder: :rabbit2: :tophat: See what a program does before deciding whether you really want it to happen.
alexjc/neural-enhance
Super Resolution for images using deep learning.
fatih/vim-go
Go development plugin for Vim
facebook/nuclide
An open IDE for web and native mobile development, built on top of Atom 
michaelvillar/dynamics.js
Javascript library to create physics-based animations
mail-in-a-box/mailinabox
Mail-in-a-Box helps individuals take back control of their email by defining a one-click, easy-to-deploy SMTP+everything else server: a mail server in a box.
mgcrea/angular-strap
AngularJS 1.2+ native directives for Bootstrap 3.
sovereign/sovereign
A set of Ansible playbooks to build and maintain your own private cloud: email, calendar, contacts, file sync, IRC bouncer, VPN, and more.
dularion/streama
It's like Netflix, but self-hosted! http://dularion.github.io/streama/
thebird/Swipe
Swipe is the most accurate touch slider.
clojure/clojure
The Clojure programming language
tonymillion/Reachability
ARC and GCD Compatible Reachability Class for iOS and MacOS. Drop in replacement for Apple Reachability
sbstjn/timesheet.js
JavaScript library for HTML5 & CSS3 time sheets
charliesome/better_errors
Better error page for Rack apps
cyclejs/cyclejs
A functional and reactive JavaScript framework for predictable code
angular-app/angular-app
Reference application for AngularJS
jverdi/JVFloatLabeledTextField
UITextField subclass with floating labels - inspired by Matt D. Smith's design: http://dribbble.com/shots/1254439--GIF-Mobile-Form-Interaction?list=users
eliangcs/http-prompt
HTTPie + prompt_toolkit = an interactive command-line HTTP client featuring autocomplete and syntax highlighting
zeroclipboard/zeroclipboard
The ZeroClipboard library provides an easy way to copy text to the clipboard using an invisible Adobe Flash movie and a JavaScript interface.
mobile-shell/mosh
Mobile Shell
jhipster/generator-jhipster
Open Source application generator for creating Spring Boot + Angular projects in seconds!
rethinkdb/horizon
Horizon is a realtime, open-source backend for JavaScript apps.
ether/etherpad-lite
Etherpad: Really real-time collaborative document editing
desandro/imagesloaded
:camera: JavaScript is all like "You images done yet or what?"
johnezang/JSONKit
Objective-C JSON
Microsoft/ChakraCore
ChakraCore is the core part of the Chakra Javascript engine that powers Microsoft Edge
IFTTT/JazzHands
A simple keyframe-based animation framework for UIKit. Perfect for scrolling app intros.
JedWatson/react-select
A Select control built with and for React JS
BlackrockDigital/startbootstrap
A library of free and open source Bootstrap themes and templates
maxogden/art-of-node
:snowflake: a short introduction to node.js
jakiestfu/Snap.js
A Library for creating beautiful mobile shelfs in Javascript (Facebook and Path style side menus)
geeeeeeeeek/electronic-wechat
:speech_balloon: A better WeChat on macOS and Linux. Built with Electron by Zhongyi Tong.
hdodenhof/CircleImageView
A circular ImageView for Android
twitter/twemoji
Twitter Emoji for Everyone
attic-labs/noms
The versioned, forkable, syncable database
NaturalNode/natural
general natural language facilities for node
Homebrew/brew
🍺 The missing package manager for macOS
antirez/disque
Disque is a distributed message broker
mleibman/SlickGrid
A lightning fast JavaScript grid/spreadsheet
mutualmobile/MMDrawerController
 A lightweight, easy to use, Side Drawer Navigation Controller
deis/deis
Deis v1, the CoreOS and Docker PaaS: Your PaaS. Your Rules. 
libgit2/libgit2
The Library
akveo/blur-admin
Angular Bootstrap Admin Panel Framework
mishoo/UglifyJS2
 JavaScript parser / mangler / compressor / beautifier toolkit
vladikoff/chromeos-apk
☢️  Run Android Apps in Chrome OS OR Chrome in OS X, Linux and Windows.
zwaldowski/BlocksKit
The Objective-C block utilities you always wish you had.
shutterstock/rickshaw
 JavaScript toolkit for creating interactive real-time graphs
huluoyang/freecodecamp.cn
随着FCC中文社区的快速发展和更多小伙伴的崛起，此项目已从个人项目升级到团队项目。详情请移步：
ibireme/YYText
Powerful text framework for iOS to display and edit rich text.
jsonmodel/jsonmodel
Magical Data Modeling Framework for JSON - allows rapid creation of smart data models. You can use it in your iOS, macOS, watchOS and tvOS apps.
odoo/odoo
Odoo. Open Source Apps To Grow Your Business.
omcljs/om
ClojureScript interface to Facebook's React
square/dagger
A fast dependency injector for Android and Java.
tmux/tmux
tmux source code
highcharts/highcharts
Highcharts JS, the JavaScript charting framework
taye/interact.js
JavaScript drag and drop, resizing and multi-touch gestures with inertia and snapping for modern browsers (and also IE8+)
flynn/flynn
A next generation open source platform as a service (PaaS)
realm/SwiftLint
A tool to enforce Swift style and conventions.
Quick/Quick
The Swift (and Objective-C) testing framework.
go-kit/kit
A standard library for microservices.
google/xi-editor
A modern editor with a backend written in Rust.
louischatriot/nedb
The JavaScript Database, for Node.js, nw.js, electron and the browser
IBAnimatable/IBAnimatable
Design and prototype customized UI, interaction, navigation, transition and animation for App Store ready Apps in Interface Builder with IBAnimatable.
vurtun/nuklear
A single-header ANSI C gui library
HubSpot/vex
A modern dialog library which is highly configurable and easy to style. #hubspot-open-source
CreateJS/EaselJS
The Easel Javascript library provides a full, hierarchical display list, a core interaction model, and helper classes to make working with the HTML5 Canvas element much easier.
robertdavidgraham/masscan
TCP port scanner, spews SYN packets asynchronously, scanning entire Internet in under 5 minutes.
jsdoc3/jsdoc
An API documentation generator for JavaScript.
aFarkas/lazysizes
High performance and SEO friendly lazy loader for images (responsive and normal), iframes and more, that detects any visibility changes triggered through user interaction, CSS or JavaScript without configuration.
plotly/plotly.js
The open source JavaScript graphing library that powers plotly
FelisCatus/SwitchyOmega
Manage and switch between multiple proxies quickly & easily.
koalaman/shellcheck
ShellCheck, a static analysis tool for shell scripts
google/physical-web
The Physical Web: walk up and use anything
dmlc/xgboost
Scalable, Portable and Distributed Gradient Boosting (GBDT, GBRT or GBM) Library,  for Python, R, Java, Scala, C++ and more. Runs on single machine, Hadoop, Spark, Flink and DataFlow
boto/boto
For the latest version of boto, see https://github.com/boto/boto3 -- Python interface to Amazon Web Services
memcached/memcached
memcached development tree
nightwatchjs/nightwatch
Automated testing and continous integration framework based on node.js and selenium webdriver
astuetz/PagerSlidingTabStrip
An interactive indicator to navigate between the different pages of a ViewPager
uWebSockets/uWebSockets
Tiny WebSockets
alexa/alexa-avs-sample-app
This project demonstrates how to access and test the Alexa Voice Service using a Java client (running on a Raspberry Pi), and a Node.js server.
sebastianbergmann/phpunit
The PHP Unit Testing framework.
pokeb/asi-http-request
Easy to use CFNetwork wrapper for HTTP requests, Objective-C,  Mac OS X and iPhone
coryhouse/react-slingshot
React + Redux starter kit / boilerplate with Babel, hot reloading, testing, linting and a working example app, all built in
CachetHQ/Cachet
An open source status page system for everyone.
fogleman/primitive
Reproducing images with geometric primitives.
umano/AndroidSlidingUpPanel
This library provides a simple way to add a draggable sliding up panel (popularized by Google Music and Google Maps) to your Android application. Brought to you by Umano.
googlecreativelab/anypixel
A web-friendly way for anyone to build unusual displays
mame/quine-relay
An uroboros program with 100 programming languages
brunch/brunch
:fork_and_knife: Fast front-end web app build tool with simple declarative config, seamless incremental compilation for rapid development, an opinionated pipeline and workflow, and core support for source maps.
home-assistant/home-assistant
:house_with_garden: Open-source home automation platform running on Python 3
Bearded-Hen/Android-Bootstrap
Bootstrap style widgets for Android, with Glyph Icons
novus/nvd3
A reusable charting library written in d3.js
yeoman/generator-angular
Yeoman generator for AngularJS
libuv/libuv
Cross-platform asynchronous I/O
StackExchange/dapper-dot-net
Dapper - a simple object mapper for .Net
mozilla/togetherjs
A service for your website that makes it surprisingly easy to collaborate in real-time.
lra/mackup
Keep your application settings in sync (OS X/Linux)
ruanyf/es6tutorial
《ECMAScript 6入门》是一本开源的JavaScript语言教程，全面介绍ECMAScript 6新增的语法特性。
