freeCodeCamp/freeCodeCamp
{:JavaScript=>517027, :CSS=>189453, :HTML=>129517}

twbs/bootstrap
{:JavaScript=>380180,
 :CSS=>355019,
 :HTML=>85492,
 :Ruby=>1488,
 :Shell=>1316,
 :PowerShell=>935}

vhf/free-programming-books
{}

d3/d3
{:JavaScript=>2006}

facebook/react
{:JavaScript=>3293534,
 :"C++"=>44974,
 :TypeScript=>15529,
 :CoffeeScript=>12252,
 :Python=>9383,
 :HTML=>6222,
 :C=>5341,
 :Shell=>5116,
 :CSS=>1288,
 :Makefile=>189}

angular/angular.js
{:JavaScript=>6632089,
 :HTML=>82356,
 :Shell=>19998,
 :PostScript=>19551,
 :PHP=>7222,
 :CSS=>3738}

sindresorhus/awesome
{}

getify/You-Dont-Know-JS
{:JavaScript=>62074, :HTML=>6482, :CSS=>1987}

robbyrussell/oh-my-zsh
{:Shell=>818784,
 :Groff=>4936,
 :Perl=>3816,
 :Python=>2648,
 :Ruby=>1327,
 :Makefile=>59}

FortAwesome/Font-Awesome
{:HTML=>4207159, :CSS=>751367, :Ruby=>6412, :JavaScript=>5531, :Makefile=>2393}

airbnb/javascript
{:JavaScript=>47546}

github/gitignore
{}

tensorflow/tensorflow
{:"C++"=>20597014,
 :Python=>16864122,
 :"Jupyter Notebook"=>1833831,
 :TypeScript=>765149,
 :HTML=>542964,
 :Shell=>322248,
 :Java=>260970,
 :"Protocol Buffer"=>187378,
 :C=>171200,
 :CMake=>120039,
 :Go=>103991,
 :"Objective-C++"=>64592,
 :Makefile=>32007,
 :JavaScript=>13406,
 :"Objective-C"=>7056,
 :Batchfile=>6963,
 :LLVM=>6536,
 :CSS=>774,
 :"GCC Machine Description"=>3}

facebook/react-native
{:JavaScript=>3560282,
 :Java=>2735115,
 :"Objective-C"=>1398749,
 :"C++"=>738527,
 :"Objective-C++"=>213249,
 :C=>183720,
 :Python=>123976,
 :HTML=>34338,
 :CSS=>31486,
 :Shell=>27849,
 :Assembly=>15612,
 :Makefile=>8493,
 :Ruby=>4753,
 :IDL=>897,
 :Batchfile=>683,
 :Prolog=>287,
 :Awk=>121}

jquery/jquery
{:JavaScript=>1008266, :HTML=>54648, :PHP=>5444, :CSS=>2241}

vuejs/vue
{:JavaScript=>1448711,
 :HTML=>16202,
 :CSS=>9530,
 :TypeScript=>7437,
 :Shell=>2146}

torvalds/linux
{:C=>571173333,
 :"C++"=>13342479,
 :Assembly=>10390086,
 :Makefile=>1610748,
 :Perl=>819421,
 :"Objective-C"=>692628,
 :Python=>231393,
 :Shell=>194968,
 :Yacc=>82811,
 :Lex=>43112,
 :Awk=>22861,
 :GDB=>18113,
 :UnrealScript=>16715,
 :SourcePawn=>2711}

electron/electron
{:"C++"=>2136160,
 :JavaScript=>657398,
 :"Objective-C++"=>197884,
 :Python=>149805,
 :"Objective-C"=>29328,
 :HTML=>15907,
 :C=>4055,
 :Shell=>3379,
 :PowerShell=>99}

docker/docker
{:Go=>6882857,
 :Shell=>483742,
 :PowerShell=>23215,
 :Makefile=>10930,
 :C=>5025,
 :"Vim script"=>1350,
 :Assembly=>81}

daneden/animate.css
{:CSS=>23005, :JavaScript=>2509}

nodejs/node-v0.x-archive
{}

meteor/meteor
{:JavaScript=>4724903,
 :C=>234356,
 :"C++"=>203260,
 :Shell=>37316,
 :CoffeeScript=>29564,
 :HTML=>28665,
 :"C#"=>21958,
 :PowerShell=>9843,
 :Batchfile=>6791,
 :CSS=>5137,
 :Ruby=>2658,
 :"Objective-C"=>1389}

apple/swift
{:"C++"=>21849670,
 :Swift=>16683165,
 :Python=>693796,
 :CMake=>343832,
 :"Objective-C"=>239562,
 :"Objective-C++"=>196603,
 :Shell=>190420,
 :C=>61455,
 :LLVM=>56821,
 :"Emacs Lisp"=>54522,
 :"Vim script"=>13393,
 :DTrace=>3545,
 :Perl=>2211,
 :Assembly=>2144,
 :Ruby=>2091,
 :Makefile=>1841,
 :Batchfile=>26}

h5bp/html5-boilerplate
{:JavaScript=>11231, :CSS=>5994, :HTML=>2967}

jwasham/google-interview-university
{}

atom/atom
{:CoffeeScript=>2036687,
 :JavaScript=>671920,
 :CSS=>30020,
 :Shell=>5215,
 :Batchfile=>1937,
 :HTML=>295}

rails/rails
{:Ruby=>10557875,
 :HTML=>195658,
 :JavaScript=>86513,
 :CoffeeScript=>41914,
 :CSS=>33444,
 :Yacc=>983}

hakimel/reveal.js
{:JavaScript=>269656, :CSS=>197628, :HTML=>75227}

nodejs/node
{:JavaScript=>3500073,
 :"C++"=>1434266,
 :C=>345627,
 :HTML=>163390,
 :"POV-Ray SDL"=>88241,
 :Python=>72671,
 :DTrace=>37428,
 :Makefile=>24381,
 :Batchfile=>16737,
 :Roff=>15312,
 :R=>5358,
 :Shell=>1658}

Semantic-Org/Semantic-UI
{:JavaScript=>1083213, :CSS=>594417, :HTML=>11298}

impress/impress.js
{:JavaScript=>42201, :CSS=>21141, :HTML=>19237}

nwjs/nw.js
{:"C++"=>1714294,
 :Python=>210295,
 :"Objective-C++"=>159750,
 :JavaScript=>144161,
 :HTML=>76836,
 :"Objective-C"=>37878,
 :Smarty=>9928,
 :C=>8596,
 :ActionScript=>1049}

mrdoob/three.js
{:JavaScript=>4719185,
 :Python=>525838,
 :"C++"=>116991,
 :GLSL=>93495,
 :C=>80088,
 :MAXScript=>75494,
 :HTML=>34126,
 :CSS=>24213,
 :Shell=>9173,
 :Batchfile=>139}

socketio/socket.io
{:JavaScript=>101923, :Makefile=>100}

expressjs/express
{:JavaScript=>350191, :Makefile=>201, :Shell=>196}

moment/moment
{:JavaScript=>7119932, :TypeScript=>13039, :Shell=>739}

jlevy/the-art-of-command-line
{}

Homebrew/legacy-homebrew
{:Ruby=>543650, :HTML=>37985, :Shell=>18443}

laravel/laravel
{:PHP=>72479, :HTML=>2748, :JavaScript=>1132, :Vue=>563, :ApacheConf=>553}

vinta/awesome-python
{:Python=>2924, :Makefile=>213}

jekyll/jekyll
{:Ruby=>519038,
 :Gherkin=>131148,
 :HTML=>10823,
 :Shell=>6400,
 :CSS=>1271,
 :CoffeeScript=>234,
 :ApacheConf=>136,
 :PHP=>90}

AFNetworking/AFNetworking
{:"Objective-C"=>656813, :Swift=>10043, :Ruby=>2660}

jkbrzt/httpie
{:Python=>200243, :Shell=>3981, :Makefile=>2165, :Ruby=>1992}

driftyco/ionic
{:TypeScript=>1914017,
 :CSS=>490691,
 :HTML=>447313,
 :JavaScript=>103500,
 :PHP=>5956,
 :Shell=>4282}

reactjs/redux
{:JavaScript=>61256, :TypeScript=>8347, :CSS=>327}

google/material-design-icons
{:CSS=>1998316, :HTML=>1523801, :JavaScript=>3947}

chartjs/Chart.js
{:JavaScript=>708384, :Shell=>952}

adobe/brackets
{:JavaScript=>12355656,
 :HTML=>2062424,
 :CSS=>389232,
 :PHP=>28796,
 :Ruby=>9040,
 :Shell=>8726,
 :Makefile=>2186,
 :Clojure=>28}

resume/resume.github.com
{:JavaScript=>19277, :HTML=>15229, :CSS=>7329, :Ruby=>179}

NARKOZ/hacker-scripts
{:JavaScript=>10236,
 :Python=>7323,
 :Java=>6821,
 :Perl=>6451,
 :PowerShell=>4927,
 :Ruby=>2885,
 :Go=>2293,
 :R=>1780,
 :PHP=>1653,
 :Shell=>1523,
 :Scala=>1123,
 :Groovy=>545,
 :CoffeeScript=>516}

jashkenas/backbone
{:JavaScript=>276957, :HTML=>215276, :CoffeeScript=>872}

blueimp/jQuery-File-Upload
{:JavaScript=>72459,
 :HTML=>64863,
 :PHP=>55432,
 :Go=>8967,
 :Python=>7577,
 :CSS=>4378,
 :ApacheConf=>976}

google/material-design-lite
{:HTML=>289810, :CSS=>270666, :JavaScript=>228498}

h5bp/Front-end-Developer-Interview-Questions
{}

gulpjs/gulp
{:JavaScript=>26982, :Shell=>1553}

pallets/flask
{:Python=>457008, :Makefile=>1603, :HTML=>404, :CSS=>18}

zurb/foundation-sites
{:JavaScript=>778730, :HTML=>316188, :CSS=>255020, :Shell=>139}

necolas/normalize.css
{:HTML=>14220}

golang/go
{:Go=>33842607,
 :Assembly=>2230926,
 :HTML=>1806598,
 :C=>196476,
 :Shell=>68322,
 :Perl=>35035,
 :Python=>12446,
 :Batchfile=>7351,
 :JavaScript=>2550,
 :"Protocol Buffer"=>1698,
 :"C++"=>1370,
 :Logos=>1248,
 :Makefile=>748,
 :Awk=>450,
 :Fortran=>394,
 :CSS=>8}

Dogfalo/materialize
{:JavaScript=>406408, :CSS=>322276, :HTML=>20920}

nvbn/thefuck
{:Python=>351889, :Shell=>134}

webpack/webpack
{:JavaScript=>1184404,
 :CSS=>3806,
 :CoffeeScript=>1466,
 :HTML=>1296,
 :Shell=>62}

django/django
{:Python=>11804820,
 :JavaScript=>252645,
 :HTML=>182958,
 :CSS=>55935,
 :Shell=>809,
 :Smarty=>130,
 :Makefile=>125}

rg3/youtube-dl
{:Python=>4346010, :Shell=>7998, :Makefile=>4832, :ActionScript=>4300}

kennethreitz/requests
{:Python=>1244958, :Makefile=>1658}

chrislgarry/Apollo-11
{:Assembly=>3156418}

callemall/material-ui
{:JavaScript=>1447215, :Shell=>241}

Microsoft/vscode
{:TypeScript=>11606095,
 :JavaScript=>3026231,
 :CSS=>487703,
 :"Inno Setup"=>107334,
 :HTML=>32855,
 :Shell=>10264,
 :Batchfile=>4294,
 :Groovy=>3928,
 :Python=>2119,
 :Ruby=>1703,
 :PowerShell=>1432,
 :"Objective-C"=>1387,
 :Clojure=>1206,
 :"C#"=>1152,
 :Perl6=>1065,
 :"C++"=>1000,
 :"Visual Basic"=>893,
 :Perl=>857,
 :C=>818,
 :PHP=>802,
 :"F#"=>634,
 :Go=>613,
 :Java=>599,
 :CoffeeScript=>590,
 :Makefile=>553,
 :Rust=>532,
 :R=>362,
 :GLSL=>330,
 :Lua=>252,
 :Swift=>220}

yarnpkg/yarn
{:JavaScript=>650682, :Shell=>9232, :PowerShell=>2598, :Batchfile=>289}

getlantern/lantern
{:Go=>19182712,
 :CSS=>378246,
 :Python=>211166,
 :Java=>190059,
 :JavaScript=>160832,
 :HTML=>153872,
 :Assembly=>102873,
 :"Objective-C"=>60941,
 :C=>60142,
 :Shell=>51217,
 :Perl=>35528,
 :Makefile=>34270,
 :"C++"=>11269,
 :Groff=>5928,
 :Groovy=>5689,
 :NSIS=>5575,
 :Ruby=>3906,
 :Batchfile=>2591,
 :"Protocol Buffer"=>2519}

johnpapa/angular-styleguide
{}

TryGhost/Ghost
{:JavaScript=>2540356, :HTML=>162562, :XSLT=>7177}

nylas/nylas-mail
{:JavaScript=>2376287,
 :CoffeeScript=>1366937,
 :HTML=>540390,
 :CSS=>310417,
 :Shell=>13936,
 :"Visual Basic"=>334,
 :Batchfile=>322}

Alamofire/Alamofire
{:Swift=>708580, :"Objective-C"=>1332, :Ruby=>595}

antirez/redis
{:C=>2785093,
 :Tcl=>487095,
 :Ruby=>76060,
 :Shell=>16723,
 :"C++"=>15849,
 :Makefile=>9498,
 :Smarty=>1047}

neovim/neovim
{:"Vim script"=>8727831,
 :C=>7263656,
 :Lua=>1932026,
 :Python=>172791,
 :"C++"=>113143,
 :CMake=>92749,
 :PostScript=>59754,
 :Shell=>28306,
 :CSS=>23574,
 :Awk=>18908,
 :Perl=>11968,
 :Makefile=>10071,
 :Batchfile=>2187,
 :"Objective-C"=>2121,
 :HTML=>1998,
 :Ruby=>189}

lodash/lodash
{:JavaScript=>410585}

ansible/ansible
{:Python=>15062231,
 :PowerShell=>320771,
 :Shell=>49617,
 :Makefile=>25003,
 :Tcl=>2466,
 :Go=>2010,
 :JavaScript=>316,
 :Batchfile=>109,
 :HTML=>54}

Trinea/android-open-project
{}

ReactiveX/RxJava
{:Java=>11763972, :CSS=>11138, :Shell=>1158}

tiimgreen/github-cheat-sheet
{}

ariya/phantomjs
{:HTML=>5155746,
 :JavaScript=>391747,
 :"C++"=>331318,
 :C=>196029,
 :Java=>136179,
 :Python=>45630,
 :Shell=>4940,
 :QMake=>3527,
 :Ruby=>1307,
 :"C#"=>1101,
 :XSLT=>1047,
 :ASP=>825,
 :CSS=>385}

dypsilon/frontend-dev-bookmarks
{}

wasabeef/awesome-android-ui
{}

elastic/elasticsearch
{:Java=>39370674,
 :Groovy=>307949,
 :Shell=>108816,
 :Python=>54851,
 :Batchfile=>13877,
 :ANTLR=>11081,
 :Perl=>7271,
 :HTML=>3399,
 :"Emacs Lisp"=>3341,
 :FreeMarker=>45}

discourse/discourse
{:Ruby=>5288735,
 :JavaScript=>3424369,
 :HTML=>621628,
 :CSS=>338463,
 :Shell=>8941}

harvesthq/chosen
{:HTML=>184881,
 :CoffeeScript=>69793,
 :CSS=>18244,
 :Shell=>1107,
 :JavaScript=>977}

caolan/async
{:JavaScript=>407741, :CSS=>16195, :Shell=>5085, :Makefile=>3529}

angular/angular
{:TypeScript=>6018742,
 :JavaScript=>204908,
 :HTML=>58301,
 :Shell=>53268,
 :CSS=>21926,
 :Python=>3535}

kubernetes/kubernetes
{:Go=>40587445,
 :HTML=>2600590,
 :Shell=>1687907,
 :Python=>1323979,
 :"Protocol Buffer"=>593405,
 :Makefile=>76984,
 :SaltStack=>55371,
 :PowerShell=>4261,
 :C=>2539,
 :Nginx=>1608}

rust-lang/rust
{:Rust=>25266911,
 :C=>396560,
 :Makefile=>343226,
 :Shell=>312742,
 :Python=>179695,
 :"C++"=>81148,
 :Yacc=>81068,
 :JavaScript=>44801,
 :CSS=>28928,
 :ANTLR=>27014,
 :Pascal=>15943,
 :M4=>12744,
 :"Inno Setup"=>10959,
 :Lex=>9270,
 :XSLT=>2439,
 :Puppet=>1620,
 :RenderScript=>1095,
 :HTML=>434,
 :Awk=>271,
 :PHP=>265}

jashkenas/underscore
{:JavaScript=>240038, :HTML=>135453}

tastejs/todomvc
{:JavaScript=>51823, :HTML=>31837, :CSS=>4676, :Shell=>1552}

facebookincubator/create-react-app
{:JavaScript=>54211, :Shell=>20934, :AppleScript=>2337, :HTML=>1434, :CSS=>481}

josephmisiti/awesome-machine-learning
{:Python=>940}

minimaxir/big-list-of-naughty-strings
{:Python=>1808, :Go=>1378, :Shell=>197}

babel/babel
{:JavaScript=>1442990, :Makefile=>1607, :Shell=>1573}

Modernizr/Modernizr
{:JavaScript=>647299, :HTML=>4167, :CSS=>1425, :Batchfile=>34}

select2/select2
{:JavaScript=>304759, :CSS=>15260, :HTML=>4808}

open-source-society/computer-science
{}

ReactTraining/react-router
{:JavaScript=>204614, :Shell=>963}

gitlabhq/gitlabhq
{:Ruby=>8121549,
 :JavaScript=>1082054,
 :HTML=>924238,
 :CSS=>450640,
 :Gherkin=>141565,
 :Shell=>21643}

typicode/json-server
{:JavaScript=>61979, :HTML=>2352, :CSS=>152}

Microsoft/TypeScript
{:TypeScript=>41852399,
 :HTML=>4887,
 :PowerShell=>2855,
 :Batchfile=>945,
 :Groovy=>721,
 :Shell=>264,
 :JavaScript=>175}

sahat/hackathon-starter
{:CSS=>174564, :JavaScript=>63234, :HTML=>52927}

firehol/netdata
{:C=>1691129,
 :Python=>644937,
 :JavaScript=>444079,
 :HTML=>348591,
 :CSS=>335272,
 :Shell=>300806,
 :M4=>46120,
 :Makefile=>19803,
 :"POV-Ray SDL"=>5638,
 :"Objective-C"=>4972,
 :Nginx=>4239,
 :CMake=>4182,
 :"C++"=>994}

square/retrofit
{:Java=>759662,
 :HTML=>16771,
 :CSS=>3692,
 :Shell=>1758,
 :"Protocol Buffer"=>253}

papers-we-love/papers-we-love
{}

lukehoban/es6features
{}

joshbuchea/HEAD
{}

scrapy/scrapy
{:Python=>1185562, :Roff=>2010, :HTML=>1961, :Shell=>258}

bayandin/awesome-awesomeness
{:Ruby=>1783}

avelino/awesome-go
{:Go=>3696}

prakhar1989/awesome-courses
{:HTML=>243378, :CSS=>22156, :JavaScript=>48}

vsouza/awesome-ios
{:Swift=>2110, :Ruby=>814}

enaqx/awesome-react
{}

alvarotrigo/fullPage.js
{:JavaScript=>210304, :CSS=>9429, :HTML=>5695}

gogits/gogs
{:Go=>991208,
 :Roff=>131138,
 :CSS=>114167,
 :JavaScript=>49776,
 :Shell=>16759,
 :Makefile=>1853,
 :Batchfile=>949}

certbot/certbot
{:Python=>1589871,
 :Shell=>192306,
 :Nginx=>118586,
 :ApacheConf=>62906,
 :Makefile=>37245,
 :Batchfile=>35005,
 :Augeas=>5245,
 :"DIGITAL Command Language"=>771,
 :Roff=>222}

FezVrasta/bootstrap-material-design
{:CSS=>196211, :HTML=>125639, :JavaScript=>36325, :Ruby=>96}

rethinkdb/rethinkdb
{:"C++"=>8617372,
 :Python=>4421090,
 :Java=>1889375,
 :JavaScript=>672427,
 :CoffeeScript=>539026,
 :CSS=>403369,
 :Ruby=>123448,
 :C=>80175,
 :HTML=>75339,
 :Makefile=>67047,
 :Shell=>58538,
 :"Protocol Buffer"=>42521,
 :Haskell=>13234,
 :XSLT=>11933,
 :Perl=>6368,
 :AppleScript=>2597,
 :Nginx=>728,
 :Roff=>572}

emberjs/ember.js
{:JavaScript=>3483610, :HTML=>7453, :Shell=>3638, :Ruby=>1925}

Leaflet/Leaflet
{:JavaScript=>825149, :HTML=>151308, :Shell=>632, :CSS=>150}

adam-p/markdown-here
{:JavaScript=>928310, :CSS=>102049, :HTML=>34868, :Makefile=>251}

square/okhttp
{:Java=>2472890, :HTML=>9904, :CSS=>3695, :Shell=>2638}

creationix/nvm
{:Shell=>261642, :Makefile=>5196, :JavaScript=>38}

kenwheeler/slick
{:JavaScript=>86243, :CSS=>17108, :HTML=>4526, :Ruby=>161, :Makefile=>133}

caesar0301/awesome-public-datasets
{}

facebook/pop
{:"Objective-C++"=>239632, :"Objective-C"=>107796, :"C++"=>54687, :Ruby=>1325}

Unitech/pm2
{:JavaScript=>641114, :Shell=>103507, :Smarty=>3126, :Makefile=>633}

facebook/immutable-js
{:JavaScript=>294627,
 :TypeScript=>124266,
 :CSS=>13685,
 :HTML=>3243,
 :Shell=>193}

Polymer/polymer
{:HTML=>1461274, :JavaScript=>75669, :Shell=>580, :CSS=>532}

mozilla/pdf.js
{:JavaScript=>2886873, :CSS=>60604, :HTML=>43931}

rs/SDWebImage
{:"Objective-C"=>270429, :Ruby=>2919}

iluwatar/java-design-patterns
{:Java=>2076304,
 :HTML=>17671,
 :CSS=>5808,
 :Python=>2865,
 :Shell=>1718,
 :JavaScript=>1191,
 :Cucumber=>1078}

Prinzhorn/skrollr
{:HTML=>145812, :JavaScript=>103339, :CSS=>8434}

codepath/android_guides
{}

plataformatec/devise
{:Ruby=>544479, :HTML=>14352}

ReactiveCocoa/ReactiveCocoa
{:Swift=>207209, :Shell=>2339, :Ruby=>1272, :"Objective-C"=>986}

nvie/gitflow
{:Shell=>6641}

balderdashy/sails
{:JavaScript=>1066141, :"GCC Machine Description"=>211, :HTML=>172}

numbbbbb/the-swift-programming-language-in-chinese
{:CSS=>2270, :Python=>1314, :HTML=>602}

scikit-learn/scikit-learn
{:Python=>6984440,
 :C=>451977,
 :"C++"=>140261,
 :Shell=>19203,
 :PowerShell=>17042,
 :Batchfile=>3366,
 :Makefile=>1512}

justjavac/free-programming-books-zh_CN
{:JavaScript=>202}

shadowsocks/shadowsocks
{:Python=>157279, :Shell=>16430}

git/git
{:C=>6147200,
 :Shell=>4819198,
 :Perl=>1140207,
 :Tcl=>772814,
 :Python=>323939,
 :"C++"=>231243,
 :Makefile=>121511,
 :"Emacs Lisp"=>86984,
 :JavaScript=>49702,
 :M4=>36093,
 :Roff=>26859,
 :Go=>15064,
 :CSS=>10637,
 :PHP=>7984,
 :Assembly=>7443,
 :"Objective-C"=>504}

mathiasbynens/dotfiles
{:Shell=>78069, :"Vim script"=>49796, :GDB=>29}

zenorocha/clipboard.js
{:JavaScript=>19945, :HTML=>5947}

yahoo/pure
{:HTML=>61574, :CSS=>20836, :JavaScript=>10928}

open-guides/og-aws
{:Shell=>325}

ecomfe/echarts
{:JavaScript=>3707057, :HTML=>1586652, :Shell=>292, :CSS=>126}

FallibleInc/security-guide-for-developers
{}

BVLC/caffe
{:"C++"=>2840055,
 :Python=>301037,
 :Cuda=>202743,
 :CMake=>99766,
 :"Protocol Buffer"=>57854,
 :Matlab=>32018,
 :Makefile=>24045,
 :Shell=>12273,
 :M=>71}

IanLunn/Hover
{:CSS=>295330, :HTML=>14554, :JavaScript=>2094}

google/web-starter-kit
{:HTML=>22283, :JavaScript=>13218, :CSS=>4883}

cantino/huginn
{:Ruby=>1390541,
 :HTML=>124121,
 :CoffeeScript=>29071,
 :Shell=>18036,
 :CSS=>3819,
 :Makefile=>41}

sindresorhus/awesome-nodejs
{}

hammerjs/hammer.js
{:JavaScript=>219430, :HTML=>31223, :CSS=>725}

bevacqua/dragula
{:JavaScript=>55505, :HTML=>11414, :CSS=>3381}

angular/material
{:JavaScript=>2330063, :CSS=>259153, :HTML=>192519, :Shell=>11090, :PHP=>7211}

videojs/video.js
{:JavaScript=>965160, :CSS=>40734, :Shell=>926, :HTML=>611}

t4t5/sweetalert
{:JavaScript=>77370, :CSS=>63487, :HTML=>21590}

googlesamples/android-architecture
{}

bower/bower
{:JavaScript=>908970}

syncthing/syncthing
{:Go=>1487551,
 :HTML=>117459,
 :JavaScript=>96271,
 :CSS=>16257,
 :"Protocol Buffer"=>8807,
 :Shell=>8359,
 :Batchfile=>1434}

BradLarson/GPUImage
{:"Objective-C"=>1218233, :Ruby=>1222, :Shell=>1159, :C=>475}

usablica/intro.js
{:HTML=>103102, :JavaScript=>77604, :CSS=>42858, :PHP=>1242, :Makefile=>58}

nostra13/Android-Universal-Image-Loader
{:Java=>417027}

google/protobuf
{:"C++"=>9016347,
 :Java=>3923819,
 :"Objective-C"=>2938823,
 :"C#"=>2194861,
 :"Protocol Buffer"=>1708279,
 :C=>1321360,
 :Python=>1207419,
 :JavaScript=>474786,
 :PHP=>415200,
 :Makefile=>146834,
 :Ruby=>92622,
 :Shell=>87440,
 :M4=>55779,
 :CMake=>49787,
 :Swift=>20112,
 :"Emacs Lisp"=>7822,
 :"Vim script"=>3759,
 :"Objective-C++"=>2897,
 :Batchfile=>976}

ripienaar/free-for-dev
{}

spf13/hugo
{:Go=>1204060, :Makefile=>2833, :Shell=>750}

zeit/hyper
{:JavaScript=>187537, :HTML=>109137}

defunkt/jquery-pjax
{:JavaScript=>77234,
 :HTML=>4055,
 :Ruby=>1776,
 :CoffeeScript=>1296,
 :Shell=>586}

almasaeed2010/AdminLTE
{:HTML=>3397029, :JavaScript=>2854623, :CSS=>493421, :PHP=>3916}

hexojs/hexo
{:JavaScript=>589963}

vshatskyi/black-screen
{:TypeScript=>390540, :Shell=>1255, :HTML=>1073, :JavaScript=>906}

less/less.js
{:JavaScript=>584115, :CSS=>275885, :HTML=>649}

Reactive-Extensions/RxJS
{:JavaScript=>6057051,
 :TypeScript=>449559,
 :HTML=>78853,
 :Shell=>2082,
 :CSS=>87}

grafana/grafana
{:Go=>1044335,
 :TypeScript=>776276,
 :HTML=>423947,
 :JavaScript=>398233,
 :CSS=>243434,
 :Shell=>47020,
 :Python=>4687,
 :Smarty=>2116,
 :Nginx=>1770,
 :Makefile=>301}

serverless/serverless
{:JavaScript=>879634,
 :Java=>9112,
 :Shell=>2322,
 :Python=>2089,
 :Scala=>1306,
 :"C#"=>880,
 :PowerShell=>737}

ziadoz/awesome-php
{}

photonstorm/phaser
{:HTML=>29189087, :JavaScript=>24987052, :CSS=>379475, :PHP=>88652}

google/guava
{:Java=>12947748, :CSS=>11478, :Shell=>1128}

facebook/hhvm
{:"C++"=>45971900,
 :PHP=>17126568,
 :Hack=>4838130,
 :OCaml=>4108628,
 :C=>2022481,
 :JavaScript=>455036,
 :CMake=>425345,
 :Python=>360287,
 :Yacc=>140433,
 :Assembly=>31133,
 :Shell=>29841,
 :"Standard ML"=>29626,
 :Roff=>20740,
 :Makefile=>16054,
 :XSLT=>15892,
 :LLVM=>12000,
 :"Emacs Lisp"=>11930,
 :"Objective-C"=>10328,
 :Perl=>4567,
 :Batchfile=>2352,
 :GDB=>2215,
 :CSS=>1477,
 :HTML=>1015,
 :Awk=>48}

ajaxorg/ace
{:JavaScript=>12597170,
 :HTML=>1278407,
 :CSS=>133550,
 :LiveScript=>5747,
 :Makefile=>5681,
 :Shell=>4256,
 :Kotlin=>3556,
 :"Objective-C"=>2672,
 :R=>2445,
 :Nix=>2212,
 :LSL=>2080,
 :Liquid=>1883,
 :TypeScript=>1672,
 :Java=>1550,
 :Scala=>1541,
 :Pascal=>1412,
 :TeX=>1345,
 :ActionScript=>1133,
 :Groovy=>1080,
 :ABAP=>1037,
 :FreeMarker=>1017,
 :Lua=>981,
 :Forth=>979,
 :"Visual Basic"=>938,
 :Tcl=>899,
 :VHDL=>830,
 :"C++"=>808,
 :Clojure=>794,
 :AutoHotkey=>720,
 :Fortran=>713,
 :Cucumber=>699,
 :Elixir=>692,
 :Bro=>689,
 :Perl=>678,
 :Go=>641,
 :"Common Lisp"=>632,
 :Mask=>597,
 :Scheme=>559,
 :OCaml=>539,
 :Ruby=>531,
 :Cirru=>520,
 :GLSL=>512,
 :Haskell=>512,
 :Assembly=>506,
 :Rust=>495,
 :Dart=>489,
 :Elm=>487,
 :Erlang=>487,
 :NSIS=>486,
 :Vala=>485,
 :Python=>478,
 :Swift=>476,
 :Haxe=>447,
 :PowerShell=>418,
 :CoffeeScript=>403,
 :Eiffel=>375,
 :PHP=>351,
 :OpenSCAD=>333,
 :D=>324,
 :"Protocol Buffer"=>274,
 :Verilog=>274,
 :Batchfile=>260,
 :Julia=>210,
 :Matlab=>203,
 :"C#"=>151,
 :Io=>140,
 :XQuery=>114,
 :Ada=>99,
 :ColdFusion=>86,
 :COBOL=>4,
 :JSONiq=>4}

GitbookIO/gitbook
{:JavaScript=>495907, :CSS=>23570, :Shell=>1005}

SamyPesse/How-to-Make-a-Computer-Operating-System
{:C=>518507,
 :"C++"=>142301,
 :Assembly=>20356,
 :Makefile=>9623,
 :Ruby=>4779,
 :Shell=>456}

JakeWharton/butterknife
{:Java=>429233, :HTML=>17901, :Groovy=>2837, :CSS=>2194, :Shell=>1866}

request/request
{:JavaScript=>286614, :Shell=>2535}

SnapKit/Masonry
{:"Objective-C"=>151963, :Ruby=>2852, :Shell=>602}

ftlabs/fastclick
{:HTML=>83172, :JavaScript=>25965, :Makefile=>749}

kahun/awesome-sysadmin
{}

Kickball/awesome-selfhosted
{:JavaScript=>5603, :Makefile=>2936, :Ruby=>1136}

mitchellh/vagrant
{:Ruby=>2465161,
 :HTML=>75993,
 :CSS=>46593,
 :PowerShell=>37362,
 :Shell=>11677,
 :JavaScript=>9727,
 :"Emacs Lisp"=>420,
 :"Vim script"=>309,
 :Makefile=>275}

VundleVim/Vundle.vim
{:VimL=>46945, :Erlang=>423}

astaxie/build-web-application-with-golang
{:Go=>216621, :Groovy=>22539, :Shell=>4572}

fastlane/fastlane
{:Ruby=>3051384,
 :"Objective-C"=>69198,
 :Shell=>44178,
 :HTML=>41118,
 :Java=>30333,
 :Swift=>11128,
 :Matlab=>115,
 :JavaScript=>39}

twitter/typeahead.js
{:JavaScript=>429076, :HTML=>11190, :Shell=>428}

symfony/symfony
{:PHP=>12898360,
 :HTML=>296859,
 :C=>8656,
 :M4=>2250,
 :Shell=>375,
 :JavaScript=>345}

angular-ui/bootstrap
{:JavaScript=>1032061, :HTML=>86495, :CSS=>11219}

bcit-ci/CodeIgniter
{:PHP=>1936397,
 :HTML=>26915,
 :Python=>11583,
 :JavaScript=>6398,
 :Makefile=>4614,
 :CSS=>2486,
 :Shell=>1942,
 :ApacheConf=>240}

petkaantonov/bluebird
{:JavaScript=>1235082, :CSS=>4242, :Shell=>1121, :HTML=>657}

MaximAbramchuck/awesome-interview-questions
{}

PhilJay/MPAndroidChart
{:Java=>1287736}

jashkenas/coffeescript
{:CoffeeScript=>506430, :JavaScript=>656}

koajs/koa
{:JavaScript=>132742, :Makefile=>1204, :Shell=>206}

twbs/ratchet
{:CSS=>130346, :JavaScript=>73995, :HTML=>1728}

karan/Projects
{}

0xAX/linux-insides
{}

aosabook/500lines
{:JavaScript=>837088,
 :Python=>491023,
 :Haskell=>69364,
 :Ruby=>41538,
 :Clojure=>31739,
 :Erlang=>29212,
 :"Jupyter Notebook"=>29015,
 :TeX=>28849,
 :Java=>23309,
 :"Common Lisp"=>21140,
 :HTML=>20410,
 :Alloy=>19151,
 :Julia=>15806,
 :Lua=>13141,
 :LiveScript=>7417,
 :Makefile=>6943,
 :CSS=>6521,
 :Shell=>4431,
 :CoffeeScript=>2362}

dhg/Skeleton
{:CSS=>11452}

pugjs/pug
{:JavaScript=>237244, :HTML=>74720, :CSS=>136, :CoffeeScript=>126}

postcss/postcss
{:JavaScript=>260851}

opencv/opencv
{:"C++"=>24525038,
 :Cuda=>1685164,
 :C=>896809,
 :CMake=>670296,
 :Java=>663021,
 :Python=>436808,
 :"Objective-C++"=>211297,
 :"Objective-C"=>44534,
 :Perl=>15867,
 :PowerShell=>14522,
 :Shell=>11978,
 :Batchfile=>4597,
 :TeX=>1320,
 :Makefile=>414}

square/leakcanary
{:Java=>207093, :Shell=>939}

SwiftyJSON/SwiftyJSON
{:Swift=>140848, :"Objective-C"=>1389, :Ruby=>713, :Shell=>61}

limetext/lime
{}

weui/weui
{:HTML=>88739, :CSS=>71948, :JavaScript=>14485}

alex/what-happens-when
{}

facebook/flux
{:JavaScript=>107662, :CSS=>14247, :Shell=>374}

bumptech/glide
{:Java=>1505859, :Shell=>672}

greenrobot/EventBus
{:Java=>269943, :CSS=>12808}

dokku/dokku
{:Shell=>345670,
 :Makefile=>29098,
 :Python=>10533,
 :JavaScript=>5714,
 :Scala=>2235,
 :HTML=>1752,
 :Ruby=>1282,
 :Java=>853,
 :Clojure=>666,
 :Go=>330,
 :CSS=>197,
 :PHP=>43}

dimsemenov/PhotoSwipe
{:JavaScript=>237581, :CSS=>45651, :HTML=>44055}

ZuzooVn/machine-learning-for-software-engineers
{}

pixijs/pixi.js
{:JavaScript=>995859, :GLSL=>11333, :CSS=>2922, :HTML=>1261}

mzabriskie/axios
{:JavaScript=>133280, :HTML=>6241, :TypeScript=>5893}

Valloric/YouCompleteMe
{:Python=>342938, :"Vim script"=>30702, :Shell=>3442, :Batchfile=>568}

futurice/android-best-practices
{}

tornadoweb/tornado
{:Python=>1576022,
 :HTML=>12434,
 :CSS=>7736,
 :JavaScript=>6088,
 :Shell=>4070,
 :Ruby=>1428,
 :C=>1078}

kriskowal/q
{:JavaScript=>261374, :CSS=>6444, :HTML=>1350}

danielgindi/Charts
{:Swift=>890898, :"Objective-C"=>251963, :Ruby=>6099, :Shell=>1312}

isocpp/CppCoreGuidelines
{:Python=>8958, :Makefile=>5521}

jdg/MBProgressHUD
{:"Objective-C"=>106786, :Ruby=>983}

angular-ui/ui-router
{:TypeScript=>237882, :JavaScript=>185587}

ParsePlatform/parse-server
{:JavaScript=>1538265, :Shell=>5950, :Python=>3583, :HTML=>2796}

rstacruz/nprogress
{:JavaScript=>16398, :HTML=>5549, :CSS=>4381}

google/iosched
{:Java=>2205821, :HTML=>44208, :JavaScript=>19470, :CSS=>6214, :Shell=>5083}

lord/slate
{:JavaScript=>404793, :CSS=>28274, :Shell=>5782, :Ruby=>4155, :HTML=>3348}

tobiasahlin/SpinKit
{:CSS=>59692, :JavaScript=>2555}

designmodo/Flat-UI
{:JavaScript=>469120, :CSS=>326621, :HTML=>37723}

kriasoft/react-starter-kit
{:JavaScript=>56647, :CSS=>13474}

square/picasso
{:Java=>457554, :HTML=>9682, :CSS=>3737, :Shell=>1621}

jcjohnson/neural-style
{:Lua=>18853, :Shell=>375}

angular/angular-seed
{:JavaScript=>5152, :HTML=>5148, :CSS=>306}

feross/webtorrent
{:JavaScript=>182573, :Shell=>606}

github/fetch
{:JavaScript=>56991, :Shell=>3248, :HTML=>2862, :Makefile=>752}

jgthms/bulma
{:CSS=>172325}

reddit/reddit
{:Python=>3815010,
 :JavaScript=>1878352,
 :HTML=>785820,
 :CSS=>402504,
 :Shell=>65353,
 :C=>23485,
 :PigLatin=>16564,
 :Makefile=>7780,
 :Java=>5817,
 :Thrift=>2050,
 :Ruby=>870}

XX-net/XX-Net
{:Python=>16114144,
 :C=>1497159,
 :JavaScript=>337075,
 :HTML=>130171,
 :CSS=>86313,
 :Shell=>7404,
 :"Visual Basic"=>1700,
 :"C++"=>252,
 :Batchfile=>88}

alibaba/weex
{:JavaScript=>7677529,
 :Java=>7505975,
 :"Objective-C"=>1060112,
 :C=>54186,
 :CSS=>19943,
 :Shell=>8639,
 :"Objective-C++"=>2509,
 :HTML=>1842,
 :Ruby=>1811}

rwaldron/idiomatic.js
{}

coreos/etcd
{:Go=>3008750,
 :"Protocol Buffer"=>41069,
 :Shell=>27456,
 :PowerShell=>2760,
 :Makefile=>1055,
 :Assembly=>256,
 :Batchfile=>51}

julianshapiro/velocity
{:JavaScript=>730734, :HTML=>75316, :CSS=>11816}

quilljs/quill
{:JavaScript=>277583, :CSS=>14847, :Shell=>2603}

spring-projects/spring-framework
{:Java=>33641529,
 :Kotlin=>76510,
 :Groovy=>49020,
 :HTML=>46501,
 :AspectJ=>31944,
 :FreeMarker=>15895,
 :CSS=>13054,
 :GAP=>6137,
 :Shell=>4187,
 :Batchfile=>4170,
 :XSLT=>2945,
 :Ruby=>2106,
 :JavaScript=>916,
 :Smarty=>700,
 :"Protocol Buffer"=>265,
 :Python=>254}

github/hubot
{:CoffeeScript=>125336, :Shell=>1421, :Makefile=>339}

jasmine/jasmine
{:JavaScript=>685489,
 :CSS=>6251,
 :Python=>3477,
 :Ruby=>3024,
 :HTML=>637,
 :Shell=>441}

knsv/mermaid
{:JavaScript=>338920, :HTML=>86184, :CSS=>32761, :Shell=>1372}

dkhamsing/open-source-ios-apps
{:Swift=>25158, :Ruby=>12526, :Shell=>478}

react-boilerplate/react-boilerplate
{:JavaScript=>199613, :HTML=>10813, :ApacheConf=>1787}

madrobby/zepto
{:HTML=>291194,
 :JavaScript=>100284,
 :CoffeeScript=>6481,
 :CSS=>1185,
 :Shell=>955,
 :Awk=>353}

interagent/http-api-design
{}

zxing/zxing
{:Java=>2345767, :HTML=>98593, :CSS=>3419}

braydie/HowToBeAProgrammer
{}

toddmotto/public-apis
{}

fchollet/keras
{:Python=>1234233, :Makefile=>697}

postcss/autoprefixer
{:CoffeeScript=>146703, :CSS=>44758, :JavaScript=>2693}

enyo/dropzone
{:JavaScript=>129254,
 :CoffeeScript=>124128,
 :CSS=>24001,
 :HTML=>583,
 :Shell=>319}

facebook/fresco
{:Java=>2736798,
 :"C++"=>212041,
 :C=>22418,
 :Python=>10351,
 :Makefile=>7247,
 :IDL=>1003,
 :Prolog=>153,
 :Shell=>102}

twbs/bootstrap-sass
{:Ruby=>63696, :CSS=>31663, :HTML=>3162, :JavaScript=>1936, :Shell=>298}

bbatsov/ruby-style-guide
{}

chjj/marked
{:HTML=>117807, :JavaScript=>46541, :Makefile=>208}

Thibaut/devdocs
{:Ruby=>666645,
 :CoffeeScript=>174593,
 :CSS=>86830,
 :HTML=>17555,
 :JavaScript=>895}

apache/spark
{:Scala=>21366227,
 :Java=>2791219,
 :Python=>2102480,
 :R=>910295,
 :Shell=>155623,
 :JavaScript=>134354,
 :Thrift=>33605,
 :ANTLR=>31747,
 :Roff=>26833,
 :Batchfile=>24063,
 :CSS=>23922,
 :HTML=>8781,
 :Makefile=>7774,
 :SQLPL=>6233,
 :PLpgSQL=>3817,
 :PowerShell=>3772,
 :C=>1493}

npm/npm
{:JavaScript=>1270549,
 :Shell=>18642,
 :CSS=>5635,
 :Makefile=>4946,
 :HTML=>4940,
 :Batchfile=>787}

domnikl/DesignPatternsPHP
{:PHP=>98339,
 :Python=>9476,
 :Makefile=>8055,
 :Batchfile=>7266,
 :Shell=>928,
 :Smarty=>20}

getsentry/sentry
{:Python=>13130979,
 :JavaScript=>997546,
 :HTML=>295358,
 :CSS=>254458,
 :Lua=>22367,
 :Makefile=>6254,
 :Ruby=>4114,
 :Shell=>793}

ruby/ruby
{:Ruby=>17825077,
 :C=>11811479,
 :Yacc=>259575,
 :Makefile=>170353,
 :"Emacs Lisp"=>122756,
 :"C++"=>99567,
 :GDB=>30015,
 :Ragel=>24937,
 :HTML=>22578,
 :JavaScript=>18023,
 :CSS=>15720,
 :XSLT=>13913,
 :Batchfile=>10078,
 :Shell=>7128,
 :M4=>1731,
 :Assembly=>1265,
 :Python=>871,
 :Awk=>750,
 :Scilab=>745,
 :Scheme=>668,
 :Perl6=>636,
 :Perl=>302,
 :ApacheConf=>35}

mochajs/mocha
{:JavaScript=>859566,
 :HTML=>7143,
 :CSS=>5616,
 :Makefile=>4766,
 :Shell=>2944,
 :CoffeeScript=>212}

kripken/emscripten
{:C=>30702614,
 :"C++"=>17485630,
 :JavaScript=>3377028,
 :Shell=>1464152,
 :Python=>1393554,
 :LLVM=>1378410,
 :Makefile=>1364724,
 :HTML=>1306909,
 :CMake=>304296,
 :M4=>255785,
 :"Objective-C"=>53428,
 :Groff=>51823,
 :HLSL=>40945,
 :Assembly=>30531,
 :Lua=>15098,
 :Nix=>8867,
 :CSS=>7850,
 :Batchfile=>7262}

jlmakes/scrollreveal
{:JavaScript=>55803}

ryanmcdermott/clean-code-javascript
{:JavaScript=>54823}

riot/riot
{:JavaScript=>846048, :HTML=>4570, :Makefile=>4032, :CSS=>109}

wycats/handlebars.js
{:JavaScript=>333802, :HTML=>8811, :Lex=>5130, :Yacc=>4267, :Ruby=>943}

ipader/SwiftGuide
{:Swift=>45815}

Automattic/mongoose
{:JavaScript=>4363203, :HTML=>13018, :Makefile=>1650}

desandro/masonry
{:JavaScript=>79072, :HTML=>24654, :CSS=>2236}

gruntjs/grunt
{:JavaScript=>166781}

HubSpot/pace
{:CSS=>380952, :CoffeeScript=>20315, :HTML=>1134}

bitcoin/bitcoin
{:"C++"=>4990580,
 :Python=>1117193,
 :C=>693313,
 :M4=>186023,
 :Makefile=>109332,
 :HTML=>50622,
 :Shell=>48895,
 :Java=>30290,
 :Assembly=>28456,
 :"Objective-C++"=>7240,
 :"Objective-C"=>3892,
 :"Protocol Buffer"=>2328,
 :CSS=>1127,
 :QMake=>756}

php/php-src
{:C=>64121495,
 :PHP=>27398391,
 :"C++"=>7068955,
 :"Objective-C"=>509452,
 :M4=>453457,
 :Shell=>318729,
 :JavaScript=>187897,
 :Lex=>77754,
 :Yacc=>72388,
 :Makefile=>62002,
 :HTML=>16574,
 :Awk=>14172,
 :GDB=>12721,
 :Perl=>10643,
 :XSLT=>8281,
 :Batchfile=>8079,
 :DTrace=>4528,
 :Roff=>1316,
 :GAP=>4}

ggreer/the_silver_searcher
{:C=>223145,
 :Perl=>18262,
 :M4=>16319,
 :Perl6=>6794,
 :Shell=>4909,
 :Makefile=>942,
 :Python=>638}

CamDavidsonPilon/Probabilistic-Programming-and-Bayesian-Methods-for-Hackers
{:"Jupyter Notebook"=>11700839,
 :Python=>42882,
 :HTML=>2585,
 :CSS=>2283,
 :Shell=>197}

dotnet/corefx
{:"C#"=>131300975,
 :C=>1078350,
 :"Visual Basic"=>829607,
 :"C++"=>618939,
 :XSLT=>462336,
 :"OpenEdge ABL"=>139178,
 :Shell=>64539,
 :CMake=>56297,
 :PowerShell=>51624,
 :"DIGITAL Command Language"=>26402,
 :Groovy=>23787,
 :Batchfile=>21575,
 :"Objective-C"=>9455,
 :Makefile=>9085,
 :Roff=>4236,
 :Perl=>3895,
 :ASP=>1687,
 :Python=>1535,
 :"1C Enterprise"=>903,
 :HTML=>653}

akullpp/awesome-java
{}

tensorflow/models
{:Python=>2000469,
 :"C++"=>651026,
 :"Jupyter Notebook"=>41814,
 :Shell=>36388,
 :"Protocol Buffer"=>10515,
 :Makefile=>6049}

textmate/textmate
{:"Objective-C++"=>1546728,
 :"C++"=>1434437,
 :"Objective-C"=>82285,
 :Ruby=>58127,
 :C=>8871,
 :CSS=>6531,
 :"Ragel in Ruby Host"=>5068,
 :HTML=>4919,
 :Makefile=>2198,
 :"Cap'n Proto"=>764,
 :XSLT=>679,
 :JavaScript=>664,
 :Shell=>542}

ccgus/fmdb
{:"Objective-C"=>314910, :Swift=>6781, :C=>6383, :Groff=>3114, :Ruby=>1682}

matteocrippa/awesome-swift
{:Swift=>25158, :Ruby=>3668, :Shell=>405}

naptha/tesseract.js
{:JavaScript=>28760}

ipython/ipython
{:Python=>2102228, :Makefile=>1447}

cheeriojs/cheerio
{:JavaScript=>232789, :HTML=>76198, :Makefile=>875, :Shell=>309}

tonsky/FiraCode
{:Clojure=>3350, :HTML=>1947, :CSS=>1508, :Shell=>562}

diaspora/diaspora
{:Ruby=>1822754,
 :JavaScript=>685285,
 :HTML=>214805,
 :Gherkin=>130211,
 :CSS=>110744,
 :Shell=>5686}

vuejs/awesome-vue
{}

bolshchikov/js-must-watch
{}

airbnb/superset
{:Python=>704465,
 :JavaScript=>460842,
 :HTML=>113333,
 :CSS=>58591,
 :Shell=>1041,
 :Mako=>412}

legomushroom/mojs
{:JavaScript=>1160858, :CoffeeScript=>811852, :HTML=>89880, :CSS=>11592}

node-inspector/node-inspector
{:JavaScript=>5969466, :CSS=>281014, :Python=>2368, :HTML=>2339}

wagerfield/parallax
{:JavaScript=>73112}

codemirror/CodeMirror
{:JavaScript=>2459576, :HTML=>625417, :CSS=>119019, :Shell=>291}

etsy/statsd
{:JavaScript=>150437, :Shell=>3690, :Perl=>1451}

Bilibili/ijkplayer
{:C=>1091769,
 :"Objective-C"=>418671,
 :Java=>403854,
 :Shell=>122955,
 :"C++"=>36153,
 :Makefile=>20357,
 :Ruby=>180}

wg/wrk
{:C=>198655, :Lua=>4956, :"C++"=>3698, :Makefile=>2637, :"Objective-C"=>949}

h5bp/Effeckt.css
{:CSS=>452367, :Handlebars=>84583, :JavaScript=>49252}

RocketChat/Rocket.Chat
{:JavaScript=>1726612,
 :CoffeeScript=>718398,
 :CSS=>275779,
 :HTML=>247406,
 :Shell=>11014,
 :Ruby=>4237,
 :"Cap'n Proto"=>3868,
 :Batchfile=>548}

ReactiveX/RxAndroid
{:Java=>39506, :Shell=>1048}

nolimits4web/Swiper
{:JavaScript=>200905, :HTML=>122222, :CSS=>23005}

raywenderlich/swift-algorithm-club
{:Swift=>628385, :"Objective-C"=>1231, :Shell=>732}

kilimchoi/engineering-blogs
{:Ruby=>3465}

mongodb/mongo
{:"C++"=>30475809,
 :JavaScript=>6480059,
 :Go=>1345949,
 :Python=>1088659,
 :C=>150844,
 :Shell=>29227,
 :Ruby=>7816,
 :Batchfile=>1212,
 :PowerShell=>441,
 :HTML=>392,
 :GDB=>166}

substack/node-browserify
{:JavaScript=>166364, :HTML=>340, :Shell=>303, :CoffeeScript=>112}

juliangarnier/anime
{:JavaScript=>20568}

kennethreitz/python-guide
{:Batchfile=>4273, :Makefile=>183}

jmcunningham/AngularJS-Learning
{}

libgdx/libgdx
{:Java=>13842831,
 :"C++"=>10914920,
 :C=>8341109,
 :HTML=>1125248,
 :Shell=>355157,
 :Python=>182748,
 :Makefile=>178790,
 :GLSL=>122352,
 :"Objective-C"=>73871,
 :CSS=>58715,
 :"Objective-C++"=>58296,
 :CMake=>50470,
 :M4=>44177,
 :"DIGITAL Command Language"=>35809,
 :Ragel=>29614,
 :"OpenEdge ABL"=>15076,
 :Perl=>12797,
 :Awk=>3962,
 :Roff=>2333,
 :Lua=>1354,
 :JavaScript=>72}

scottjehl/Respond
{:JavaScript=>89244, :CSS=>9776, :HTML=>6739}

syl20bnr/spacemacs
{:"Emacs Lisp"=>1786468,
 :Python=>22331,
 :Shell=>4064,
 :TeX=>3446,
 :Makefile=>3354,
 :Ruby=>391}

altercation/solarized
{:VimL=>53940,
 :Perl=>11535,
 :Shell=>8922,
 :JavaScript=>8868,
 :"Emacs Lisp"=>5430,
 :AppleScript=>4768,
 :Python=>2613,
 :Haskell=>1035,
 :PHP=>1003,
 :Ruby=>974,
 :C=>776,
 :Java=>461}

Shopify/dashing
{:JavaScript=>476507,
 :Ruby=>24551,
 :CSS=>11497,
 :CoffeeScript=>9893,
 :HTML=>7917}

facebook/AsyncDisplayKit
{:"Objective-C"=>1504877,
 :"Objective-C++"=>1375309,
 :Swift=>64744,
 :Shell=>9965,
 :Python=>6021,
 :Ruby=>5743,
 :"C++"=>1308,
 :"GCC Machine Description"=>374}

fouber/blog
{}

racaljk/hosts
{}

driftyco/ionicons
{:HTML=>1281583, :CSS=>296332, :Python=>32324}

MostlyAdequate/mostly-adequate-guide
{:JavaScript=>36455, :HTML=>233}

caskroom/homebrew-cask
{:Ruby=>1916329, :Shell=>56955}

PerfectlySoft/Perfect
{:Swift=>99129}

drduh/macOS-Security-and-Privacy-Guide
{:Python=>2454}

segmentio/nightmare
{:JavaScript=>133660, :Shell=>2211, :Makefile=>627, :CSS=>42}

faif/python-patterns
{:Python=>113362, :Shell=>717}

janl/mustache.js
{:JavaScript=>50207, :HTML=>6068, :Ruby=>3742, :Shell=>907}

chriskempson/tomorrow-theme
{:CSS=>122839,
 :VimL=>75674,
 :"Emacs Lisp"=>31919,
 :JavaScript=>19177,
 :Shell=>5069,
 :Python=>2459}

Mantle/Mantle
{:"Objective-C"=>215745, :C=>30543, :Swift=>421}

loverajoel/jstips
{:CSS=>86786, :HTML=>20341, :JavaScript=>43}

soimort/you-get
{:Python=>396291, :Shell=>2649, :Makefile=>805}

requirejs/requirejs
{:JavaScript=>346094, :HTML=>160676, :Perl=>35622, :Shell=>3236}

facebook/flow
{:OCaml=>2816520,
 :JavaScript=>1953760,
 :C=>110152,
 :Shell=>47026,
 :Ruby=>30943,
 :CSS=>22331,
 :Makefile=>13106,
 :HTML=>12186,
 :"Standard ML"=>7058,
 :PowerShell=>2552,
 :Batchfile=>1511,
 :Python=>566}

jfeinstein10/SlidingMenu
{:Java=>141908, :Groovy=>725}

magicalpanda/MagicalRecord
{:"Objective-C"=>363352, :Ruby=>10402, :Shell=>5070, :Awk=>487}

fzaninotto/Faker
{:PHP=>8114159, :Makefile=>223}

adobe-fonts/source-code-pro
{:Python=>5844, :Batchfile=>1799, :Shell=>1147}

MengTo/Spring
{:Swift=>119511, :Ruby=>491, :"Objective-C"=>471}

ant-design/ant-design
{:CSS=>340778,
 :TypeScript=>273443,
 :JavaScript=>125118,
 :HTML=>3200,
 :Shell=>238}

jondot/awesome-react-native
{:Ruby=>2181, :Shell=>117}

jquery/jquery-mobile
{:JavaScript=>1212172, :PHP=>1088855, :HTML=>445230, :CSS=>270458}

spring-projects/spring-boot
{:Java=>10486003,
 :HTML=>69632,
 :Groovy=>48790,
 :JavaScript=>37789,
 :XSLT=>34105,
 :Shell=>22406,
 :Batchfile=>6954,
 :CSS=>5769,
 :Smarty=>3276,
 :FreeMarker=>2134,
 :Ruby=>1307}

octocat/Spoon-Knife
{:HTML=>355, :CSS=>256}

apache/incubator-predictionio
{:Scala=>847558, :Shell=>107840, :Python=>38083, :HTML=>8327, :Java=>8118}

yabwe/medium-editor
{:JavaScript=>866445, :HTML=>60599, :CSS=>24529}

RestKit/RestKit
{:"Objective-C"=>2615118,
 :HTML=>27468,
 :Ruby=>22211,
 :C=>2115,
 :"Objective-C++"=>1163,
 :Shell=>291}

mattermost/platform
{:JavaScript=>3414872,
 :Go=>2117998,
 :CSS=>256151,
 :HTML=>40481,
 :Makefile=>19664}

verekia/js-stack-from-scratch
{:JavaScript=>28083}

mholt/caddy
{:Go=>879900, :PHP=>1948, :Shell=>1428, :HTML=>677, :Smarty=>193}

herrbischoff/awesome-osx-command-line
{}

VerbalExpressions/JSVerbalExpressions
{:JavaScript=>138782, :CSS=>5349, :HTML=>346}

realm/realm-cocoa
{:"Objective-C"=>1595946,
 :Swift=>616301,
 :Shell=>55874,
 :"C++"=>45726,
 :Ruby=>12162,
 :Python=>10700,
 :Groovy=>6783,
 :"Emacs Lisp"=>227}

CoderMJLee/MJRefresh
{:"Objective-C"=>144120, :Ruby=>539}

github/hub
{:Go=>241379,
 :Gherkin=>156285,
 :Shell=>37292,
 :Ruby=>25983,
 :Batchfile=>2071,
 :Makefile=>1659}

jquery/jquery-ui
{:JavaScript=>1445730, :HTML=>429046, :CSS=>42847, :PHP=>26105}

jessesquires/JSQMessagesViewController
{:"Objective-C"=>476981, :Swift=>42410, :Shell=>17628, :Ruby=>1598}

linnovate/mean
{:JavaScript=>28874, :HTML=>12897, :CSS=>29}

influxdata/influxdb
{:Go=>4619050,
 :Shell=>53201,
 :Python=>41084,
 :JavaScript=>15658,
 :HTML=>11742,
 :"Protocol Buffer"=>11556,
 :CSS=>9692,
 :Ruby=>4064,
 :Makefile=>870}

remy/nodemon
{:JavaScript=>158913, :HTML=>5010}

google/deepdream
{}

sindresorhus/awesome-electron
{}

jaredhanson/passport
{:JavaScript=>241755, :Makefile=>408}

visionmedia/superagent
{:JavaScript=>213873, :Makefile=>1286, :HTML=>13}

alcatraz/Alcatraz
{:"Objective-C"=>179636, :Shell=>2050, :Makefile=>1812, :Ruby=>96}

git-tips/tips
{:JavaScript=>1102}

spf13/spf13-vim
{:VimL=>50461, :Shell=>5416, :Batchfile=>4100}

addyosmani/backbone-fundamentals
{:JavaScript=>1482716,
 :HTML=>1001382,
 :CSS=>250869,
 :Makefile=>1455,
 :Ruby=>1180,
 :Shell=>214}

xdissent/ievms
{:Shell=>23127, :Batchfile=>607}

DefinitelyTyped/DefinitelyTyped
{:TypeScript=>23668487, :JavaScript=>6462}

Flipboard/react-canvas
{:JavaScript=>96342}

loopj/android-async-http
{:Java=>473207}

substack/stream-handbook
{:JavaScript=>8791, :HTML=>327, :CSS=>212, :Shell=>61}

phanan/htaccess
{}

browserstate/history.js
{:JavaScript=>1107061,
 :HTML=>42330,
 :CoffeeScript=>15764,
 :PHP=>3313,
 :ApacheConf=>419}

yiisoft/yii2
{:PHP=>5409325,
 :JavaScript=>253616,
 :PLSQL=>15645,
 :HTML=>11874,
 :Shell=>3322,
 :Batchfile=>1085,
 :Ruby=>207,
 :ApacheConf=>28,
 :CSS=>20}

astaxie/beego
{:Go=>1086962}

imathis/octopress
{:Ruby=>57218, :CSS=>43061, :JavaScript=>27529, :HTML=>18049}

cocos2d/cocos2d-x
{:"C++"=>30980233,
 :JavaScript=>3532208,
 :Lua=>3199928,
 :C=>1445503,
 :"Objective-C++"=>492127,
 :"Objective-C"=>465811,
 :Java=>379781,
 :CMake=>293974,
 :Makefile=>224733,
 :GLSL=>120458,
 :Python=>42744,
 :Shell=>10030,
 :HTML=>8249,
 :"Csound Document"=>8229,
 :CSS=>300,
 :Batchfile=>120}

ampproject/amphtml
{:JavaScript=>5855098,
 :HTML=>507390,
 :CSS=>71950,
 :Python=>70906,
 :Java=>36355,
 :"Protocol Buffer"=>25410,
 :Go=>7459,
 :Shell=>4731}

jwagner/smartcrop.js
{:JavaScript=>29095, :HTML=>1016, :Shell=>677, :VimL=>91}

tj/git-extras
{:Shell=>93025, :Batchfile=>4490, :Makefile=>2916}

puikinsh/gentelella
{:HTML=>1482907, :CSS=>176995, :JavaScript=>127363}

Microsoft/CNTK
{:"C++"=>8171121,
 :"Jupyter Notebook"=>1868753,
 :Python=>695857,
 :Cuda=>667085,
 :Shell=>124659,
 :PowerShell=>121145,
 :Makefile=>58740,
 :"C#"=>32969,
 :Batchfile=>22075,
 :"Protocol Buffer"=>17593,
 :C=>16921,
 :Perl=>12728,
 :"Objective-C"=>4372,
 :Matlab=>2932,
 :HTML=>2164}

LightTable/LightTable
{:Clojure=>546640, :CSS=>93873, :Shell=>8150, :JavaScript=>5303, :HTML=>1602}

julycoding/The-Art-Of-Programming-By-July
{:C=>140959,
 :Python=>31631,
 :Java=>25903,
 :"C++"=>19793,
 :JavaScript=>13725,
 :Ruby=>12473,
 :Go=>8872,
 :PHP=>8807,
 :Rebol=>8058,
 :Erlang=>5443,
 :TeX=>3639,
 :Scheme=>3300,
 :Makefile=>2272,
 :HTML=>1287,
 :CSS=>456}

NativeScript/NativeScript
{:TypeScript=>3110626, :JavaScript=>138348, :CSS=>15465, :HTML=>360}

feross/standard
{:JavaScript=>5444, :Shell=>506}

songrotek/Deep-Learning-Papers-Reading-Roadmap
{:Python=>3988}

philipwalton/solved-by-flexbox
{:JavaScript=>20349, :CSS=>17261, :HTML=>12799}

adobe-webplatform/Snap.svg
{:JavaScript=>1023965, :HTML=>519675, :CSS=>5266, :Ruby=>851}

ibireme/YYKit
{:"Objective-C"=>2238241, :Ruby=>1144}

JacksonTian/fks
{:JavaScript=>5200, :CSS=>1201, :HTML=>1172, :Makefile=>29}

uxsolutions/bootstrap-datepicker
{:JavaScript=>268872, :CSS=>22361, :HTML=>3484}

sass/sass
{:Ruby=>1359871, :CSS=>30022, :Shell=>962, :HTML=>493}

elixir-lang/elixir
{:Elixir=>3308779,
 :Erlang=>398223,
 :Makefile=>9150,
 :Batchfile=>8231,
 :Shell=>7048,
 :PowerShell=>576,
 :HTML=>50}

selectize/selectize.js
{:JavaScript=>250395, :CSS=>27506, :Makefile=>902}

RubaXa/Sortable
{:JavaScript=>41591, :HTML=>13256, :CSS=>3643}

SVProgressHUD/SVProgressHUD
{:"Objective-C"=>86008, :Ruby=>961}

capistrano/capistrano
{:Ruby=>206003, :Gherkin=>4797, :HTML=>3146}

jiahaog/nativefier
{:JavaScript=>75101, :Shell=>4182, :CSS=>920, :HTML=>579}

keen/dashboards
{:JavaScript=>271349, :HTML=>76008, :CSS=>4710}

foreverjs/forever
{:JavaScript=>73947, :Shell=>1128}

DrkSephy/es6-cheatsheet
{:JavaScript=>51}

cmderdev/cmder
{:PowerShell=>10765, :"C++"=>9946, :Batchfile=>3915}

isagalaev/highlight.js
{:JavaScript=>641655,
 :CSS=>84169,
 :HTML=>1365,
 :Groovy=>1321,
 :Scheme=>612,
 :Shell=>214}

gionkunz/chartist-js
{:JavaScript=>336633, :CSS=>101240, :HTML=>20900}

benweet/stackedit
{:JavaScript=>2151616, :CSS=>246446, :HTML=>187870}

Marak/faker.js
{:JavaScript=>18254468, :HTML=>841, :CoffeeScript=>233}

infernojs/inferno
{:JavaScript=>1211811, :HTML=>7059, :CSS=>1880}

rbenv/rbenv
{:Shell=>88726, :Ruby=>1427, :C=>1328, :Makefile=>576, :VimL=>35}

cjwirth/awesome-ios-ui
{}

go-martini/martini
{:Go=>56755}

inconshreveable/ngrok
{:Go=>113076, :JavaScript=>34386, :HTML=>7255, :Makefile=>1433}

CocoaPods/CocoaPods
{:Ruby=>1183474}

yaronn/blessed-contrib
{:JavaScript=>66805}

petehunt/webpack-howto
{:JavaScript=>1785, :HTML=>67, :CSS=>37}

netty/netty
{:Java=>13081439,
 :C=>96020,
 :Shell=>4114,
 :Groovy=>1755,
 :"Protocol Buffer"=>1712,
 :"C++"=>1555,
 :HTML=>1466,
 :CSS=>49}

cayleygraph/cayley
{:Go=>1082494,
 :JavaScript=>25613,
 :CSS=>10497,
 :Ragel=>9859,
 :HTML=>8287,
 :"Protocol Buffer"=>3730,
 :Python=>3624,
 :Makefile=>1043,
 :Shell=>165}

parkjs814/AlgorithmVisualizer
{:JavaScript=>234093, :CSS=>14191, :HTML=>7640}

dimsemenov/Magnific-Popup
{:JavaScript=>201352, :HTML=>48503, :CSS=>39377}

wekan/wekan
{:JavaScript=>245021, :CSS=>55139, :HTML=>52592, :"Cap'n Proto"=>7210}

aurelia/framework
{:JavaScript=>55310}

keystonejs/keystone
{:JavaScript=>1566105, :CSS=>135480, :HTML=>23836}

wsargent/docker-cheat-sheet
{}

facebook/draft-js
{:JavaScript=>646472, :CSS=>24059, :Shell=>1204}

Developer-Y/cs-video-courses
{}

chrisbanes/PhotoView
{:Java=>113439}

Selz/plyr
{:JavaScript=>160441, :CSS=>56126, :HTML=>5561}

docker/compose
{:Python=>698285, :Shell=>25909, :PowerShell=>2600}

nathanmarz/storm
{:Java=>2315801,
 :Clojure=>665191,
 :Python=>273088,
 :CSS=>42972,
 :Shell=>7682,
 :Ruby=>7626,
 :Fancy=>3891,
 :JavaScript=>3020}

peachananr/onepage-scroll
{:JavaScript=>31293, :CSS=>3462}

scottjehl/picturefill
{:JavaScript=>247293, :HTML=>34509, :CSS=>4991}

cubiq/iscroll
{:JavaScript=>311867, :HTML=>87590, :PHP=>393}

playframework/playframework
{:Scala=>2429209,
 :Java=>1002501,
 :HTML=>57454,
 :Shell=>4552,
 :JavaScript=>3123,
 :Roff=>1333,
 :CSS=>1166}

WickyNilliams/headroom.js
{:JavaScript=>33876}

androidannotations/androidannotations
{:Java=>2274731, :Shell=>7272, :Batchfile=>5130}

nolimits4web/Framework7
{:HTML=>1610276, :JavaScript=>808541, :CSS=>386171, :PHP=>1056}

DmitryBaranovskiy/raphael
{:JavaScript=>911487, :HTML=>2220}

amazeui/amazeui
{:CSS=>1097437, :JavaScript=>1037827, :HTML=>33475}

erikras/react-redux-universal-hot-example
{:JavaScript=>97314, :CSS=>15893}

Carthage/Carthage
{:Swift=>338545, :Shell=>4792, :Makefile=>2253, :C=>1707, :"Objective-C"=>530}

chrissimpkins/Hack
{:Python=>16141, :Shell=>9142, :CSS=>4295}

nicklockwood/iCarousel
{:"Objective-C"=>87865}

SnapKit/SnapKit
{:Swift=>137239, :"Objective-C"=>1325, :Ruby=>614}

composer/composer
{:PHP=>5257901, :Hack=>154}

gin-gonic/gin
{:Go=>218359, :"Protocol Buffer"=>234}

tldr-pages/tldr
{:TeX=>2720, :Shell=>2101, :Python=>1292, :JavaScript=>997}

zeit/next.js
{:JavaScript=>116765}

servo/servo
{}

php-fig/fig-standards
{}

avajs/ava
{:JavaScript=>381569}

sequelize/sequelize
{:JavaScript=>2520174, :PowerShell=>1468}

react-bootstrap/react-bootstrap
{:JavaScript=>465488}

AHAAAAAAA/PokemonGo-Map
{}

vim-airline/vim-airline
{:"Vim script"=>166114, :Ruby=>226}

phoenixframework/phoenix
{:Elixir=>862270, :JavaScript=>103988, :HTML=>14351, :CSS=>98}

tpope/vim-pathogen
{:VimL=>12474}

sinatra/sinatra
{:Ruby=>613165,
 :HTML=>2600,
 :Shell=>454,
 :CSS=>188,
 :Liquid=>70,
 :CoffeeScript=>13}

CocoaLumberjack/CocoaLumberjack
{:"Objective-C"=>500241,
 :Swift=>22039,
 :Ruby=>6149,
 :C=>3566,
 :Groff=>3115,
 :HTML=>3095,
 :Shell=>1468,
 :CSS=>419}

WordPress/WordPress
{:PHP=>11127714, :JavaScript=>2377846, :CSS=>2144838}

bang590/JSPatch
{:C=>620559,
 :"Objective-C"=>321970,
 :Assembly=>224937,
 :JavaScript=>211213,
 :Swift=>5791,
 :Ruby=>2462,
 :PHP=>1784}

fbsamples/f8app
{:JavaScript=>386326, :"Objective-C"=>9608, :Java=>4364, :Shell=>2382}

alebcay/awesome-shell
{}

hemanth/functional-programming-jargon
{}

JakeWharton/ViewPagerIndicator
{:Java=>140470}

drone/drone
{:Go=>616628,
 :SQLPL=>3133,
 :Makefile=>3029,
 :"Standard ML"=>1737,
 :HTML=>1703,
 :PLpgSQL=>467}

fgnass/spin.js
{:JavaScript=>134143, :HTML=>23051, :CSS=>12300}

you-dont-need/You-Dont-Need-Javascript
{:CSS=>21}

vapor/vapor
{:Swift=>411478, :Shell=>1335, :CSS=>947, :HTML=>511}

equinusocio/material-theme
{:Python=>20353, :JavaScript=>11943, :Shell=>127}

gabrielecirulli/2048
{:CSS=>33807, :JavaScript=>23479, :HTML=>3988, :Ruby=>300}

mysqljs/mysql
{:JavaScript=>553604}

thomaspark/bootswatch
{:HTML=>3329074,
 :CSS=>2176591,
 :JavaScript=>20914,
 :Makefile=>1224,
 :Ruby=>470}

ruanyf/react-demos
{:JavaScript=>1740734, :HTML=>9373}

afollestad/material-dialogs
{:Java=>329336, :HTML=>919}

FormidableLabs/webpack-dashboard
{:JavaScript=>17545}

VincentGarreau/particles.js
{:JavaScript=>49390, :CSS=>2585, :HTML=>1448}

jaywcjlove/awesome-mac
{:JavaScript=>7457}

aymericdamien/TensorFlow-Examples
{:"Jupyter Notebook"=>1174748, :Python=>5709}

grpc/grpc
{:C=>6437398,
 :"C++"=>1850322,
 :"C#"=>1491805,
 :Python=>1331489,
 :Makefile=>764323,
 :Ruby=>624984,
 :"Objective-C"=>321394,
 :JavaScript=>318460,
 :CMake=>317124,
 :PHP=>152358,
 :"Protocol Buffer"=>114700,
 :Shell=>56546,
 :M4=>38995,
 :Batchfile=>25692,
 :Swift=>5418,
 :DTrace=>147,
 :PureBasic=>147}

pockethub/PocketHub
{:Java=>1158765, :CSS=>10700, :JavaScript=>2333, :HTML=>540}

pandas-dev/pandas
{:Python=>11939426,
 :HTML=>554837,
 :C=>492059,
 :Shell=>19721,
 :"C++"=>15845,
 :R=>9964,
 :Batchfile=>6870,
 :PowerShell=>2970,
 :Makefile=>957,
 :"GCC Machine Description"=>129}

sdelements/lets-chat
{:JavaScript=>245563, :HTML=>46602, :CSS=>23786}

yeoman/yeoman
{}

guzzle/guzzle
{:PHP=>380579, :JavaScript=>7304, :Makefile=>1687}

Automattic/wp-calypso
{:JavaScript=>9836193,
 :CSS=>905572,
 :HTML=>10074,
 :Makefile=>8130,
 :Shell=>1987}

ptmt/react-native-macos
{:JavaScript=>2146325,
 :Java=>1831905,
 :"Objective-C"=>1384116,
 :"C++"=>563816,
 :C=>113850,
 :Python=>89752,
 :"Objective-C++"=>60970,
 :HTML=>28315,
 :CSS=>26161,
 :Shell=>19041,
 :Assembly=>15592,
 :Makefile=>6151,
 :Ruby=>4881,
 :Batchfile=>683,
 :Prolog=>287,
 :IDL=>280,
 :Awk=>121}

uikit/uikit
{:HTML=>871929, :CSS=>417206, :JavaScript=>183647}

Mashape/kong
{:Lua=>1299004, :Shell=>3272, :Makefile=>1004}

google/fonts
{:PureBasic=>695335, :HTML=>575942}

hashicorp/consul
{:Go=>2629612,
 :HTML=>125957,
 :CSS=>77958,
 :JavaScript=>72143,
 :Shell=>15383,
 :HCL=>12307,
 :Ruby=>9385,
 :Batchfile=>3306,
 :Makefile=>3245,
 :CoffeeScript=>199}

tesseract-ocr/tesseract
{:"C++"=>8089740,
 :C=>586169,
 :Shell=>87654,
 :Java=>73883,
 :CMake=>42090,
 :Makefile=>40568,
 :Perl=>6181,
 :"Objective-C"=>5786,
 :"Protocol Buffer"=>2636,
 :Python=>2184}

google/leveldb
{:"C++"=>726375, :C=>24410, :Makefile=>15424, :Shell=>7459}

thoughtbot/paperclip
{:Ruby=>513010, :Cucumber=>8317, :HTML=>383}

Netflix/Hystrix
{:Java=>3299451,
 :Clojure=>46696,
 :JavaScript=>33497,
 :HTML=>23210,
 :CSS=>19111,
 :Groovy=>1650}

allenwong/30DaysofSwift
{:Swift=>333509, :"Objective-C"=>91825, :Ruby=>189}

cockroachdb/cockroach
{:Go=>8731779,
 :TypeScript=>314132,
 :JavaScript=>264151,
 :"Protocol Buffer"=>228856,
 :Yacc=>131333,
 :"C++"=>88857,
 :Shell=>58575,
 :HCL=>54891,
 :CSS=>38653,
 :Tcl=>24739,
 :Makefile=>22721,
 :HTML=>18016,
 :C=>10777,
 :Smarty=>4831,
 :Ruby=>2554,
 :"Vim script"=>1650,
 :Awk=>1029}

vim/vim
{:C=>10781220,
 :"Vim script"=>9924387,
 :Roff=>427218,
 :Makefile=>374666,
 :"C++"=>283416,
 :M4=>141535,
 :PostScript=>64070,
 :Perl=>55149,
 :XS=>47681,
 :"Module Management System"=>45527,
 :NewLisp=>37316,
 :Ruby=>36023,
 :"Emacs Lisp"=>30222,
 :SystemVerilog=>27798,
 :JavaScript=>27595,
 :Smalltalk=>25677,
 :Shell=>22371,
 :Python=>20746,
 :Awk=>19129,
 :NSIS=>13729,
 :"DIGITAL Command Language"=>10836,
 :Batchfile=>7068,
 :"Objective-C"=>5192,
 :Assembly=>2189,
 :IDL=>278,
 :Prolog=>136}

localForage/localForage
{:JavaScript=>197776, :HTML=>9331, :TypeScript=>3430}

NUKnightLab/TimelineJS
{:JavaScript=>556355, :CSS=>104170, :HTML=>83857, :Python=>3392}

jessepollak/card
{:CSS=>22504, :CoffeeScript=>9709, :HTML=>1238, :JavaScript=>901}

HubSpot/youmightnotneedjquery
{:HTML=>157056, :CSS=>14077, :JavaScript=>12844, :CoffeeScript=>4115}

ericelliott/essential-javascript-links
{:ApacheConf=>40688, :JavaScript=>11195, :HTML=>5371, :CSS=>2458}

pouchdb/pouchdb
{:JavaScript=>2042121, :Shell=>10505, :HTML=>9352}

Bilibili/flv.js
{:JavaScript=>280573, :HTML=>4108}

lgvalle/Material-Animations
{:Java=>45455}

BrowserSync/browser-sync
{:JavaScript=>634401, :Shell=>268, :CSS=>28}

petehunt/react-howto
{}

storybooks/react-storybook
{:JavaScript=>61533, :HTML=>1137, :CSS=>404, :Shell=>307}

fullstackio/FlappySwift
{:Swift=>16026}

onevcat/VVDocumenter-Xcode
{:"Objective-C"=>180827}

lukasz-madon/awesome-remote-job
{}

binux/pyspider
{:Python=>555352, :JavaScript=>50004, :HTML=>25020, :CSS=>11931, :Lua=>6394}

strongloop/loopback
{:JavaScript=>828730, :HTML=>194}

stedolan/jq
{:C=>613706,
 :Yacc=>21817,
 :M4=>19760,
 :JSONiq=>17720,
 :Shell=>13064,
 :"C++"=>9734,
 :Makefile=>6159,
 :Lex=>4231,
 :Python=>1000}

rollup/rollup
{:JavaScript=>452143}

irungentoo/toxcore
{:C=>1554944,
 :"C++"=>95942,
 :M4=>44599,
 :Makefile=>10397,
 :Python=>9214,
 :Shell=>8308}

JuliaLang/julia
{:Julia=>6746797,
 :C=>1870678,
 :"C++"=>858492,
 :Scheme=>376472,
 :Makefile=>72139,
 :Clojure=>34608,
 :Shell=>32641,
 :Matlab=>19440,
 :Java=>12875,
 :Fortran=>11602,
 :JavaScript=>10794,
 :Assembly=>6887,
 :Scala=>6655,
 :Go=>6121,
 :Ruby=>5744,
 :Mathematica=>5467,
 :"Objective-C"=>5441,
 :Lua=>4729,
 :NSIS=>4708,
 :Python=>4658,
 :Stata=>4577,
 :AutoHotkey=>4482,
 :R=>3407,
 :Perl=>2834,
 :AppleScript=>178,
 :GDB=>76}

hzlzh/Best-App
{}

hackiftekhar/IQKeyboardManager
{:"Objective-C"=>1175148, :Swift=>340262, :C=>2171, :Ruby=>213}

nickbutcher/plaid
{:Java=>885897}

fabric/fabric
{:Python=>467095}

spree/spree
{:Ruby=>2312567,
 :HTML=>480478,
 :CSS=>136295,
 :JavaScript=>69941,
 :CoffeeScript=>38449,
 :Shell=>2193}

ElemeFE/element
{:Vue=>557037,
 :JavaScript=>287312,
 :CSS=>160788,
 :Shell=>3282,
 :Makefile=>1474}

facebook/folly
{:"C++"=>6818966,
 :M4=>84771,
 :C=>59994,
 :Makefile=>27826,
 :Python=>18529,
 :Shell=>7500,
 :Assembly=>4324,
 :Ruby=>1531,
 :CSS=>165}

nsqio/nsq
{:Go=>525153,
 :JavaScript=>43833,
 :HTML=>42518,
 :Python=>12153,
 :Shell=>6209,
 :CSS=>3212,
 :Makefile=>1429}

airbnb/enzyme
{:JavaScript=>379337, :Shell=>343}

karma-runner/karma
{:JavaScript=>459389,
 :Gherkin=>23361,
 :HTML=>6256,
 :Shell=>2562,
 :CoffeeScript=>2358,
 :TypeScript=>1664,
 :LiveScript=>1650}

amix/vimrc
{:VimL=>2244330,
 :Ruby=>33164,
 :Python=>7691,
 :Erlang=>3232,
 :Shell=>2786,
 :Go=>2239,
 :CoffeeScript=>1402,
 :JavaScript=>1064,
 :Makefile=>554,
 :"GCC Machine Description"=>525,
 :HTML=>134}

carhartl/jquery-cookie
{:JavaScript=>15778, :HTML=>924}

FreeCodeCampChina/freecodecamp.cn
{:CSS=>1376896, :JavaScript=>820789, :HTML=>242878}

buunguyen/octotree
{:JavaScript=>376721, :CSS=>115289, :HTML=>3161}

PHPMailer/PHPMailer
{:PHP=>439666, :Shell=>3832}

janpaepke/ScrollMagic
{:JavaScript=>419138, :HTML=>30718, :CSS=>29995}

sorrycc/awesome-javascript
{}

roots/sage
{:PHP=>28817, :JavaScript=>19435, :HTML=>5760, :CSS=>2391}

mgonto/restangular
{:JavaScript=>121797}

imakewebthings/waypoints
{:JavaScript=>334362, :CSS=>6537}

ViccAlexander/Chameleon
{:"Objective-C"=>212379, :Swift=>9714, :Ruby=>1171}

robbiehanson/CocoaAsyncSocket
{:"Objective-C"=>478580, :Swift=>5098, :Ruby=>2323, :HTML=>1865}

dmlc/mxnet
{:Python=>2043266,
 :"C++"=>2032571,
 :"Jupyter Notebook"=>1229388,
 :Scala=>671945,
 :R=>235891,
 :Cuda=>199889,
 :C=>76966,
 :Shell=>63514,
 :CMake=>36672,
 :Makefile=>30612,
 :Matlab=>30232,
 :Batchfile=>10550,
 :Java=>2868}

daylerees/colour-schemes
{:JavaScript=>2359808,
 :HTML=>518891,
 :CSS=>514713,
 :"Emacs Lisp"=>412124,
 :VimL=>408030,
 :PHP=>33603}

phacility/phabricator
{:PHP=>15449166,
 :JavaScript=>894159,
 :CSS=>367606,
 :C=>160255,
 :Roff=>30134,
 :Shell=>15982,
 :Makefile=>9933,
 :Python=>7385}

marcuswestin/WebViewJavascriptBridge
{:"Objective-C"=>56554,
 :Shell=>17360,
 :Swift=>11543,
 :HTML=>4633,
 :Ruby=>1463,
 :Makefile=>917,
 :C=>297}

knockout/knockout
{:JavaScript=>1112566, :CSS=>6508, :HTML=>6381}

kevinzhow/PNChart
{:"Objective-C"=>202292, :Ruby=>7151}

google/styleguide
{:HTML=>519838,
 :Python=>229000,
 :XSLT=>38593,
 :CSS=>12281,
 :JavaScript=>10751,
 :"Emacs Lisp"=>6198,
 :VimL=>1032,
 :C=>42}

prometheus/prometheus
{:Go=>1219838,
 :HTML=>71159,
 :JavaScript=>47338,
 :CSS=>6030,
 :Makefile=>2263,
 :"Protocol Buffer"=>953,
 :Shell=>280}

Blankj/AndroidUtilCode
{:Java=>698741}

jgm/pandoc
{:Haskell=>1998380,
 :HTML=>128082,
 :Roff=>12517,
 :Lua=>8953,
 :Shell=>4347,
 :Ruby=>3333,
 :Makefile=>2554,
 :Smarty=>2324,
 :Perl=>2189,
 :Batchfile=>1134,
 :CSS=>576}

shichuan/javascript-patterns
{}

sindresorhus/quick-look-plugins
{}

maxwellito/vivus
{:JavaScript=>66877, :HTML=>28281}

thoughtbot/bourbon
{:Ruby=>42329, :Cucumber=>2792, :CSS=>1893, :JavaScript=>241}

facebook/jest
{:JavaScript=>1080814, :CSS=>36465, :PHP=>5688, :TypeScript=>307}

gorhill/uBlock
{:JavaScript=>1225212, :CSS=>48398, :HTML=>38284}

gollum/gollum
{:JavaScript=>10999003,
 :Ruby=>181823,
 :CSS=>154614,
 :HTML=>23861,
 :Shell=>15629}

AllThingsSmitty/css-protips
{}

metafizzy/isotope
{:HTML=>97649, :JavaScript=>49064, :CSS=>3123}

sahat/satellizer
{:TypeScript=>70334, :JavaScript=>1198}

aFarkas/html5shiv
{:JavaScript=>232674, :HTML=>27335, :CSS=>8474}

chrisbanes/Android-PullToRefresh
{:Java=>192160}

revel/revel
{:Go=>242019, :HTML=>10102, :NewLisp=>118, :JavaScript=>26}

shadowsocks/shadowsocks-windows
{:"C#"=>815371, :Shell=>317}

sqlmapproject/sqlmap
{:Python=>1623050,
 :C=>13307,
 :Shell=>9683,
 :Perl=>2136,
 :"C++"=>1641,
 :PLpgSQL=>536,
 :"Objective-C"=>516}

sindresorhus/pageres
{:JavaScript=>14656, :HTML=>215}

tpope/vim-fugitive
{:"Vim script"=>104535}

audreyr/favicon-cheat-sheet
{}

facebook/relay
{:JavaScript=>2468717, :CSS=>22237, :Shell=>396, :HTML=>308}

Rochester-NRT/RocAlphaGo
{:Python=>172134}

chrisaljoudi/uBlock
{:JavaScript=>812707, :CSS=>28588, :HTML=>23036, :Shell=>9579}

systemjs/systemjs
{:JavaScript=>292120,
 :HTML=>6916,
 :TypeScript=>403,
 :CoffeeScript=>59,
 :CSS=>46}

oneuijs/You-Dont-Need-jQuery
{:JavaScript=>4667}

navasmdc/MaterialDesignLibrary
{:Java=>108206, :HTML=>31021, :CSS=>22156, :JavaScript=>48}

JohnCoates/Aerial
{:Swift=>76610}

ruby-grape/grape
{:Ruby=>729903}

facebook/osquery
{:"C++"=>2130239,
 :CMake=>74415,
 :"Objective-C++"=>62638,
 :C=>38093,
 :Makefile=>6195,
 :Thrift=>2969,
 :Shell=>2038}

kesenhoo/android-training-course-in-chinese
{:JavaScript=>1433, :HTML=>142}

stylus/stylus
{:JavaScript=>352911, :CSS=>301341, :Makefile=>983}

leereilly/games
{}

alsotang/node-lessons
{:JavaScript=>7223, :"GCC Machine Description"=>5221, :Makefile=>165}

begriffs/postgrest
{:Haskell=>236268, :Haxe=>5563, :Shell=>4656}

ReactiveX/RxSwift
{:Swift=>2329457, :"Objective-C"=>177915, :Shell=>14742, :Ruby=>8444}

apenwarr/sshuttle
{:Python=>167462, :Shell=>119}

davezuko/react-redux-starter-kit
{:JavaScript=>44138, :CSS=>802, :HTML=>356}

moklick/frontend-stuff
{}

alibaba/fastjson
{:Java=>4794635, :JavaScript=>3661, :Shell=>421}

gatsbyjs/gatsby
{:JavaScript=>79424, :Shell=>23}

Microsoft/dotnet
{:HTML=>123397}

chenglou/react-motion
{:JavaScript=>130795, :CSS=>8668, :HTML=>8535}

nagadomi/waifu2x
{:Lua=>121163,
 :HTML=>67539,
 :JavaScript=>9568,
 :CSS=>7924,
 :Shell=>7740,
 :Ruby=>1520}

arasatasaygin/is.js
{:JavaScript=>78072, :HTML=>608}

niklasvh/html2canvas
{:JavaScript=>1000320, :HTML=>177424, :CSS=>4242}

resque/resque
{:Ruby=>196566, :HTML=>17064, :CSS=>6268, :JavaScript=>5846, :Groff=>477}

vim-syntastic/syntastic
{:"Vim script"=>567064, :Erlang=>10020, :Python=>1081, :JavaScript=>1064}

rapid7/metasploit-framework
{:Ruby=>26929403,
 :JavaScript=>39514,
 :PowerShell=>31607,
 :Assembly=>23967,
 :HTML=>20319,
 :Gherkin=>12076,
 :C=>6769,
 :"Objective-C"=>6387,
 :CSS=>3723,
 :"Visual Basic"=>2362,
 :Python=>2128,
 :PHP=>1960,
 :Shell=>1072,
 :ActionScript=>636,
 :Batchfile=>556,
 :PostScript=>109,
 :Makefile=>87,
 :"DIGITAL Command Language"=>68}

scala/scala
{:Scala=>15747049,
 :Java=>342758,
 :CSS=>57699,
 :JavaScript=>54567,
 :Shell=>54216,
 :Python=>44027,
 :HTML=>6291,
 :Batchfile=>2970,
 :Awk=>1379,
 :Ruby=>142,
 :C=>141}

slimphp/Slim
{:PHP=>517069, :ApacheConf=>516}

guillaumepotier/Parsley.js
{:JavaScript=>282384, :HTML=>9024, :CSS=>629}

hacksalot/HackMyResume
{:JavaScript=>203127, :CoffeeScript=>146741, :HTML=>78776, :CSS=>6013}

phalcon/cphalcon
{:PHP=>2605979,
 :Zephir=>2017078,
 :Volt=>9306,
 :Shell=>8437,
 :HTML=>1981,
 :CSS=>278,
 :JavaScript=>104}

android10/Android-CleanArchitecture
{:Java=>153708}

teamcapybara/capybara
{:Ruby=>634964, :HTML=>37345, :JavaScript=>3929, :Gherkin=>1102}

reactnativecn/react-native-guide
{}

joewalnes/websocketd
{:Go=>66666, :Makefile=>10476, :Groff=>3666}

gztchan/awesome-design
{}

PHPOffice/PHPExcel
{:PHP=>4078010, :Batchfile=>181}

google/gson
{:HTML=>1428041,
 :Java=>1236562,
 :"Protocol Buffer"=>2939,
 :CSS=>1391,
 :JavaScript=>827}

javve/list.js
{:JavaScript=>221193, :HTML=>5225, :CSS=>1768}

facebookarchive/three20
{}

Tencent/mars
{:"C++"=>21337784,
 :C=>4622890,
 :Assembly=>252957,
 :Perl=>126869,
 :Java=>106893,
 :Python=>65834,
 :Makefile=>42706,
 :"DIGITAL Command Language"=>37718,
 :"Objective-C++"=>31837,
 :M4=>9738,
 :"Objective-C"=>9068,
 :"C#"=>6481,
 :eC=>3710,
 :Batchfile=>2593,
 :Shell=>728}

so-fancy/diff-so-fancy
{:Perl=>11408, :Shell=>10182}

xgrommx/awesome-redux
{}

harthur/brain
{:JavaScript=>37424}

ccampbell/mousetrap
{:JavaScript=>432969, :CSS=>4015, :HTML=>1894}

scrooloose/nerdtree
{:VimL=>175978}

geekcompany/ResumeSample
{}

dzenbot/DZNEmptyDataSet
{:"Objective-C"=>49352, :Ruby=>957}

HannahMitt/HomeMirror
{:Java=>80227, :Shell=>432}

facebook/Shimmer
{:"Objective-C"=>21564, :Ruby=>575}

handsontable/handsontable
{:JavaScript=>2579237, :HTML=>371488, :CSS=>47574, :PHP=>6763}

godotengine/godot
{:"C++"=>12194320,
 :Java=>494164,
 :C=>299415,
 :Python=>226396,
 :"Objective-C++"=>146038,
 :"Objective-C"=>28194,
 :HTML=>12837,
 :Shell=>266}

HubSpot/offline
{:CSS=>165479, :JavaScript=>37424, :CoffeeScript=>16610, :HTML=>1906}

thedillonb/CodeHub
{:"C#"=>1105281, :CSS=>80570, :JavaScript=>23159, :HTML=>438}

afaqurk/linux-dash
{:JavaScript=>34135,
 :Python=>23700,
 :Shell=>16387,
 :CSS=>14835,
 :HTML=>12380,
 :Perl=>3499,
 :Go=>1411,
 :PHP=>257}

hehonghui/android-tech-frontier
{}

Tencent/tinker
{:Java=>1149736, :Groovy=>66405, :Python=>11638, :IDL=>391, :Shell=>231}

tj/co
{:JavaScript=>21522}

Grouper/FlatUIKit
{:"Objective-C"=>139993, :Ruby=>1515}

abhishekbanthia/Public-APIs
{}

alexjc/neural-doodle
{:Python=>34851, :Shell=>1332}

basecamp/trix
{:CoffeeScript=>360094, :Ruby=>11334, :CSS=>9366, :Shell=>2258, :HTML=>2177}

paperjs/paper.js
{:JavaScript=>1581373, :Shell=>3821, :HTML=>627}

kamens/jQuery-menu-aim
{:JavaScript=>12354}

jordansissel/fpm
{:Ruby=>320854,
 :Shell=>25066,
 :HTML=>14613,
 :Python=>3424,
 :Puppet=>2126,
 :Makefile=>1018}

developit/preact
{:JavaScript=>160237}

JakeWharton/ActionBarSherlock
{:Java=>1546900, :JavaScript=>25796, :CSS=>12555, :Shell=>622}

goldfire/howler.js
{:JavaScript=>100917, :CSS=>8834, :HTML=>2104}

crystal-lang/crystal
{:Crystal=>5568353,
 :JavaScript=>28074,
 :HTML=>22638,
 :"C++"=>18768,
 :Shell=>14953,
 :CSS=>9529,
 :Makefile=>4402,
 :C=>620}

slackhq/SlackTextViewController
{:"Objective-C"=>255100, :Ruby=>4066, :Shell=>673}

dotnet/coreclr
{:"C#"=>136589301,
 :"C++"=>74114449,
 :C=>2940677,
 :Smalltalk=>1354762,
 :Assembly=>1044367,
 :"Objective-C"=>744915,
 :CMake=>630974,
 :Roff=>529523,
 :Python=>189958,
 :Groovy=>182042,
 :Shell=>167977,
 :Yacc=>157348,
 :Batchfile=>109652,
 :Perl=>24550,
 :Awk=>5861,
 :PowerShell=>5539,
 :SuperCollider=>4752,
 :Makefile=>2527,
 :PAWN=>903}

hapijs/hapi
{:JavaScript=>930064, :HTML=>92}

WhisperSystems/Signal-Android
{:C=>15441468,
 :"C++"=>3641828,
 :Java=>3509776,
 :Perl=>1966006,
 :Assembly=>1721736,
 :Makefile=>205452,
 :Shell=>116045,
 :Python=>58802,
 :M4=>48996,
 :Matlab=>15266,
 :XS=>4319,
 :IDL=>3870,
 :eC=>3710,
 :Batchfile=>2243,
 :Prolog=>327,
 :HTML=>50}

MrRio/jsPDF
{:JavaScript=>866020, :HTML=>17318, :ActionScript=>12703, :CSS=>4602}

saltstack/salt
{:Python=>24914426,
 :Shell=>416377,
 :NSIS=>62979,
 :SaltStack=>31665,
 :HTML=>29454,
 :PowerShell=>25076,
 :Batchfile=>11902,
 :Tcl=>5403,
 :Scheme=>895,
 :Makefile=>713,
 :C=>493,
 :Roff=>4}

matryer/bitbar
{:"Objective-C"=>84859, :HTML=>1460, :Shell=>952, :Makefile=>292}

Flipboard/FLEX
{:"Objective-C"=>1275706, :Ruby=>2643}

ochococo/Design-Patterns-In-Swift
{:Swift=>65775, :Shell=>1314}

junegunn/fzf
{:Go=>279557,
 :Ruby=>50040,
 :Shell=>40046,
 :"Vim script"=>19106,
 :Makefile=>5493}

google/flatbuffers
{:"C++"=>780369,
 :"C#"=>162954,
 :Go=>131100,
 :Python=>116963,
 :PHP=>113543,
 :Java=>92418,
 :JavaScript=>91552,
 :Shell=>29884,
 :CMake=>19070,
 :Makefile=>11726,
 :Batchfile=>4385,
 :"Protocol Buffer"=>1195}

rwaldron/johnny-five
{:JavaScript=>1920873, :Arduino=>10040, :HTML=>2321}

Matt-Esch/virtual-dom
{:JavaScript=>205472}

kangax/fabric.js
{:JavaScript=>1564162, :CSS=>4492, :HTML=>460, :Shell=>1}

fffaraz/awesome-cpp
{}

powerline/fonts
{:Shell=>698, :PowerShell=>153}

daimajia/AndroidSwipeLayout
{:Java=>116296}

OpenEmu/OpenEmu
{:"Objective-C"=>2788209,
 :C=>182068,
 :Swift=>155325,
 :Assembly=>16588,
 :GLSL=>14951,
 :"C++"=>5199,
 :AppleScript=>3571,
 :JavaScript=>2127,
 :Batchfile=>1353,
 :SourcePawn=>951,
 :PAWN=>603,
 :Shell=>125}

jquery-validation/jquery-validation
{:JavaScript=>462356, :HTML=>140849, :CSS=>49978, :PHP=>3932}

bbatsov/rubocop
{:Ruby=>3655807, :HTML=>7106, :CSS=>355}

marmelab/gremlins.js
{:JavaScript=>73502, :HTML=>552, :Makefile=>194}

sorin-ionescu/prezto
{:Shell=>71151}

qrohlf/trianglify
{:JavaScript=>19168, :HTML=>484}

mishoo/UglifyJS
{:JavaScript=>264444, :CSS=>1889}

ejci/favico.js
{:JavaScript=>21364, :Makefile=>1189}

NodeRedis/node_redis
{:JavaScript=>519810}

fxsjy/jieba
{:Python=>7319756, :"OpenEdge ABL"=>6770809}

tomchristie/django-rest-framework
{:Python=>1085255, :HTML=>61826, :CSS=>10024, :JavaScript=>6805}

path/FastImageCache
{:"Objective-C"=>173883, :Shell=>193}

carrierwaveuploader/carrierwave
{:Ruby=>428356, :Cucumber=>30226}

rstacruz/jquery.transit
{:JavaScript=>24105, :HTML=>4388, :CSS=>2159}

mrmrs/colors
{:CSS=>7897, :HTML=>5266, :JavaScript=>601}

nodemailer/nodemailer
{:JavaScript=>643000, :HTML=>35}

chinchang/hint.css
{:CSS=>38448, :HTML=>10875, :JavaScript=>2074}

Netflix/falcor
{:JavaScript=>2958729, :Shell=>1685}

TTTAttributedLabel/TTTAttributedLabel
{:"Objective-C"=>187689, :Ruby=>1084}

alibaba/dubbo
{:Java=>5302380,
 :JavaScript=>63148,
 :CSS=>18582,
 :Shell=>7011,
 :Batchfile=>3447,
 :Lex=>2077,
 :Thrift=>668}

onevcat/Kingfisher
{:Swift=>373093, :Ruby=>11985, :"Objective-C"=>1718, :Shell=>84}

Automattic/_s
{:CSS=>32676, :PHP=>30182, :JavaScript=>4649}

ruanyf/jstraining
{:JavaScript=>1070325, :HTML=>9533}

carlhuda/janus
{:VimL=>24602, :Ruby=>9268, :Shell=>930}

mobxjs/mobx
{:JavaScript=>241695, :TypeScript=>174843}

mitmproxy/mitmproxy
{:JavaScript=>2149949,
 :Python=>1394834,
 :CSS=>208058,
 :HTML=>4270,
 :Shell=>3660,
 :PowerShell=>494}

yudai/gotty
{:Go=>29502, :JavaScript=>2866, :Makefile=>1757, :HTML=>407}

danialfarid/ng-file-upload
{:JavaScript=>576614,
 :HTML=>15780,
 :Java=>8887,
 :CSS=>3480,
 :Shell=>1255,
 :"C#"=>1090,
 :Batchfile=>250,
 :ASP=>106}

liaohuqiu/android-Ultra-Pull-To-Refresh
{:Java=>236468, :Python=>1047, :Shell=>65}

tj/commander.js
{:JavaScript=>50226, :Shell=>279, :Makefile=>80}

mperham/sidekiq
{:Ruby=>305431, :CSS=>40032, :HTML=>29585}

google/traceur-compiler
{:JavaScript=>1774496, :HTML=>15610, :Makefile=>10661}

dthree/cash
{:JavaScript=>217507}

eczarny/spectacle
{:"Objective-C"=>293693, :JavaScript=>23310}

swagger-api/swagger-ui
{:JavaScript=>474919, :CSS=>156876, :HTML=>25180, :Nginx=>1782}

activeadmin/activeadmin
{:Ruby=>670765,
 :Gherkin=>124453,
 :CSS=>52353,
 :HTML=>20300,
 :CoffeeScript=>18975,
 :Shell=>394,
 :JavaScript=>165}

ConnorAtherton/loaders.css
{:CSS=>87186, :HTML=>9799, :JavaScript=>1373, :CoffeeScript=>1254}

marionettejs/backbone.marionette
{:JavaScript=>524381, :HTML=>872}

lhorie/mithril.js
{:JavaScript=>468312, :HTML=>8559, :Batchfile=>23}

forkingdog/UITableView-FDTemplateLayoutCell
{:"Objective-C"=>52624, :Ruby=>2121}

zenorocha/alfred-workflows
{}

fish-shell/fish-shell
{:Shell=>2383722,
 :"C++"=>2061326,
 :Python=>109468,
 :C=>59012,
 :Makefile=>48501,
 :M4=>34819,
 :JavaScript=>33060,
 :HTML=>16260,
 :CSS=>9780,
 :"Objective-C"=>4821,
 :Roff=>355}

angular/angular-cli
{:TypeScript=>484515, :JavaScript=>230325, :HTML=>1153, :CSS=>72}

NetEase/pomelo
{:JavaScript=>414743, :HTML=>1679, :CSS=>1048, :Shell=>258, :Batchfile=>228}

angular/material2
{:TypeScript=>1219708,
 :CSS=>159608,
 :HTML=>110832,
 :JavaScript=>23092,
 :Shell=>10008}

tmpvar/jsdom
{:JavaScript=>3523573, :HTML=>453878, :Roff=>253386, :PHP=>911, :CSS=>128}

phanan/koel
{:PHP=>329791,
 :Vue=>172576,
 :JavaScript=>101970,
 :CSS=>15064,
 :ApacheConf=>3957,
 :HTML=>3050}

google/grumpy
{:Go=>828520, :Python=>255236, :Makefile=>12118}

kkga/spacegray
{:JavaScript=>2504}

chriso/validator.js
{:JavaScript=>265030}

jshint/jshint
{:JavaScript=>1355991, :HTML=>1334}

ksoichiro/Android-ObservableScrollView
{:Java=>283832,
 :CSS=>10487,
 :HTML=>8171,
 :JavaScript=>5669,
 :CoffeeScript=>1577,
 :Shell=>713}

googlesamples/android-UniversalMusicPlayer
{:Java=>363047}

FredrikNoren/ungit
{:JavaScript=>418943, :HTML=>42316, :CSS=>24570}

donnemartin/data-science-ipython-notebooks
{:Python=>9167923, :CSS=>1612, :Makefile=>684}

mwaterfall/MWPhotoBrowser
{:"Objective-C"=>640817, :Shell=>16354, :Ruby=>2416}

realm/realm-java
{:Java=>3499627,
 :"C++"=>344474,
 :CMake=>90787,
 :Groovy=>36363,
 :HTML=>2289,
 :Prolog=>891}

JetBrains/kotlin
{:Java=>23047833,
 :Kotlin=>20616070,
 :JavaScript=>222016,
 :HTML=>48522,
 :"Protocol Buffer"=>47590,
 :Lex=>18051,
 :Groovy=>15954,
 :ANTLR=>9797,
 :CSS=>9358,
 :IDL=>6533,
 :Shell=>4704,
 :Batchfile=>3721}

hashicorp/terraform
{:Go=>12913019,
 :HTML=>247367,
 :JavaScript=>99708,
 :CSS=>80268,
 :HCL=>78977,
 :Shell=>33447,
 :Ruby=>7721,
 :Makefile=>4925}

facebook/rocksdb
{:"C++"=>7597156,
 :Java=>922215,
 :Perl=>244299,
 :C=>95400,
 :Makefile=>84325,
 :Shell=>83855,
 :PHP=>48656,
 :CMake=>34386,
 :Python=>20672,
 :PowerShell=>9458,
 :Ruby=>700}

powerline/powerline
{:Python=>816167, :Shell=>59827, :"Vim script"=>17731, :C=>3781, :Lua=>400}

GoogleChrome/lighthouse
{:JavaScript=>938069,
 :HTML=>64479,
 :CSS=>41173,
 :TypeScript=>35802,
 :Ruby=>3249,
 :Shell=>1697}

elastic/logstash
{:Ruby=>1046891,
 :Java=>371750,
 :Shell=>32401,
 :HTML=>12281,
 :PowerShell=>9803,
 :Batchfile=>4121,
 :C=>3338,
 :Makefile=>105}

google/WebFundamentals
{:HTML=>402788,
 :Python=>248600,
 :JavaScript=>171280,
 :Smarty=>20153,
 :CSS=>11915,
 :Shell=>270}

jlund/streisand
{:HTML=>5792, :Shell=>2915, :Nginx=>592}

datasciencemasters/go
{}

CosmicMind/Material
{:Swift=>706138, :"Objective-C"=>1976, :Ruby=>1315}

jacomyal/sigma.js
{:JavaScript=>704464, :CSS=>4671, :HTML=>2792}

mxcl/PromiseKit
{:Swift=>167391, :"Objective-C"=>78909, :Ruby=>7736}

dotnet/roslyn
{:"C#"=>86863723,
 :"Visual Basic"=>63455151,
 :"1C Enterprise"=>289100,
 :PowerShell=>70167,
 :Batchfile=>22002,
 :Groovy=>9673,
 :Shell=>8363,
 :"C++"=>5392,
 :"F#"=>3632,
 :Makefile=>3294}

ramda/ramda
{:JavaScript=>613497, :Shell=>1022, :Makefile=>757}

cakephp/cakephp
{:PHP=>8803275, :CSS=>15858, :Makefile=>5919, :Shell=>777, :JavaScript=>149}

senchalabs/connect
{:JavaScript=>22148}

docker/kitematic
{:JavaScript=>221601,
 :CSS=>63364,
 :Shell=>12943,
 :Makefile=>1098,
 :PowerShell=>412,
 :HTML=>328}

Compass/compass
{:CSS=>523876,
 :Ruby=>505773,
 :HTML=>136582,
 :JavaScript=>15143,
 :Cucumber=>9648,
 :Groff=>2788,
 :Shell=>340}

winstonjs/winston
{:JavaScript=>174165}

javan/whenever
{:Ruby=>91504}

NodeBB/NodeBB
{:JavaScript=>1885748,
 :Smarty=>221996,
 :CSS=>38682,
 :HTML=>4246,
 :Batchfile=>17}

purifycss/purifycss
{:JavaScript=>21387, :CSS=>1394, :HTML=>273}

eslint/eslint
{:JavaScript=>6299913, :HTML=>10921}

ipfs/ipfs
{}

relax/relax
{:JavaScript=>1461522, :CSS=>422288, :Nginx=>651}

piwik/piwik
{:PHP=>13497665,
 :JavaScript=>6039505,
 :HTML=>3343999,
 :CSS=>260107,
 :C=>44536,
 :Shell=>12023,
 :Makefile=>6246,
 :Smarty=>1520,
 :Java=>1486,
 :CoffeeScript=>212,
 :ApacheConf=>103}

mozilla-mobile/firefox-ios
{:Swift=>3602586,
 :HTML=>63362,
 :JavaScript=>59351,
 :CSS=>19327,
 :"Objective-C"=>9303,
 :Python=>9129,
 :Ruby=>4715,
 :Shell=>3730,
 :C=>265}

markets/awesome-ruby
{}

matthieua/WOW
{:JavaScript=>37774, :CoffeeScript=>19515, :HTML=>2418, :CSS=>411}

mikepenz/MaterialDrawer
{:Java=>513634}

buger/goreplay
{:Go=>232019, :CSS=>8630, :Ruby=>3526, :Makefile=>3318}

gaearon/redux-devtools
{:JavaScript=>7169}

mailpile/Mailpile
{:Python=>1747424,
 :JavaScript=>579252,
 :HTML=>366670,
 :CSS=>361156,
 :Shell=>21310,
 :Makefile=>11882,
 :NSIS=>3821,
 :Roff=>450,
 :Nginx=>413,
 :Batchfile=>389}

mailcheck/mailcheck
{:JavaScript=>116643, :CSS=>6444, :CoffeeScript=>2068, :HTML=>987, :Shell=>124}

romaonthego/RESideMenu
{:"Objective-C"=>78446, :C=>1697, :Ruby=>645}

clojure/clojurescript
{:Clojure=>1732153,
 :Shell=>25903,
 :HTML=>12917,
 :PowerShell=>6371,
 :JavaScript=>4992,
 :Batchfile=>1415}

AngularClass/angular2-webpack-starter
{:JavaScript=>53671, :TypeScript=>28291, :HTML=>2309, :CSS=>594}

Aufree/trip-to-iOS
{:"Objective-C"=>2296}

hakimel/Ladda
{:HTML=>305583, :JavaScript=>23376, :CSS=>9780}

mozilla/BrowserQuest
{:JavaScript=>1103577, :Shell=>851}

Famous/famous
{:JavaScript=>890312, :HTML=>122891, :CSS=>15813}

mxgmn/WaveFunctionCollapse
{:"C#"=>26566}

amsul/pickadate.js
{:JavaScript=>1298107, :CSS=>52850, :HTML=>4939}

Ramotion/animated-tab-bar
{:Swift=>47868, :"Objective-C"=>1015, :Ruby=>563}

facebook/stetho
{:Java=>789928, :JavaScript=>8964, :Python=>7096, :IDL=>1117, :Shell=>695}

daimajia/AndroidViewAnimations
{:Java=>133766}

elastic/kibana
{:JavaScript=>5471006,
 :HTML=>312474,
 :CSS=>188515,
 :Shell=>5099,
 :CartoCSS=>3926,
 :Batchfile=>967}

nicolargo/glances
{:Python=>655649,
 :JavaScript=>45747,
 :HTML=>35162,
 :CSS=>4093,
 :Batchfile=>3366,
 :PowerShell=>2786,
 :Shell=>477}

pingcap/tidb
{:Go=>3711031,
 :Yacc=>122530,
 :Makefile=>3995,
 :Shell=>1329,
 :Batchfile=>800,
 :"Protocol Buffer"=>428}

greenrobot/greenDAO
{:Java=>951296, :FreeMarker=>51905, :CSS=>12808}

coreos/rkt
{:Go=>1846512,
 :Makefile=>151820,
 :Shell=>66706,
 :M4=>45533,
 :C=>33266,
 :"Protocol Buffer"=>17940}

nodejitsu/node-http-proxy
{:JavaScript=>98545}

CEWendel/SWTableViewCell
{:"Objective-C"=>63659, :Ruby=>830}

akka/akka
{:Scala=>9775666,
 :Java=>1831277,
 :HTML=>138252,
 :CSS=>49423,
 :JavaScript=>33728,
 :Shell=>31556,
 :"Protocol Buffer"=>25125,
 :Python=>14599,
 :Perl=>1356}

serbanghita/Mobile-Detect
{:PHP=>112480}

douglascrockford/JSON-js
{:JavaScript=>47031}

FineUploader/fine-uploader
{:JavaScript=>1056610, :HTML=>27488, :CSS=>23847, :Makefile=>14135}

WebAssembly/design
{}

HubSpot/tether
{:JavaScript=>48037, :CSS=>9515}

facebookresearch/fastText
{:"C++"=>54785, :Shell=>5250, :Python=>2097, :Perl=>1987, :Makefile=>1222}

laravel/framework
{:PHP=>4050912, :HTML=>20145, :Shell=>9447, :CSS=>4413}

chmln/flatpickr
{:JavaScript=>115668, :CSS=>17088}

cjbarber/ToolsOfTheTrade
{}

xing/wysihtml5
{:JavaScript=>1441339, :Makefile=>2590, :CSS=>1567}

flightjs/flight
{:JavaScript=>113904, :Shell=>2187, :Makefile=>899}

CRYTEK-CRYENGINE/CRYENGINE
{:"C++"=>73788318,
 :CMake=>5826666,
 :C=>3066032,
 :Python=>2599179,
 :Tcl=>852567,
 :"C#"=>725541,
 :"Objective-C"=>190229,
 :Lua=>83190,
 :Java=>70046,
 :"Vim script"=>55036,
 :Shell=>46512,
 :"Emacs Lisp"=>29661,
 :Batchfile=>25422,
 :"Objective-C++"=>15560,
 :HTML=>12314,
 :Makefile=>9396,
 :Fortran=>4210,
 :M4=>4193,
 :CSS=>1868,
 :HLSL=>774}

brillout/awesome-react-components
{}

iissnan/hexo-theme-next
{:JavaScript=>355904, :CSS=>65429, :CoffeeScript=>479}

ubuwaits/beautiful-web-type
{:CSS=>24835, :HTML=>14050, :Ruby=>422}

facebook/yoga
{:"C++"=>752199,
 :JavaScript=>686917,
 :"C#"=>477143,
 :Java=>382374,
 :C=>178640,
 :"Objective-C"=>47306,
 :HTML=>34687,
 :Python=>17965,
 :Shell=>4280,
 :Ruby=>3944,
 :Swift=>1106,
 :Batchfile=>179}

getpelican/pelican
{:Python=>407966, :HTML=>23151, :CSS=>14765, :Makefile=>4449, :Shell=>2268}

CoderMJLee/MJExtension
{:"Objective-C"=>114603, :Ruby=>590}

hpneo/gmaps
{:JavaScript=>260797, :CSS=>6930, :HTML=>5045}

babun/babun
{:Shell=>67808,
 :Groovy=>26189,
 :Batchfile=>13000,
 :VimL=>2917,
 :"Visual Basic"=>2028}

DrKLO/Telegram
{:C=>16040517,
 :Java=>11717445,
 :"C++"=>3133757,
 :Perl=>1448393,
 :"Objective-C"=>522486,
 :Assembly=>128671,
 :CMake=>104898,
 :Makefile=>14273,
 :Go=>11272,
 :Shell=>9423}

bendc/frontend-guidelines
{}

fronteed/icheck
{:CSS=>173662, :HTML=>64059, :JavaScript=>17633}

boot2docker/boot2docker
{:Shell=>27270, :Go=>146}

thejameskyle/the-super-tiny-compiler
{:JavaScript=>41267}

connors/photon
{:CSS=>77597, :HTML=>5674, :JavaScript=>5667}

junegunn/vim-plug
{:"Vim script"=>71290, :Shell=>2986}

winterbe/java8-tutorial
{:Java=>96087, :JavaScript=>8268}

raywenderlich/swift-style-guide
{}

nosir/cleave.js
{:JavaScript=>60083, :HTML=>1023}

mozilla/metrics-graphics
{:JavaScript=>230862, :HTML=>8326}

dropbox/zxcvbn
{:CoffeeScript=>887499, :JavaScript=>98228, :Python=>18943, :HTML=>1136}

c3js/c3
{:JavaScript=>940922, :HTML=>154372, :CSS=>6444, :CoffeeScript=>3349}

apple/swift-evolution
{:JavaScript=>26098, :CSS=>10420, :HTML=>6455}

plataformatec/simple_form
{:Ruby=>354723, :HTML=>894}

shadowsocks/shadowsocks-android
{:Scala=>282795,
 :C=>32067,
 :Makefile=>23293,
 :HTML=>7944,
 :"C++"=>4011,
 :Java=>2432,
 :Shell=>2183,
 :Python=>346,
 :Perl=>280}

dangrossman/bootstrap-daterangepicker
{:JavaScript=>219196, :HTML=>72003, :CSS=>25051}

EnterpriseQualityCoding/FizzBuzzEnterpriseEdition
{:Java=>73804}

yyuu/pyenv
{:Shell=>216204, :Roff=>148968, :C=>1328, :Makefile=>871, :"Vim script"=>35}

sitaramc/gitolite
{:Perl=>488107, :Shell=>56937}

shekhargulati/52-technologies-in-2016
{:JavaScript=>3368290,
 :CSS=>839873,
 :HTML=>95100,
 :Scala=>37454,
 :Java=>24813,
 :Python=>11242,
 :Go=>5595,
 :TypeScript=>4035,
 :Shell=>4031,
 :Groovy=>1883}

facebook/SocketRocket
{:"Objective-C"=>164563,
 :JavaScript=>2688,
 :Python=>2211,
 :Go=>1478,
 :Shell=>1432,
 :Ruby=>1044,
 :HTML=>747,
 :Makefile=>707}

ty4z2008/Qix
{}

airyland/vux
{:Vue=>418336, :JavaScript=>241606, :CSS=>73567, :HTML=>845, :Shell=>149}

karpathy/convnetjs
{:JavaScript=>303778, :HTML=>196901, :CSS=>7072}

rupa/z
{:Shell=>8923, :Groff=>4999, :Makefile=>59}

guarinogabriel/Mac-CLI
{:Shell=>99442}

twitter/twemproxy
{:C=>579371,
 :Shell=>65989,
 :Python=>43248,
 :"C++"=>8348,
 :M4=>6082,
 :Makefile=>2942}

labstack/echo
{:Go=>187145, :HTML=>244}

reactjs/react-redux
{:JavaScript=>99470}

sferik/rails_admin
{:Ruby=>668542,
 :CSS=>96834,
 :JavaScript=>76847,
 :HTML=>47154,
 :CoffeeScript=>18851}

chrisbanes/cheesesquare
{:Java=>26974}

seajs/seajs
{:JavaScript=>257460, :HTML=>62853, :Makefile=>347, :PHP=>188, :CSS=>175}

justjavac/awesome-wechat-weapp
{:JavaScript=>202}

255kb/stack-on-a-budget
{}

morrisjs/morris.js
{:CoffeeScript=>92799, :JavaScript=>78647, :HTML=>2333, :CSS=>484, :Shell=>444}

paularmstrong/normalizr
{:JavaScript=>34558, :TypeScript=>4703}

fullcalendar/fullcalendar
{:JavaScript=>1008288, :HTML=>180912, :CSS=>36668, :PHP=>6147, :Shell=>4070}

jigish/slate
{:"Objective-C"=>768264, :JavaScript=>17142, :Ruby=>7463, :C=>943}

containous/traefik
{:Go=>555739,
 :JavaScript=>23029,
 :Shell=>11925,
 :HTML=>7391,
 :Makefile=>2897,
 :CSS=>1551}

arduino/Arduino
{:HTML=>43675418,
 :C=>24068360,
 :"C++"=>1509788,
 :Java=>1400610,
 :Python=>638851,
 :"Objective-C"=>514741,
 :Arduino=>378002,
 :Assembly=>256367,
 :Makefile=>244643,
 :CSS=>57348,
 :Logos=>54688,
 :GDB=>22616,
 :Shell=>20956,
 :Perl=>7263,
 :Batchfile=>1580,
 :JavaScript=>1469}

facebook/infer
{:OCaml=>3328191,
 :Java=>470592,
 :C=>186867,
 :"C++"=>162273,
 :"Objective-C"=>147700,
 :Makefile=>98308,
 :Python=>87506,
 :Shell=>28510,
 :M4=>23845,
 :"Objective-C++"=>12894,
 :Perl=>7150,
 :Assembly=>579,
 :PAWN=>310,
 :CMake=>221}

torch/torch7
{:C=>675890, :Lua=>331116, :CMake=>57122, :"C++"=>8719, :"Objective-C"=>650}

casperjs/casperjs
{:JavaScript=>503755,
 :HTML=>25047,
 :Python=>24842,
 :"C#"=>6147,
 :CoffeeScript=>5345,
 :Shell=>1264,
 :Ruby=>1220,
 :Makefile=>600}

git-up/GitUp
{:"Objective-C"=>1735997, :Shell=>7503, :C=>302}

lkzhao/Hero
{:Swift=>117931, :Ruby=>913, :"Objective-C"=>459}

cmusatyalab/openface
{:Python=>157726,
 :Lua=>144297,
 :JavaScript=>10329,
 :HTML=>9745,
 :Shell=>8746,
 :Makefile=>7417,
 :CSS=>1458,
 :"GCC Machine Description"=>94}

kaminari/kaminari
{:Ruby=>109360, :HTML=>10201}

h2o/h2o
{:C=>1540547,
 :Perl=>313993,
 :"C++"=>148644,
 :Mathematica=>140302,
 :Shell=>54284,
 :Ruby=>49652,
 :Python=>27144,
 :CMake=>23518,
 :PHP=>10130,
 :HTML=>6006,
 :Makefile=>1940,
 :JavaScript=>16}

markerikson/react-redux-links
{}

tuupola/jquery_lazyload
{:HTML=>89657, :JavaScript=>12999}

nswbmw/N-blog
{:JavaScript=>20931, :HTML=>9309, :CSS=>1084}

angular/protractor
{:JavaScript=>368107,
 :TypeScript=>296947,
 :HTML=>33337,
 :Shell=>6699,
 :CSS=>4943}

Mango/slideout
{:JavaScript=>14585, :HTML=>9025, :CSS=>5247}

redux-saga/redux-saga
{:JavaScript=>153444, :TypeScript=>3461}

tmuxinator/tmuxinator
{:Ruby=>80989, :HTML=>3747, :Shell=>2571}

SignalR/SignalR
{:"C#"=>2348343,
 :JavaScript=>461692,
 :PowerShell=>9646,
 :HTML=>8960,
 :PLpgSQL=>8164,
 :CSS=>4668,
 :Batchfile=>1789,
 :Shell=>101,
 :Makefile=>100}

facebook/xctool
{:"Objective-C"=>1679703,
 :Shell=>34421,
 :"Objective-C++"=>23598,
 :Python=>12165,
 :"C++"=>9060,
 :C=>8441,
 :Ruby=>372}

mdo/code-guide
{:HTML=>26469, :CSS=>10514}

spotify/luigi
{:Python=>1689902, :JavaScript=>155711, :HTML=>39979, :Shell=>2627, :CSS=>2162}

gaearon/react-hot-loader
{:JavaScript=>8280}

jverkoey/nimbus
{:"Objective-C"=>1562223,
 :Python=>97638,
 :HTML=>10230,
 :JavaScript=>7808,
 :Ruby=>3585,
 :Shell=>3202,
 :C=>2304,
 :CSS=>2093,
 :"C++"=>931,
 :AppleScript=>238}

restify/node-restify
{:JavaScript=>227703, :Makefile=>1702, :"Emacs Lisp"=>179}

zurb/foundation-emails
{:HTML=>73629, :CSS=>34484, :JavaScript=>6867, :Ruby=>1999, :Shell=>74}

mitchellh/packer
{:Go=>2421125,
 :CSS=>33550,
 :HTML=>27599,
 :Shell=>23433,
 :JavaScript=>7904,
 :Ruby=>6560,
 :Makefile=>3947,
 :PowerShell=>2571,
 :Batchfile=>36}

davatron5000/FitText.js
{:HTML=>1717, :JavaScript=>1074}

HelloZeroNet/ZeroNet
{:Python=>1417118,
 :JavaScript=>212452,
 :CSS=>50841,
 :CoffeeScript=>42427,
 :C=>17046,
 :HTML=>11211,
 :Batchfile=>529,
 :Shell=>449}

thoughtbot/guides
{:Ruby=>5280,
 :Swift=>3023,
 :"Objective-C"=>1923,
 :Haskell=>1722,
 :JavaScript=>1108,
 :Shell=>784,
 :Batchfile=>656,
 :CSS=>562,
 :CoffeeScript=>475,
 :HTML=>326}

nlp-compromise/compromise
{:JavaScript=>3428091, :HTML=>285955}

ducksboard/gridster.js
{:JavaScript=>400620, :CSS=>7107}

kataras/iris
{:Go=>369401}

ryanb/cancan
{:Ruby=>144987}

gitbucket/gitbucket
{:Scala=>712494,
 :HTML=>347547,
 :CSS=>34693,
 :JavaScript=>24160,
 :Java=>9468,
 :Shell=>7416,
 :Batchfile=>243}

briangonzalez/jquery.adaptive-backgrounds.js
{:JavaScript=>105714, :CSS=>4668, :HTML=>298}

philc/vimium
{:CoffeeScript=>448672,
 :HTML=>42019,
 :CSS=>17819,
 :JavaScript=>938,
 :Shell=>398}

FFmpeg/FFmpeg
{:C=>46032874,
 :Assembly=>3391330,
 :Makefile=>640925,
 :"C++"=>499165,
 :"Objective-C"=>90644,
 :Shell=>36719,
 :Perl=>10324,
 :Verilog=>1215,
 :Roff=>132}

hangtwenty/dive-into-machine-learning
{}

google/agera
{:Java=>554726}

PureLayout/PureLayout
{:"Objective-C"=>281420, :Swift=>40871, :Ruby=>1567}

PowerShell/PowerShell
{:"C#"=>34026133,
 :PowerShell=>2215269,
 :"C++"=>289353,
 :CMake=>23926,
 :XSLT=>14407,
 :C=>4443,
 :Shell=>4190,
 :Python=>492}

hashicorp/vault
{:Go=>3075558,
 :Shell=>7328,
 :HCL=>6587,
 :Batchfile=>5226,
 :Makefile=>2469,
 :"Protocol Buffer"=>1392}

philipwalton/flexbugs
{}

CodeSeven/toastr
{:JavaScript=>126006, :CSS=>46308, :HTML=>16481}

celery/celery
{:Python=>2057922,
 :Shell=>30879,
 :Makefile=>4246,
 :PowerShell=>2786,
 :Batchfile=>1842}

svg/svgo
{:JavaScript=>301801, :Makefile=>530}

witheve/Eve
{:JavaScript=>821063, :TypeScript=>560556, :HTML=>876}

omniauth/omniauth
{:Ruby=>80642, :CSS=>1591}

braziljs/js-the-right-way
{:HTML=>1016130, :CSS=>12329, :JavaScript=>11530}

p-e-w/maybe
{:Python=>29498}

alexjc/neural-enhance
{:Python=>32003, :Shell=>1604}

thoughtbot/laptop
{:Shell=>3391}

fatih/vim-go
{:"Vim script"=>204931, :Shell=>389, :Go=>269, :Makefile=>82}

facebook/nuclide
{:JavaScript=>11144779,
 :Python=>981510,
 :CSS=>272045,
 :Shell=>15797,
 :Hack=>6832,
 :HTML=>4971,
 :"Objective-C++"=>1088,
 :"C++"=>1075,
 :PHP=>1034,
 :"Objective-C"=>691,
 :C=>191}

michaelvillar/dynamics.js
{:CoffeeScript=>59510}

mail-in-a-box/mailinabox
{:Python=>234954,
 :Shell=>125094,
 :HTML=>97060,
 :PHP=>6121,
 :Makefile=>2056,
 :Nginx=>1287,
 :Ruby=>370}

mgcrea/angular-strap
{:JavaScript=>746096, :HTML=>155048}

sovereign/sovereign
{:Python=>13284, :PHP=>12626, :Shell=>5297}

xitu/gold-miner
{}

dularion/streama
{:JavaScript=>1030160, :CSS=>393721, :Groovy=>136276, :HTML=>100791}

thebird/Swipe
{:JavaScript=>15025, :HTML=>1862, :CSS=>1350}

clojure/clojure
{:Java=>1822054, :Clojure=>1328518, :HTML=>23294, :Shell=>276}

tonymillion/Reachability
{:"Objective-C"=>31932, :Ruby=>2086}

sbstjn/timesheet.js
{:JavaScript=>13124, :CSS=>8750, :HTML=>3914}

charliesome/better_errors
{:Ruby=>47149, :HTML=>29929}

cyclejs/cyclejs
{:JavaScript=>229395, :TypeScript=>154376, :HTML=>4793, :Shell=>3115}

angular-app/angular-app
{:JavaScript=>161013, :HTML=>19721, :CSS=>10686}

jverdi/JVFloatLabeledTextField
{:"Objective-C"=>86961, :Ruby=>939}

eliangcs/http-prompt
{:Python=>167846}

zeroclipboard/zeroclipboard
{:JavaScript=>261721, :ActionScript=>35977, :HTML=>18862}

mobile-shell/mosh
{:"C++"=>498147,
 :M4=>57627,
 :Shell=>43083,
 :C=>18585,
 :Perl=>18238,
 :Makefile=>9803,
 :HTML=>2160,
 :"Protocol Buffer"=>1277}

tj/n
{:Shell=>15245, :Makefile=>149}

jhipster/generator-jhipster
{:JavaScript=>879088,
 :Java=>565221,
 :HTML=>344441,
 :TypeScript=>238124,
 :CSS=>41374,
 :Shell=>24832,
 :Groovy=>7910,
 :Scala=>6262,
 :Batchfile=>5006,
 :Gherkin=>179}

rethinkdb/horizon
{:JavaScript=>521359, :Python=>1197, :Shell=>943, :HTML=>288}

css-modules/css-modules
{}

ether/etherpad-lite
{:JavaScript=>1456186,
 :HTML=>67477,
 :CSS=>50150,
 :Shell=>19235,
 :Python=>1394,
 :Batchfile=>1066,
 :Makefile=>632}

desandro/imagesloaded
{:JavaScript=>36426, :HTML=>9974, :CSS=>1281}

johnezang/JSONKit
{:"Objective-C"=>188975}

Microsoft/ChakraCore
{:JavaScript=>47906923,
 :"C++"=>32211324,
 :C=>4517614,
 :Assembly=>200393,
 :Roff=>154636,
 :Batchfile=>86245,
 :CMake=>71915,
 :PowerShell=>48806,
 :Shell=>34045,
 :"Objective-C"=>33136,
 :Python=>30507,
 :Perl=>28812,
 :Groovy=>13740}

IFTTT/JazzHands
{:"Objective-C"=>346774, :Swift=>85068, :Shell=>9174, :Ruby=>1399}

JedWatson/react-select
{:JavaScript=>280743, :CSS=>29958}

BlackrockDigital/startbootstrap
{:HTML=>94041, :CSS=>24531, :JavaScript=>6207, :Ruby=>2038}

maxogden/art-of-node
{:JavaScript=>1107}

jakiestfu/Snap.js
{:JavaScript=>48007, :CSS=>32374}

geeeeeeeeek/electronic-wechat
{:JavaScript=>42057, :HTML=>4658, :Shell=>2705, :CSS=>2135, :Batchfile=>325}

hdodenhof/CircleImageView
{:Java=>13568}

twitter/twemoji
{:JavaScript=>421114, :HTML=>281046, :Shell=>1286}

attic-labs/noms
{:Go=>1319346,
 :JavaScript=>564313,
 :Python=>1640,
 :Shell=>1396,
 :HTML=>328,
 :CSS=>211}

NaturalNode/natural
{:JavaScript=>705458, :PLpgSQL=>8781, :Makefile=>1465}

Homebrew/brew
{:Ruby=>1648497, :Shell=>58738, :Roff=>56819, :HTML=>9874, :PostScript=>485}

getgrav/grav
{:PHP=>984951, :ApacheConf=>3034, :CSS=>2560, :Nginx=>1443, :Logos=>816}

antirez/disque
{:C=>1077440, :Tcl=>110497, :Makefile=>6613, :Shell=>841}

mleibman/SlickGrid
{:JavaScript=>91199, :HTML=>18113, :CSS=>11279}

mutualmobile/MMDrawerController
{:"Objective-C"=>245625, :Ruby=>1448}

deis/deis
{:Python=>783086,
 :Go=>622095,
 :Shell=>109254,
 :Makefile=>29504,
 :Nginx=>17637,
 :CSS=>15217,
 :HTML=>8438,
 :Ruby=>3579,
 :JavaScript=>3354,
 :HCL=>1026,
 :Batchfile=>65}

libgit2/libgit2
{:C=>5846137,
 :"C++"=>49558,
 :CMake=>37206,
 :Shell=>9160,
 :Python=>7484,
 :PHP=>5947,
 :HTML=>3583}

akveo/blur-admin
{:JavaScript=>259761, :HTML=>196374, :CSS=>130609}

mishoo/UglifyJS2
{:JavaScript=>637337}

vladikoff/chromeos-apk
{:JavaScript=>4123, :HTML=>639}

zwaldowski/BlocksKit
{:"Objective-C"=>399170, :Makefile=>2009, :Ruby=>1985}

shutterstock/rickshaw
{:JavaScript=>238579, :HTML=>20058, :CSS=>15869, :Makefile=>2479, :Perl=>1637}

veggiemonk/awesome-docker
{:CSS=>15449, :HTML=>3842}

huluoyang/freecodecamp.cn
{:JavaScript=>781350, :CSS=>377158, :HTML=>243840}

ibireme/YYText
{:"Objective-C"=>1135607, :Ruby=>760}

jsonmodel/jsonmodel
{:"Objective-C"=>119170, :Ruby=>745}

mailchimp/email-blueprints
{}

greatfire/wiki
{}

jtoy/awesome-tensorflow
{}

odoo/odoo
{:Python=>8744402,
 :JavaScript=>5912840,
 :Java=>1840167,
 :CSS=>946152,
 :HTML=>203364,
 :Shell=>19085,
 :NSIS=>17104,
 :Makefile=>12815,
 :XSLT=>11489,
 :Batchfile=>9611,
 :"Vim script"=>406,
 :Ruby=>220}

omcljs/om
{:Clojure=>439727, :HTML=>13083, :Shell=>402, :JavaScript=>57}

square/dagger
{:Java=>444731, :HTML=>26366, :CSS=>3692, :Shell=>1944}

tmux/tmux
{:C=>1279262,
 :Roff=>105205,
 :PostScript=>62172,
 :M4=>16291,
 :Awk=>8608,
 :Makefile=>5671,
 :Shell=>377}

highcharts/highcharts
{:JavaScript=>1840519,
 :HTML=>947796,
 :PHP=>171757,
 :Java=>43350,
 :CSS=>26541,
 :ApacheConf=>1556}

taye/interact.js
{:JavaScript=>207416, :TypeScript=>3886}

flynn/flynn
{:Go=>2833371,
 :JavaScript=>484994,
 :Shell=>111168,
 :CSS=>32771,
 :HTML=>13177,
 :Ruby=>4822,
 :Makefile=>3781,
 :Lua=>1755}

realm/SwiftLint
{:Swift=>664441, :Ruby=>8904, :Makefile=>5859, :HTML=>2789, :Shell=>1315}

Quick/Quick
{:Swift=>90523, :"Objective-C"=>51196, :Ruby=>7990, :Shell=>6890}

go-kit/kit
{:Go=>373097, :Shell=>1977}

google/xi-editor
{:Rust=>444471,
 :Swift=>50869,
 :Python=>18260,
 :"C++"=>3963,
 :Shell=>1811,
 :Makefile=>91}

redox-os/redox
{:Rust=>96014, :Shell=>17750, :Makefile=>17455, :TeX=>2618}

louischatriot/nedb
{:JavaScript=>1035281, :CSS=>2964, :HTML=>1799, :Shell=>46}

IBAnimatable/IBAnimatable
{:Swift=>502871, :Ruby=>2992}

vurtun/nuklear
{:C=>1530970,
 :Makefile=>4125,
 :"Objective-C"=>3723,
 :Batchfile=>1044,
 :HLSL=>631}

h4cc/awesome-elixir
{:Elixir=>8176}

HubSpot/vex
{:CSS=>32137, :JavaScript=>11431, :HTML=>2291}

CreateJS/EaselJS
{:JavaScript=>1879181, :HTML=>138852, :CSS=>90621}

robertdavidgraham/masscan
{:C=>1331788, :Makefile=>2741, :"C++"=>752}

jsdoc3/jsdoc
{:JavaScript=>876374, :CSS=>9475, :HTML=>613, :Shell=>47}

aFarkas/lazysizes
{:JavaScript=>183736, :HTML=>127556, :CSS=>16973}

plotly/plotly.js
{:JavaScript=>3340532, :CSS=>9607, :HTML=>1965}

FelisCatus/SwitchyOmega
{:CoffeeScript=>316033, :HTML=>53207, :CSS=>11305, :JavaScript=>2739}

koalaman/shellcheck
{:Haskell=>373643, :Shell=>1010}

google/physical-web
{:Java=>395452,
 :"Objective-C"=>210433,
 :Python=>37522,
 :HTML=>19352,
 :JavaScript=>6594,
 :Shell=>903}

dmlc/xgboost
{:"C++"=>620706,
 :R=>225574,
 :Scala=>222464,
 :Python=>205633,
 :Java=>107183,
 :Cuda=>75055,
 :C=>27980,
 :Makefile=>12350,
 :Shell=>11015,
 :CSS=>3812,
 :CMake=>3658,
 :"Jupyter Notebook"=>2056,
 :TeX=>912,
 :Batchfile=>410,
 :M4=>354}

boto/boto
{:Python=>6602542}

memcached/memcached
{:C=>572183,
 :Perl=>182449,
 :M4=>22188,
 :DTrace=>10988,
 :Shell=>5705,
 :Makefile=>3683,
 :"C++"=>3179,
 :Groff=>1778,
 :Python=>1640}

nightwatchjs/nightwatch
{:JavaScript=>831482, :HTML=>1701}

astuetz/PagerSlidingTabStrip
{:Java=>27306, :Groovy=>2475, :Shell=>2314}

uWebSockets/uWebSockets
{:"C++"=>205245,
 :JavaScript=>7252,
 :Makefile=>2842,
 :CMake=>1577,
 :QMake=>797,
 :Batchfile=>727}

alexa/alexa-avs-sample-app
{:Shell=>19561}

sebastianbergmann/phpunit
{:PHP=>1153307}

pokeb/asi-http-request
{:"Objective-C"=>834956, :Ruby=>2604}

coryhouse/react-slingshot
{:JavaScript=>56888, :HTML=>1427, :CSS=>595}

CachetHQ/Cachet
{:PHP=>2198378, :HTML=>207003, :JavaScript=>17839, :ApacheConf=>553}

fogleman/primitive
{:Go=>43486, :Python=>10891}

umano/AndroidSlidingUpPanel
{:Java=>122809}

googlecreativelab/anypixel
{:C=>6340327,
 :Eagle=>2549808,
 :JavaScript=>563110,
 :HTML=>51819,
 :Assembly=>28143,
 :"C++"=>25863,
 :CSS=>4088,
 :"Objective-C"=>3309,
 :Python=>1367}

mame/quine-relay
{:Ruby=>60682, :Makefile=>18706}

brunch/brunch
{:JavaScript=>142481}

home-assistant/home-assistant
{:Python=>5147353, :HTML=>1510140, :Shell=>14079, :Ruby=>379}

Bearded-Hen/Android-Bootstrap
{:Java=>584966}

novus/nvd3
{:JavaScript=>1286731, :HTML=>224134, :CoffeeScript=>80152, :CSS=>24142}

mhinz/vim-galore
{:"Vim script"=>2470}

yeoman/generator-angular
{:JavaScript=>68259,
 :TypeScript=>7605,
 :HTML=>7066,
 :CoffeeScript=>6096,
 :CSS=>2972}

libuv/libuv
{:C=>2196993,
 :"C++"=>38497,
 :Python=>27411,
 :Makefile=>16060,
 :M4=>14539,
 :Shell=>7916,
 :"Objective-C"=>5815,
 :Batchfile=>5032,
 :NSIS=>2860}

StackExchange/dapper-dot-net
{:"C#"=>881598, :PowerShell=>2201, :Shell=>1385}

mozilla/togetherjs
{:JavaScript=>1592404,
 :CSS=>291429,
 :HTML=>213148,
 :Python=>3199,
 :Shell=>1935}

lra/mackup
{:Python=>68880, :Makefile=>311}

ruanyf/es6tutorial
{:JavaScript=>12698, :CSS=>7973, :HTML=>2151}

