freeCodeCamp/freeCodeCamp 1
twbs/bootstrap 2
d3/d3 3
facebook/react 4
angular/angular.js 5
getify/You-Dont-Know-JS 6
robbyrussell/oh-my-zsh 7
FortAwesome/Font-Awesome 8
airbnb/javascript 9
tensorflow/tensorflow 10
facebook/react-native 11
jquery/jquery 12
vuejs/vue 13
torvalds/linux 14
electron/electron 15
docker/docker 16
daneden/animate.css 17
meteor/meteor 18
apple/swift 19
h5bp/html5-boilerplate 20
atom/atom 21
rails/rails 22
hakimel/reveal.js 23
nodejs/node 24
Semantic-Org/Semantic-UI 25
impress/impress.js 26
nwjs/nw.js 27
mrdoob/three.js 28
socketio/socket.io 29
expressjs/express 30
moment/moment 31
Homebrew/legacy-homebrew 32
laravel/laravel 33
vinta/awesome-python 34
jekyll/jekyll 35
AFNetworking/AFNetworking 36
jkbrzt/httpie 37
driftyco/ionic 38
reactjs/redux 39
google/material-design-icons 40
chartjs/Chart.js 41
adobe/brackets 42
resume/resume.github.com 43
NARKOZ/hacker-scripts 44
jashkenas/backbone 45
blueimp/jQuery-File-Upload 46
google/material-design-lite 47
gulpjs/gulp 48
pallets/flask 49
zurb/foundation-sites 50
golang/go 51
Dogfalo/materialize 52
nvbn/thefuck 53
webpack/webpack 54
django/django 55
rg3/youtube-dl 56
kennethreitz/requests 57
callemall/material-ui 58
Microsoft/vscode 59
yarnpkg/yarn 60
getlantern/lantern 61
TryGhost/Ghost 62
nylas/nylas-mail 63
Alamofire/Alamofire 64
antirez/redis 65
neovim/neovim 66
lodash/lodash 67
ansible/ansible 68
ReactiveX/RxJava 69
ariya/phantomjs 70
elastic/elasticsearch 71
discourse/discourse 72
harvesthq/chosen 73
caolan/async 74
angular/angular 75
kubernetes/kubernetes 76
rust-lang/rust 77
jashkenas/underscore 78
tastejs/todomvc 79
facebookincubator/create-react-app 80
josephmisiti/awesome-machine-learning 81
minimaxir/big-list-of-naughty-strings 82
babel/babel 83
Modernizr/Modernizr 84
select2/select2 85
ReactTraining/react-router 86
gitlabhq/gitlabhq 87
typicode/json-server 88
Microsoft/TypeScript 89
sahat/hackathon-starter 90
firehol/netdata 91
square/retrofit 92
scrapy/scrapy 93
bayandin/awesome-awesomeness 94
avelino/awesome-go 95
prakhar1989/awesome-courses 96
vsouza/awesome-ios 97
alvarotrigo/fullPage.js 98
gogits/gogs 99
certbot/certbot 100
FezVrasta/bootstrap-material-design 101
rethinkdb/rethinkdb 102
emberjs/ember.js 103
Leaflet/Leaflet 104
adam-p/markdown-here 105
square/okhttp 106
creationix/nvm 107
kenwheeler/slick 108
facebook/pop 109
Unitech/pm2 110
facebook/immutable-js 111
Polymer/polymer 112
mozilla/pdf.js 113
rs/SDWebImage 114
iluwatar/java-design-patterns 115
Prinzhorn/skrollr 116
plataformatec/devise 117
ReactiveCocoa/ReactiveCocoa 118
balderdashy/sails 119
numbbbbb/the-swift-programming-language-in-chinese 120
scikit-learn/scikit-learn 121
justjavac/free-programming-books-zh_CN 122
shadowsocks/shadowsocks 123
git/git 124
zenorocha/clipboard.js 125
yahoo/pure 126
ecomfe/echarts 127
BVLC/caffe 128
IanLunn/Hover 129
google/web-starter-kit 130
cantino/huginn 131
hammerjs/hammer.js 132
bevacqua/dragula 133
angular/material 134
videojs/video.js 135
t4t5/sweetalert 136
bower/bower 137
syncthing/syncthing 138
BradLarson/GPUImage 139
usablica/intro.js 140
nostra13/Android-Universal-Image-Loader 141
google/protobuf 142
spf13/hugo 143
zeit/hyper 144
defunkt/jquery-pjax 145
almasaeed2010/AdminLTE 146
hexojs/hexo 147
vshatskyi/black-screen 148
less/less.js 149
Reactive-Extensions/RxJS 150
grafana/grafana 151
serverless/serverless 152
photonstorm/phaser 153
google/guava 154
facebook/hhvm 155
ajaxorg/ace 156
GitbookIO/gitbook 157
SamyPesse/How-to-Make-a-Computer-Operating-System 158
JakeWharton/butterknife 159
request/request 160
SnapKit/Masonry 161
ftlabs/fastclick 162
Kickball/awesome-selfhosted 163
mitchellh/vagrant 164
VundleVim/Vundle.vim 165
astaxie/build-web-application-with-golang 166
fastlane/fastlane 167
twitter/typeahead.js 168
symfony/symfony 169
angular-ui/bootstrap 170
bcit-ci/CodeIgniter 171
petkaantonov/bluebird 172
PhilJay/MPAndroidChart 173
jashkenas/coffeescript 174
koajs/koa 175
twbs/ratchet 176
aosabook/500lines 177
pugjs/pug 178
postcss/postcss 179
opencv/opencv 180
square/leakcanary 181
SwiftyJSON/SwiftyJSON 182
weui/weui 183
facebook/flux 184
bumptech/glide 185
greenrobot/EventBus 186
dokku/dokku 187
dimsemenov/PhotoSwipe 188
pixijs/pixi.js 189
mzabriskie/axios 190
Valloric/YouCompleteMe 191
tornadoweb/tornado 192
kriskowal/q 193
danielgindi/Charts 194
isocpp/CppCoreGuidelines 195
jdg/MBProgressHUD 196
angular-ui/ui-router 197
ParsePlatform/parse-server 198
rstacruz/nprogress 199
google/iosched 200
lord/slate 201
tobiasahlin/SpinKit 202
designmodo/Flat-UI 203
kriasoft/react-starter-kit 204
square/picasso 205
angular/angular-seed 206
feross/webtorrent 207
github/fetch 208
reddit/reddit 209
XX-net/XX-Net 210
alibaba/weex 211
coreos/etcd 212
julianshapiro/velocity 213
quilljs/quill 214
spring-projects/spring-framework 215
github/hubot 216
jasmine/jasmine 217
knsv/mermaid 218
dkhamsing/open-source-ios-apps 219
react-boilerplate/react-boilerplate 220
madrobby/zepto 221
zxing/zxing 222
fchollet/keras 223
postcss/autoprefixer 224
enyo/dropzone 225
facebook/fresco 226
twbs/bootstrap-sass 227
chjj/marked 228
Thibaut/devdocs 229
apache/spark 230
npm/npm 231
domnikl/DesignPatternsPHP 232
getsentry/sentry 233
ruby/ruby 234
mochajs/mocha 235
kripken/emscripten 236
jlmakes/scrollreveal 237
ryanmcdermott/clean-code-javascript 238
riot/riot 239
wycats/handlebars.js 240
Automattic/mongoose 241
desandro/masonry 242
gruntjs/grunt 243
HubSpot/pace 244
bitcoin/bitcoin 245
php/php-src 246
ggreer/the_silver_searcher 247
CamDavidsonPilon/Probabilistic-Programming-and-Bayesian-Methods-for-Hackers 248
dotnet/corefx 249
tensorflow/models 250
textmate/textmate 251
ccgus/fmdb 252
matteocrippa/awesome-swift 253
naptha/tesseract.js 254
ipython/ipython 255
cheeriojs/cheerio 256
tonsky/FiraCode 257
diaspora/diaspora 258
airbnb/superset 259
legomushroom/mojs 260
node-inspector/node-inspector 261
wagerfield/parallax 262
codemirror/CodeMirror 263
etsy/statsd 264
Bilibili/ijkplayer 265
wg/wrk 266
h5bp/Effeckt.css 267
RocketChat/Rocket.Chat 268
ReactiveX/RxAndroid 269
nolimits4web/Swiper 270
raywenderlich/swift-algorithm-club 271
kilimchoi/engineering-blogs 272
mongodb/mongo 273
substack/node-browserify 274
juliangarnier/anime 275
libgdx/libgdx 276
scottjehl/Respond 277
syl20bnr/spacemacs 278
altercation/solarized 279
Shopify/dashing 280
facebook/AsyncDisplayKit 281
driftyco/ionicons 282
MostlyAdequate/mostly-adequate-guide 283
caskroom/homebrew-cask 284
drduh/macOS-Security-and-Privacy-Guide 285
segmentio/nightmare 286
faif/python-patterns 287
janl/mustache.js 288
chriskempson/tomorrow-theme 289
Mantle/Mantle 290
loverajoel/jstips 291
soimort/you-get 292
requirejs/requirejs 293
facebook/flow 294
jfeinstein10/SlidingMenu 295
magicalpanda/MagicalRecord 296
adobe-fonts/source-code-pro 297
MengTo/Spring 298
ant-design/ant-design 299
jondot/awesome-react-native 300
jquery/jquery-mobile 301
spring-projects/spring-boot 302
apache/incubator-predictionio 303
yabwe/medium-editor 304
RestKit/RestKit 305
mattermost/platform 306
verekia/js-stack-from-scratch 307
mholt/caddy 308
VerbalExpressions/JSVerbalExpressions 309
realm/realm-cocoa 310
CoderMJLee/MJRefresh 311
github/hub 312
jquery/jquery-ui 313
jessesquires/JSQMessagesViewController 314
linnovate/mean 315
influxdata/influxdb 316
remy/nodemon 317
jaredhanson/passport 318
visionmedia/superagent 319
alcatraz/Alcatraz 320
git-tips/tips 321
addyosmani/backbone-fundamentals 322
DefinitelyTyped/DefinitelyTyped 323
Flipboard/react-canvas 324
loopj/android-async-http 325
substack/stream-handbook 326
browserstate/history.js 327
yiisoft/yii2 328
astaxie/beego 329
imathis/octopress 330
cocos2d/cocos2d-x 331
ampproject/amphtml 332
jwagner/smartcrop.js 333
puikinsh/gentelella 334
Microsoft/CNTK 335
LightTable/LightTable 336
julycoding/The-Art-Of-Programming-By-July 337
NativeScript/NativeScript 338
feross/standard 339
songrotek/Deep-Learning-Papers-Reading-Roadmap 340
philipwalton/solved-by-flexbox 341
adobe-webplatform/Snap.svg 342
ibireme/YYKit 343
JacksonTian/fks 344
uxsolutions/bootstrap-datepicker 345
sass/sass 346
elixir-lang/elixir 347
selectize/selectize.js 348
RubaXa/Sortable 349
SVProgressHUD/SVProgressHUD 350
capistrano/capistrano 351
jiahaog/nativefier 352
keen/dashboards 353
foreverjs/forever 354
DrkSephy/es6-cheatsheet 355
cmderdev/cmder 356
isagalaev/highlight.js 357
gionkunz/chartist-js 358
benweet/stackedit 359
Marak/faker.js 360
infernojs/inferno 361
rbenv/rbenv 362
go-martini/martini 363
inconshreveable/ngrok 364
CocoaPods/CocoaPods 365
yaronn/blessed-contrib 366
petehunt/webpack-howto 367
netty/netty 368
cayleygraph/cayley 369
parkjs814/AlgorithmVisualizer 370
dimsemenov/Magnific-Popup 371
wekan/wekan 372
aurelia/framework 373
keystonejs/keystone 374
facebook/draft-js 375
chrisbanes/PhotoView 376
Selz/plyr 377
docker/compose 378
nathanmarz/storm 379
peachananr/onepage-scroll 380
scottjehl/picturefill 381
cubiq/iscroll 382
playframework/playframework 383
WickyNilliams/headroom.js 384
androidannotations/androidannotations 385
nolimits4web/Framework7 386
DmitryBaranovskiy/raphael 387
amazeui/amazeui 388
erikras/react-redux-universal-hot-example 389
Carthage/Carthage 390
chrissimpkins/Hack 391
nicklockwood/iCarousel 392
SnapKit/SnapKit 393
gin-gonic/gin 394
tldr-pages/tldr 395
zeit/next.js 396
avajs/ava 397
sequelize/sequelize 398
react-bootstrap/react-bootstrap 399
vim-airline/vim-airline 400
phoenixframework/phoenix 401
sinatra/sinatra 402
CocoaLumberjack/CocoaLumberjack 403
WordPress/WordPress 404
bang590/JSPatch 405
fbsamples/f8app 406
JakeWharton/ViewPagerIndicator 407
drone/drone 408
fgnass/spin.js 409
equinusocio/material-theme 410
gabrielecirulli/2048 411
mysqljs/mysql 412
thomaspark/bootswatch 413
ruanyf/react-demos 414
afollestad/material-dialogs 415
FormidableLabs/webpack-dashboard 416
VincentGarreau/particles.js 417
jaywcjlove/awesome-mac 418
aymericdamien/TensorFlow-Examples 419
grpc/grpc 420
pockethub/PocketHub 421
pandas-dev/pandas 422
sdelements/lets-chat 423
guzzle/guzzle 424
Automattic/wp-calypso 425
ptmt/react-native-macos 426
uikit/uikit 427
hashicorp/consul 428
tesseract-ocr/tesseract 429
google/leveldb 430
thoughtbot/paperclip 431
Netflix/Hystrix 432
allenwong/30DaysofSwift 433
cockroachdb/cockroach 434
vim/vim 435
localForage/localForage 436
NUKnightLab/TimelineJS 437
jessepollak/card 438
HubSpot/youmightnotneedjquery 439
ericelliott/essential-javascript-links 440
pouchdb/pouchdb 441
Bilibili/flv.js 442
lgvalle/Material-Animations 443
BrowserSync/browser-sync 444
storybooks/react-storybook 445
onevcat/VVDocumenter-Xcode 446
binux/pyspider 447
strongloop/loopback 448
stedolan/jq 449
rollup/rollup 450
irungentoo/toxcore 451
JuliaLang/julia 452
hackiftekhar/IQKeyboardManager 453
nickbutcher/plaid 454
fabric/fabric 455
spree/spree 456
ElemeFE/element 457
facebook/folly 458
nsqio/nsq 459
airbnb/enzyme 460
karma-runner/karma 461
amix/vimrc 462
carhartl/jquery-cookie 463
FreeCodeCampChina/freecodecamp.cn 464
buunguyen/octotree 465
janpaepke/ScrollMagic 466
roots/sage 467
mgonto/restangular 468
imakewebthings/waypoints 469
ViccAlexander/Chameleon 470
robbiehanson/CocoaAsyncSocket 471
dmlc/mxnet 472
daylerees/colour-schemes 473
phacility/phabricator 474
marcuswestin/WebViewJavascriptBridge 475
knockout/knockout 476
kevinzhow/PNChart 477
google/styleguide 478
prometheus/prometheus 479
Blankj/AndroidUtilCode 480
jgm/pandoc 481
maxwellito/vivus 482
thoughtbot/bourbon 483
facebook/jest 484
gorhill/uBlock 485
gollum/gollum 486
metafizzy/isotope 487
sahat/satellizer 488
aFarkas/html5shiv 489
chrisbanes/Android-PullToRefresh 490
revel/revel 491
shadowsocks/shadowsocks-windows 492
sqlmapproject/sqlmap 493
sindresorhus/pageres 494
facebook/relay 495
Rochester-NRT/RocAlphaGo 496
chrisaljoudi/uBlock 497
systemjs/systemjs 498
oneuijs/You-Dont-Need-jQuery 499
navasmdc/MaterialDesignLibrary 500
ruby-grape/grape 501
facebook/osquery 502
kesenhoo/android-training-course-in-chinese 503
stylus/stylus 504
alsotang/node-lessons 505
begriffs/postgrest 506
ReactiveX/RxSwift 507
apenwarr/sshuttle 508
davezuko/react-redux-starter-kit 509
alibaba/fastjson 510
gatsbyjs/gatsby 511
chenglou/react-motion 512
nagadomi/waifu2x 513
arasatasaygin/is.js 514
niklasvh/html2canvas 515
resque/resque 516
vim-syntastic/syntastic 517
rapid7/metasploit-framework 518
scala/scala 519
guillaumepotier/Parsley.js 520
hacksalot/HackMyResume 521
phalcon/cphalcon 522
android10/Android-CleanArchitecture 523
teamcapybara/capybara 524
joewalnes/websocketd 525
google/gson 526
javve/list.js 527
Tencent/mars 528
so-fancy/diff-so-fancy 529
harthur/brain 530
ccampbell/mousetrap 531
dzenbot/DZNEmptyDataSet 532
HannahMitt/HomeMirror 533
facebook/Shimmer 534
handsontable/handsontable 535
godotengine/godot 536
HubSpot/offline 537
thedillonb/CodeHub 538
afaqurk/linux-dash 539
Tencent/tinker 540
tj/co 541
Grouper/FlatUIKit 542
alexjc/neural-doodle 543
basecamp/trix 544
paperjs/paper.js 545
kamens/jQuery-menu-aim 546
jordansissel/fpm 547
developit/preact 548
JakeWharton/ActionBarSherlock 549
goldfire/howler.js 550
crystal-lang/crystal 551
slackhq/SlackTextViewController 552
dotnet/coreclr 553
hapijs/hapi 554
WhisperSystems/Signal-Android 555
MrRio/jsPDF 556
saltstack/salt 557
matryer/bitbar 558
Flipboard/FLEX 559
junegunn/fzf 560
google/flatbuffers 561
rwaldron/johnny-five 562
Matt-Esch/virtual-dom 563
kangax/fabric.js 564
daimajia/AndroidSwipeLayout 565
OpenEmu/OpenEmu 566
jquery-validation/jquery-validation 567
bbatsov/rubocop 568
marmelab/gremlins.js 569
qrohlf/trianglify 570
mishoo/UglifyJS 571
ejci/favico.js 572
NodeRedis/node_redis 573
fxsjy/jieba 574
tomchristie/django-rest-framework 575
path/FastImageCache 576
carrierwaveuploader/carrierwave 577
rstacruz/jquery.transit 578
mrmrs/colors 579
nodemailer/nodemailer 580
chinchang/hint.css 581
Netflix/falcor 582
TTTAttributedLabel/TTTAttributedLabel 583
alibaba/dubbo 584
onevcat/Kingfisher 585
Automattic/_s 586
ruanyf/jstraining 587
carlhuda/janus 588
mobxjs/mobx 589
mitmproxy/mitmproxy 590
yudai/gotty 591
danialfarid/ng-file-upload 592
liaohuqiu/android-Ultra-Pull-To-Refresh 593
tj/commander.js 594
mperham/sidekiq 595
google/traceur-compiler 596
dthree/cash 597
eczarny/spectacle 598
swagger-api/swagger-ui 599
activeadmin/activeadmin 600
ConnorAtherton/loaders.css 601
marionettejs/backbone.marionette 602
lhorie/mithril.js 603
forkingdog/UITableView-FDTemplateLayoutCell 604
fish-shell/fish-shell 605
angular/angular-cli 606
NetEase/pomelo 607
angular/material2 608
tmpvar/jsdom 609
phanan/koel 610
google/grumpy 611
kkga/spacegray 612
chriso/validator.js 613
jshint/jshint 614
ksoichiro/Android-ObservableScrollView 615
googlesamples/android-UniversalMusicPlayer 616
FredrikNoren/ungit 617
donnemartin/data-science-ipython-notebooks 618
mwaterfall/MWPhotoBrowser 619
realm/realm-java 620
JetBrains/kotlin 621
hashicorp/terraform 622
facebook/rocksdb 623
powerline/powerline 624
GoogleChrome/lighthouse 625
elastic/logstash 626
google/WebFundamentals 627
CosmicMind/Material 628
jacomyal/sigma.js 629
mxcl/PromiseKit 630
dotnet/roslyn 631
ramda/ramda 632
cakephp/cakephp 633
senchalabs/connect 634
docker/kitematic 635
Compass/compass 636
winstonjs/winston 637
javan/whenever 638
NodeBB/NodeBB 639
purifycss/purifycss 640
eslint/eslint 641
relax/relax 642
piwik/piwik 643
mozilla-mobile/firefox-ios 644
matthieua/WOW 645
mikepenz/MaterialDrawer 646
buger/goreplay 647
gaearon/redux-devtools 648
mailpile/Mailpile 649
mailcheck/mailcheck 650
romaonthego/RESideMenu 651
clojure/clojurescript 652
AngularClass/angular2-webpack-starter 653
Aufree/trip-to-iOS 654
hakimel/Ladda 655
mozilla/BrowserQuest 656
Famous/famous 657
mxgmn/WaveFunctionCollapse 658
amsul/pickadate.js 659
Ramotion/animated-tab-bar 660
facebook/stetho 661
daimajia/AndroidViewAnimations 662
elastic/kibana 663
nicolargo/glances 664
pingcap/tidb 665
greenrobot/greenDAO 666
coreos/rkt 667
nodejitsu/node-http-proxy 668
CEWendel/SWTableViewCell 669
akka/akka 670
douglascrockford/JSON-js 671
FineUploader/fine-uploader 672
HubSpot/tether 673
facebookresearch/fastText 674
chmln/flatpickr 675
xing/wysihtml5 676
flightjs/flight 677
CRYTEK-CRYENGINE/CRYENGINE 678
iissnan/hexo-theme-next 679
ubuwaits/beautiful-web-type 680
facebook/yoga 681
getpelican/pelican 682
CoderMJLee/MJExtension 683
hpneo/gmaps 684
DrKLO/Telegram 685
fronteed/icheck 686
boot2docker/boot2docker 687
thejameskyle/the-super-tiny-compiler 688
connors/photon 689
winterbe/java8-tutorial 690
nosir/cleave.js 691
mozilla/metrics-graphics 692
dropbox/zxcvbn 693
c3js/c3 694
apple/swift-evolution 695
plataformatec/simple_form 696
shadowsocks/shadowsocks-android 697
dangrossman/bootstrap-daterangepicker 698
EnterpriseQualityCoding/FizzBuzzEnterpriseEdition 699
yyuu/pyenv 700
sitaramc/gitolite 701
shekhargulati/52-technologies-in-2016 702
facebook/SocketRocket 703
airyland/vux 704
karpathy/convnetjs 705
twitter/twemproxy 706
labstack/echo 707
reactjs/react-redux 708
sferik/rails_admin 709
chrisbanes/cheesesquare 710
seajs/seajs 711
justjavac/awesome-wechat-weapp 712
morrisjs/morris.js 713
paularmstrong/normalizr 714
fullcalendar/fullcalendar 715
jigish/slate 716
containous/traefik 717
arduino/Arduino 718
facebook/infer 719
torch/torch7 720
casperjs/casperjs 721
git-up/GitUp 722
lkzhao/Hero 723
cmusatyalab/openface 724
kaminari/kaminari 725
h2o/h2o 726
tuupola/jquery_lazyload 727
nswbmw/N-blog 728
angular/protractor 729
Mango/slideout 730
redux-saga/redux-saga 731
tmuxinator/tmuxinator 732
SignalR/SignalR 733
facebook/xctool 734
spotify/luigi 735
gaearon/react-hot-loader 736
jverkoey/nimbus 737
restify/node-restify 738
zurb/foundation-emails 739
mitchellh/packer 740
davatron5000/FitText.js 741
HelloZeroNet/ZeroNet 742
thoughtbot/guides 743
nlp-compromise/compromise 744
ducksboard/gridster.js 745
kataras/iris 746
ryanb/cancan 747
gitbucket/gitbucket 748
briangonzalez/jquery.adaptive-backgrounds.js 749
philc/vimium 750
FFmpeg/FFmpeg 751
google/agera 752
PureLayout/PureLayout 753
PowerShell/PowerShell 754
hashicorp/vault 755
CodeSeven/toastr 756
celery/celery 757
svg/svgo 758
witheve/Eve 759
omniauth/omniauth 760
braziljs/js-the-right-way 761
p-e-w/maybe 762
alexjc/neural-enhance 763
fatih/vim-go 764
facebook/nuclide 765
michaelvillar/dynamics.js 766
mail-in-a-box/mailinabox 767
mgcrea/angular-strap 768
sovereign/sovereign 769
dularion/streama 770
thebird/Swipe 771
clojure/clojure 772
tonymillion/Reachability 773
sbstjn/timesheet.js 774
charliesome/better_errors 775
cyclejs/cyclejs 776
angular-app/angular-app 777
jverdi/JVFloatLabeledTextField 778
eliangcs/http-prompt 779
zeroclipboard/zeroclipboard 780
mobile-shell/mosh 781
jhipster/generator-jhipster 782
rethinkdb/horizon 783
ether/etherpad-lite 784
desandro/imagesloaded 785
johnezang/JSONKit 786
Microsoft/ChakraCore 787
IFTTT/JazzHands 788
JedWatson/react-select 789
BlackrockDigital/startbootstrap 790
maxogden/art-of-node 791
jakiestfu/Snap.js 792
geeeeeeeeek/electronic-wechat 793
hdodenhof/CircleImageView 794
twitter/twemoji 795
attic-labs/noms 796
NaturalNode/natural 797
Homebrew/brew 798
antirez/disque 799
mleibman/SlickGrid 800
mutualmobile/MMDrawerController 801
deis/deis 802
libgit2/libgit2 803
akveo/blur-admin 804
mishoo/UglifyJS2 805
vladikoff/chromeos-apk 806
zwaldowski/BlocksKit 807
shutterstock/rickshaw 808
huluoyang/freecodecamp.cn 809
ibireme/YYText 810
jsonmodel/jsonmodel 811
odoo/odoo 812
omcljs/om 813
square/dagger 814
tmux/tmux 815
highcharts/highcharts 816
taye/interact.js 817
flynn/flynn 818
realm/SwiftLint 819
Quick/Quick 820
go-kit/kit 821
google/xi-editor 822
louischatriot/nedb 823
IBAnimatable/IBAnimatable 824
vurtun/nuklear 825
HubSpot/vex 826
CreateJS/EaselJS 827
robertdavidgraham/masscan 828
jsdoc3/jsdoc 829
aFarkas/lazysizes 830
plotly/plotly.js 831
FelisCatus/SwitchyOmega 832
koalaman/shellcheck 833
google/physical-web 834
dmlc/xgboost 835
boto/boto 836
memcached/memcached 837
nightwatchjs/nightwatch 838
astuetz/PagerSlidingTabStrip 839
uWebSockets/uWebSockets 840
pokeb/asi-http-request 841
coryhouse/react-slingshot 842
CachetHQ/Cachet 843
fogleman/primitive 844
umano/AndroidSlidingUpPanel 845
googlecreativelab/anypixel 846
mame/quine-relay 847
brunch/brunch 848
home-assistant/home-assistant 849
Bearded-Hen/Android-Bootstrap 850
novus/nvd3 851
yeoman/generator-angular 852
libuv/libuv 853
StackExchange/dapper-dot-net 854
mozilla/togetherjs 855
lra/mackup 856
ruanyf/es6tutorial 857
